{"obj": {"type": "AssignString", "path": ["monitoring", "9646187c", "hostname"], "value": "f205pc13"}, "version": 1, "at": 1714722915.611751}
{"obj": {"type": "AssignString", "path": ["monitoring", "9646187c", "pid"], "value": "13531"}, "version": 2, "at": 1714722915.6118915}
{"obj": {"type": "AssignString", "path": ["monitoring", "9646187c", "tid"], "value": "140419266433408"}, "version": 3, "at": 1714722915.6119707}
{"obj": {"type": "ClearStringLog", "path": ["monitoring", "9646187c", "stdout"]}, "version": 4, "at": 1714722915.6120448}
{"obj": {"type": "ClearStringLog", "path": ["monitoring", "9646187c", "stderr"]}, "version": 5, "at": 1714722915.6121073}
{"obj": {"type": "UploadFile", "path": ["source_code", "diff"], "ext": "patch", "file_path": null, "tmp_file_name": "source_code_diff-1714722915.658372-2024-05-03_09.55.15.658372.patch", "clean_after_upload": false}, "version": 6, "at": 1714722915.6588213}
{"obj": {"type": "ConfigFloatSeries", "path": ["monitoring", "9646187c", "cpu"], "min": 0.0, "max": 100.0, "unit": "%"}, "version": 7, "at": 1714722915.6658056}
{"obj": {"type": "ClearFloatLog", "path": ["monitoring", "9646187c", "cpu"]}, "version": 8, "at": 1714722915.6660354}
{"obj": {"type": "ConfigFloatSeries", "path": ["monitoring", "9646187c", "memory"], "min": 0.0, "max": 15.489360809326172, "unit": "GB"}, "version": 9, "at": 1714722915.6662095}
{"obj": {"type": "ClearFloatLog", "path": ["monitoring", "9646187c", "memory"]}, "version": 10, "at": 1714722915.6663322}
{"obj": {"type": "LogStrings", "path": ["monitoring", "9646187c", "stdout"], "values": [{"value": "[neptune] [warning] Info (NVML): NVML Shared Library Not Found. GPU usage metrics may not be reported. For more information, see https://docs.neptune.ai/help/nvml_error/\n", "step": null, "ts": 1714722915.666587}]}, "version": 11, "at": 1714722915.6666474}
{"obj": {"type": "LogFloats", "path": ["monitoring", "9646187c", "cpu"], "values": [{"value": 27.3, "step": null, "ts": 1714722915.6667948}]}, "version": 12, "at": 1714722915.66721}
{"obj": {"type": "LogFloats", "path": ["monitoring", "9646187c", "memory"], "values": [{"value": 5.585651397705078, "step": null, "ts": 1714722915.6667948}]}, "version": 13, "at": 1714722915.6673362}
{"obj": {"type": "LogStrings", "path": ["monitoring", "9646187c", "stderr"], "values": [{"value": "\rFetching file...: 0 [00:00, ?/s]", "step": null, "ts": 1714722915.8429508}]}, "version": 14, "at": 1714722915.8430228}
{"obj": {"type": "LogStrings", "path": ["monitoring", "9646187c", "stderr"], "values": [{"value": "", "step": null, "ts": 1714722915.9177577}]}, "version": 15, "at": 1714722915.9177942}
{"obj": {"type": "LogStrings", "path": ["monitoring", "9646187c", "stderr"], "values": [{"value": "\rFetching file...: 100%|\u2588\u2588\u2588\u2588\u2588\u2588\u2588\u2588\u2588\u2588\u2588\u2588\u2588\u2588\u2588\u2588\u2588\u2588\u2588\u2588\u2588\u2588\u2588\u2588\u2588\u2588\u2588\u2588\u2588\u2588\u2588\u2588\u2588\u2588\u2588\u2588\u2588\u2588\u2588\u2588\u2588\u2588\u2588\u2588\u2588\u2588\u2588\u2588\u2588\u2588\u2588\u2588\u2588\u2588\u2588\u2588\u2588\u2588\u2588\u2588\u2588\u2588\u2588\u2588\u2588\u2588\u2588\u2588\u2588\u2588\u2588\u2588\u2588\u2588\u2588\u2588\u2588\u2588\u2588\u2588\u2588\u2588\u2588\u2588\u2588\u2588\u2588\u2588\u2588\u2588\u2588\u2588\u2588\u2588\u2588\u2588\u2588\u2588| 2900373/2900373 [00:00<00:00, 38792838.02/s]", "step": null, "ts": 1714722915.9181516}]}, "version": 16, "at": 1714722915.918181}
{"obj": {"type": "LogStrings", "path": ["monitoring", "9646187c", "stderr"], "values": [{"value": "\n", "step": null, "ts": 1714722915.918302}]}, "version": 17, "at": 1714722915.9183207}
{"obj": {"type": "LogStrings", "path": ["monitoring", "9646187c", "stdout"], "values": [{"value": "\u001b[32mThe data is successfully fetched from Neptune.", "step": null, "ts": 1714722915.921702}]}, "version": 18, "at": 1714722915.9217238}
{"obj": {"type": "LogStrings", "path": ["monitoring", "9646187c", "stdout"], "values": [{"value": " ", "step": null, "ts": 1714722915.9218466}]}, "version": 19, "at": 1714722915.921863}
{"obj": {"type": "LogStrings", "path": ["monitoring", "9646187c", "stdout"], "values": [{"value": "\u001b[37m", "step": null, "ts": 1714722915.9219394}]}, "version": 20, "at": 1714722915.9219558}
{"obj": {"type": "LogStrings", "path": ["monitoring", "9646187c", "stdout"], "values": [{"value": "\n", "step": null, "ts": 1714722915.9220285}]}, "version": 21, "at": 1714722915.9220421}
{"obj": {"type": "LogStrings", "path": ["monitoring", "9646187c", "stdout"], "values": [{"value": "\u001b[32mThe data is successfully fetched from Neptune.", "step": null, "ts": 1714722916.0027053}]}, "version": 22, "at": 1714722916.0027864}
{"obj": {"type": "LogStrings", "path": ["monitoring", "9646187c", "stdout"], "values": [{"value": " ", "step": null, "ts": 1714722916.0032136}]}, "version": 23, "at": 1714722916.0032692}
{"obj": {"type": "LogStrings", "path": ["monitoring", "9646187c", "stdout"], "values": [{"value": "\u001b[37m", "step": null, "ts": 1714722916.0049007}]}, "version": 24, "at": 1714722916.0049675}
{"obj": {"type": "LogStrings", "path": ["monitoring", "9646187c", "stdout"], "values": [{"value": "\n", "step": null, "ts": 1714722916.0058496}]}, "version": 25, "at": 1714722916.0059183}
{"obj": {"type": "LogStrings", "path": ["monitoring", "9646187c", "stdout"], "values": [{"value": "Error loading model checkpoint", "step": null, "ts": 1714722916.7817054}]}, "version": 26, "at": 1714722916.781735}
{"obj": {"type": "LogStrings", "path": ["monitoring", "9646187c", "stdout"], "values": [{"value": "\n", "step": null, "ts": 1714722916.781848}]}, "version": 27, "at": 1714722916.7818627}
{"obj": {"type": "LogStrings", "path": ["monitoring", "9646187c", "stderr"], "values": [{"value": "\rTraining:   0%|                                                                                                                             | 0/100 [00:00<?, ?epoch/s]", "step": null, "ts": 1714722916.7839634}]}, "version": 28, "at": 1714722916.7839873}
{"obj": {"type": "LogFloats", "path": ["training", "losses", "Hidden Layer MSELoss (size = 4096)"], "values": [{"value": 930274.875, "step": null, "ts": 1714722919.151191}]}, "version": 29, "at": 1714722919.1514752}
{"obj": {"type": "LogFloats", "path": ["training", "losses", "Hidden Layer MSELoss (size = 1024)"], "values": [{"value": 359714.15625, "step": null, "ts": 1714722919.1515915}]}, "version": 30, "at": 1714722919.1517103}
{"obj": {"type": "LogFloats", "path": ["training", "losses", "Hidden Layer MSELoss (size = 512)"], "values": [{"value": 185564.59375, "step": null, "ts": 1714722919.1517894}]}, "version": 31, "at": 1714722919.151896}
{"obj": {"type": "LogFloats", "path": ["training", "losses", "Hidden Layer MSELoss (size = 256)"], "values": [{"value": 88200.4296875, "step": null, "ts": 1714722919.151962}]}, "version": 32, "at": 1714722919.1520586}
{"obj": {"type": "LogFloats", "path": ["training", "losses", "MSELoss"], "values": [{"value": 390938.5, "step": null, "ts": 1714722919.1521244}]}, "version": 33, "at": 1714722919.1522167}
{"obj": {"type": "UploadFile", "path": ["training", "checkpoints", "chkpt_epoch_0"], "ext": "pth", "file_path": "/tmp/tmp1rm7ks8c.pth", "tmp_file_name": null, "clean_after_upload": false}, "version": 34, "at": 1714722919.491968}
{"obj": {"type": "LogStrings", "path": ["monitoring", "9646187c", "stdout"], "values": [{"value": "\u001b[32mThe data are successfully loaded to Neptune.\u001b[37m", "step": null, "ts": 1714722919.4925516}]}, "version": 35, "at": 1714722919.4926195}
{"obj": {"type": "LogStrings", "path": ["monitoring", "9646187c", "stdout"], "values": [{"value": "\n", "step": null, "ts": 1714722919.4930809}]}, "version": 36, "at": 1714722919.4931312}
{"obj": {"type": "LogStrings", "path": ["monitoring", "9646187c", "stderr"], "values": [{"value": "\rTraining:   1%|\u2588\u258f                                                                                                                   | 1/100 [00:02<04:28,  2.71s/epoch]", "step": null, "ts": 1714722919.4954875}]}, "version": 37, "at": 1714722919.4955485}
{"obj": {"type": "LogStrings", "path": ["monitoring", "9646187c", "stdout"], "values": [{"value": "\u001b[32mThe checkpoint is successfully logged to Neptune.", "step": null, "ts": 1714722919.4963167}]}, "version": 38, "at": 1714722919.4963784}
{"obj": {"type": "LogStrings", "path": ["monitoring", "9646187c", "stdout"], "values": [{"value": " ", "step": null, "ts": 1714722919.496674}]}, "version": 39, "at": 1714722919.4967198}
{"obj": {"type": "LogStrings", "path": ["monitoring", "9646187c", "stdout"], "values": [{"value": "\u001b[37m", "step": null, "ts": 1714722919.4969532}]}, "version": 40, "at": 1714722919.4970036}
{"obj": {"type": "LogStrings", "path": ["monitoring", "9646187c", "stdout"], "values": [{"value": "\n", "step": null, "ts": 1714722919.4972222}]}, "version": 41, "at": 1714722919.4972606}
{"obj": {"type": "LogStrings", "path": ["monitoring", "9646187c", "stderr"], "values": [{"value": "", "step": null, "ts": 1714722922.9110663}]}, "version": 42, "at": 1714722922.9110966}
{"obj": {"type": "LogStrings", "path": ["monitoring", "9646187c", "stderr"], "values": [{"value": "\rTraining:   1%|\u2588\u258f                                                                                                                   | 1/100 [00:06<10:06,  6.13s/epoch]", "step": null, "ts": 1714722922.9112632}]}, "version": 43, "at": 1714722922.9112775}
{"obj": {"type": "LogStrings", "path": ["monitoring", "9646187c", "stderr"], "values": [{"value": "\n", "step": null, "ts": 1714722922.9116418}]}, "version": 44, "at": 1714722922.9116669}
{"obj": {"type": "LogStrings", "path": ["monitoring", "9646187c", "traceback"], "values": [{"value": "An uncaught exception occurred while run was active on worker f205pc13.", "step": null, "ts": 1714722922.9123483}, {"value": "Marking run as failed", "step": null, "ts": 1714722922.9123483}, {"value": "Traceback:", "step": null, "ts": 1714722922.9123483}, {"value": "  File \"/home/bimokhtari1/Documents/Image-Clustering-Based-on-Node-Edge-Duality-Message-Passing-Using-Graph-Attention-Networks/src/scripts/igmp_trainer.py\", line 33, in <module>\n    igmp_trainer(**config)\n", "step": null, "ts": 1714722922.9123483}, {"value": "  File \"/home/bimokhtari1/Documents/Image-Clustering-Based-on-Node-Edge-Duality-Message-Passing-Using-Graph-Attention-Networks/models/training/trainer.py\", line 175, in image_gat_mp_trainer\n    overall_loss.backward()\n", "step": null, "ts": 1714722922.9123483}, {"value": "  File \"/home/bimokhtari1/anaconda3/lib/python3.11/site-packages/torch/_tensor.py\", line 522, in backward\n    torch.autograd.backward(\n", "step": null, "ts": 1714722922.9123483}, {"value": "  File \"/home/bimokhtari1/anaconda3/lib/python3.11/site-packages/torch/autograd/__init__.py\", line 266, in backward\n    Variable._execution_engine.run_backward(  # Calls into the C++ engine to run the backward pass\n", "step": null, "ts": 1714722922.9123483}, {"value": "", "step": null, "ts": 1714722922.9123483}]}, "version": 45, "at": 1714722922.9123712}
{"obj": {"type": "AssignBool", "path": ["sys", "failed"], "value": true}, "version": 46, "at": 1714722922.9124813}
{"obj": {"type": "LogStrings", "path": ["monitoring", "9646187c", "stderr"], "values": [{"value": "", "step": null, "ts": 1714722922.912567}]}, "version": 47, "at": 1714722922.9125788}
{"obj": {"type": "LogStrings", "path": ["monitoring", "9646187c", "stderr"], "values": [{"value": "Traceback (most recent call last):\n", "step": null, "ts": 1714722922.9126785}]}, "version": 48, "at": 1714722922.9126904}
{"obj": {"type": "LogStrings", "path": ["monitoring", "9646187c", "stderr"], "values": [{"value": "", "step": null, "ts": 1714722922.9127526}]}, "version": 49, "at": 1714722922.9127629}
{"obj": {"type": "LogStrings", "path": ["monitoring", "9646187c", "stderr"], "values": [{"value": "  File \"/home/bimokhtari1/Documents/Image-Clustering-Based-on-Node-Edge-Duality-Message-Passing-Using-Graph-Attention-Networks/src/scripts/igmp_trainer.py\", line 33, in <module>\n", "step": null, "ts": 1714722922.9128795}]}, "version": 50, "at": 1714722922.9128897}
{"obj": {"type": "LogStrings", "path": ["monitoring", "9646187c", "stderr"], "values": [{"value": "", "step": null, "ts": 1714722922.9130712}]}, "version": 51, "at": 1714722922.913108}
{"obj": {"type": "LogStrings", "path": ["monitoring", "9646187c", "stderr"], "values": [{"value": "    ", "step": null, "ts": 1714722922.9131682}]}, "version": 52, "at": 1714722922.913178}
{"obj": {"type": "LogStrings", "path": ["monitoring", "9646187c", "stderr"], "values": [{"value": "igmp_trainer(**config)", "step": null, "ts": 1714722922.9134045}]}, "version": 53, "at": 1714722922.913415}
{"obj": {"type": "LogStrings", "path": ["monitoring", "9646187c", "stderr"], "values": [{"value": "\n", "step": null, "ts": 1714722922.9136305}]}, "version": 54, "at": 1714722922.9136403}
{"obj": {"type": "LogStrings", "path": ["monitoring", "9646187c", "stderr"], "values": [{"value": "", "step": null, "ts": 1714722922.9137309}]}, "version": 55, "at": 1714722922.9137404}
{"obj": {"type": "LogStrings", "path": ["monitoring", "9646187c", "stderr"], "values": [{"value": "  File \"/home/bimokhtari1/Documents/Image-Clustering-Based-on-Node-Edge-Duality-Message-Passing-Using-Graph-Attention-Networks/models/training/trainer.py\", line 175, in image_gat_mp_trainer\n", "step": null, "ts": 1714722922.91392}]}, "version": 56, "at": 1714722922.9139295}
{"obj": {"type": "LogStrings", "path": ["monitoring", "9646187c", "stderr"], "values": [{"value": "", "step": null, "ts": 1714722922.9140234}]}, "version": 57, "at": 1714722922.914033}
{"obj": {"type": "LogStrings", "path": ["monitoring", "9646187c", "stderr"], "values": [{"value": "    ", "step": null, "ts": 1714722922.9141858}]}, "version": 58, "at": 1714722922.9141955}
{"obj": {"type": "LogStrings", "path": ["monitoring", "9646187c", "stderr"], "values": [{"value": "overall_loss.backward()", "step": null, "ts": 1714722922.9143944}]}, "version": 59, "at": 1714722922.914405}
{"obj": {"type": "LogStrings", "path": ["monitoring", "9646187c", "stderr"], "values": [{"value": "\n", "step": null, "ts": 1714722922.9144673}]}, "version": 60, "at": 1714722922.9144778}
{"obj": {"type": "LogStrings", "path": ["monitoring", "9646187c", "stderr"], "values": [{"value": "", "step": null, "ts": 1714722922.9145389}]}, "version": 61, "at": 1714722922.91455}
{"obj": {"type": "LogStrings", "path": ["monitoring", "9646187c", "stderr"], "values": [{"value": "  File \"/home/bimokhtari1/anaconda3/lib/python3.11/site-packages/torch/_tensor.py\", line 522, in backward\n", "step": null, "ts": 1714722922.9146106}]}, "version": 62, "at": 1714722922.914623}
{"obj": {"type": "LogStrings", "path": ["monitoring", "9646187c", "stderr"], "values": [{"value": "", "step": null, "ts": 1714722922.914856}]}, "version": 63, "at": 1714722922.9148734}
{"obj": {"type": "LogStrings", "path": ["monitoring", "9646187c", "stderr"], "values": [{"value": "    ", "step": null, "ts": 1714722922.9149764}]}, "version": 64, "at": 1714722922.9149904}
{"obj": {"type": "LogStrings", "path": ["monitoring", "9646187c", "stdout"], "values": [{"value": "[neptune] [info   ] Shutting down background jobs, please wait a moment...\n", "step": null, "ts": 1714722922.915426}]}, "version": 65, "at": 1714722922.9154553}
{"obj": {"type": "LogStrings", "path": ["monitoring", "9646187c", "stderr"], "values": [{"value": "torch.autograd.backward(", "step": null, "ts": 1714722922.9161158}]}, "version": 66, "at": 1714722922.916158}
{"obj": {"type": "LogStrings", "path": ["monitoring", "9646187c", "stderr"], "values": [{"value": "\n", "step": null, "ts": 1714722922.9166253}]}, "version": 67, "at": 1714722922.916654}
{"obj": {"type": "LogStrings", "path": ["monitoring", "9646187c", "stderr"], "values": [{"value": "", "step": null, "ts": 1714722922.9167523}]}, "version": 68, "at": 1714722922.916768}
{"obj": {"type": "LogStrings", "path": ["monitoring", "9646187c", "stderr"], "values": [{"value": "  File \"/home/bimokhtari1/anaconda3/lib/python3.11/site-packages/torch/autograd/__init__.py\", line 266, in backward\n", "step": null, "ts": 1714722922.9168386}]}, "version": 69, "at": 1714722922.9168522}
{"obj": {"type": "LogStrings", "path": ["monitoring", "9646187c", "stderr"], "values": [{"value": "", "step": null, "ts": 1714722922.9169211}]}, "version": 70, "at": 1714722922.9169328}
{"obj": {"type": "LogStrings", "path": ["monitoring", "9646187c", "stderr"], "values": [{"value": "    ", "step": null, "ts": 1714722922.9169998}]}, "version": 71, "at": 1714722922.917013}
{"obj": {"type": "LogStrings", "path": ["monitoring", "9646187c", "stderr"], "values": [{"value": "Variable._execution_engine.run_backward(  # Calls into the C++ engine to run the backward pass", "step": null, "ts": 1714722922.917079}]}, "version": 72, "at": 1714722922.9170914}
{"obj": {"type": "LogStrings", "path": ["monitoring", "9646187c", "stderr"], "values": [{"value": "\n", "step": null, "ts": 1714722922.9171553}]}, "version": 73, "at": 1714722922.9171662}
{"obj": {"type": "LogStrings", "path": ["monitoring", "9646187c", "stderr"], "values": [{"value": "", "step": null, "ts": 1714722922.917292}]}, "version": 74, "at": 1714722922.9173036}
{"obj": {"type": "LogStrings", "path": ["monitoring", "9646187c", "stderr"], "values": [{"value": "KeyboardInterrupt", "step": null, "ts": 1714722922.9173632}]}, "version": 75, "at": 1714722922.9173734}
{"obj": {"type": "LogStrings", "path": ["monitoring", "9646187c", "stderr"], "values": [{"value": "", "step": null, "ts": 1714722922.9174297}]}, "version": 76, "at": 1714722922.9174397}
{"obj": {"type": "LogStrings", "path": ["monitoring", "9646187c", "stderr"], "values": [{"value": "\n", "step": null, "ts": 1714722922.9174953}]}, "version": 77, "at": 1714722922.9175055}
