{"obj": {"type": "AssignString", "path": ["monitoring", "1108f8a6", "hostname"], "value": "f205pc13"}, "version": 1, "at": 1714654230.6465495}
{"obj": {"type": "AssignString", "path": ["monitoring", "1108f8a6", "pid"], "value": "22438"}, "version": 2, "at": 1714654230.646806}
{"obj": {"type": "AssignString", "path": ["monitoring", "1108f8a6", "tid"], "value": "139948520038784"}, "version": 3, "at": 1714654230.6469283}
{"obj": {"type": "ClearStringLog", "path": ["monitoring", "1108f8a6", "stdout"]}, "version": 4, "at": 1714654230.6470234}
{"obj": {"type": "ClearStringLog", "path": ["monitoring", "1108f8a6", "stderr"]}, "version": 5, "at": 1714654230.6471002}
{"obj": {"type": "UploadFile", "path": ["source_code", "diff"], "ext": "patch", "file_path": null, "tmp_file_name": "source_code_diff-1714654230.690733-2024-05-02_14.50.30.690733.patch", "clean_after_upload": false}, "version": 6, "at": 1714654230.6908605}
{"obj": {"type": "LogStrings", "path": ["monitoring", "1108f8a6", "stdout"], "values": [{"value": "[neptune] [warning] Info (NVML): NVML Shared Library Not Found. GPU usage metrics may not be reported. For more information, see https://docs.neptune.ai/help/nvml_error/\n", "step": null, "ts": 1714654230.698986}]}, "version": 7, "at": 1714654230.699027}
{"obj": {"type": "ConfigFloatSeries", "path": ["monitoring", "1108f8a6", "cpu"], "min": 0.0, "max": 100.0, "unit": "%"}, "version": 8, "at": 1714654230.6996052}
{"obj": {"type": "ClearFloatLog", "path": ["monitoring", "1108f8a6", "cpu"]}, "version": 9, "at": 1714654230.6997745}
{"obj": {"type": "ConfigFloatSeries", "path": ["monitoring", "1108f8a6", "memory"], "min": 0.0, "max": 15.489364624023438, "unit": "GB"}, "version": 10, "at": 1714654230.6999025}
{"obj": {"type": "ClearFloatLog", "path": ["monitoring", "1108f8a6", "memory"]}, "version": 11, "at": 1714654230.6999552}
{"obj": {"type": "LogFloats", "path": ["monitoring", "1108f8a6", "cpu"], "values": [{"value": 46.4, "step": null, "ts": 1714654230.7001507}]}, "version": 12, "at": 1714654230.702341}
{"obj": {"type": "LogFloats", "path": ["monitoring", "1108f8a6", "memory"], "values": [{"value": 5.530609130859375, "step": null, "ts": 1714654230.7001507}]}, "version": 13, "at": 1714654230.7024858}
{"obj": {"type": "LogStrings", "path": ["monitoring", "1108f8a6", "stderr"], "values": [{"value": "\rFetching file...: 0 [00:00, ?/s]", "step": null, "ts": 1714654230.8727798}]}, "version": 14, "at": 1714654230.8728185}
{"obj": {"type": "LogStrings", "path": ["monitoring", "1108f8a6", "stderr"], "values": [{"value": "", "step": null, "ts": 1714654230.948473}]}, "version": 15, "at": 1714654230.9485407}
{"obj": {"type": "LogStrings", "path": ["monitoring", "1108f8a6", "stderr"], "values": [{"value": "\rFetching file...: 100%|\u2588\u2588\u2588\u2588\u2588\u2588\u2588\u2588\u2588\u2588\u2588\u2588\u2588\u2588\u2588\u2588\u2588\u2588\u2588\u2588\u2588\u2588\u2588\u2588\u2588\u2588\u2588\u2588\u2588\u2588\u2588\u2588\u2588\u2588\u2588\u2588\u2588\u2588\u2588\u2588\u2588\u2588\u2588\u2588\u2588\u2588\u2588\u2588\u2588\u2588\u2588\u2588\u2588\u2588\u2588\u2588\u2588\u2588\u2588\u2588\u2588\u2588\u2588\u2588\u2588\u2588\u2588\u2588\u2588\u2588\u2588\u2588\u2588\u2588\u2588\u2588\u2588\u2588\u2588\u2588\u2588\u2588\u2588\u2588\u2588\u2588\u2588\u2588\u2588\u2588| 2900373/2900373 [00:00<00:00, 38504535.94/s]", "step": null, "ts": 1714654230.9489784}]}, "version": 16, "at": 1714654230.9490345}
{"obj": {"type": "LogStrings", "path": ["monitoring", "1108f8a6", "stderr"], "values": [{"value": "\n", "step": null, "ts": 1714654230.949474}]}, "version": 17, "at": 1714654230.9495308}
{"obj": {"type": "LogStrings", "path": ["monitoring", "1108f8a6", "stdout"], "values": [{"value": "\u001b[32mThe data is successfully fetched from Neptune.", "step": null, "ts": 1714654230.955136}]}, "version": 18, "at": 1714654230.9551876}
{"obj": {"type": "LogStrings", "path": ["monitoring", "1108f8a6", "stdout"], "values": [{"value": " ", "step": null, "ts": 1714654230.9553938}]}, "version": 19, "at": 1714654230.9554255}
{"obj": {"type": "LogStrings", "path": ["monitoring", "1108f8a6", "stdout"], "values": [{"value": "\u001b[37m", "step": null, "ts": 1714654230.9556677}]}, "version": 20, "at": 1714654230.9557064}
{"obj": {"type": "LogStrings", "path": ["monitoring", "1108f8a6", "stdout"], "values": [{"value": "\n", "step": null, "ts": 1714654230.9558923}]}, "version": 21, "at": 1714654230.9559202}
{"obj": {"type": "LogStrings", "path": ["monitoring", "1108f8a6", "stdout"], "values": [{"value": "\u001b[32mThe data is successfully fetched from Neptune.", "step": null, "ts": 1714654231.04771}]}, "version": 22, "at": 1714654231.0477571}
{"obj": {"type": "LogStrings", "path": ["monitoring", "1108f8a6", "stdout"], "values": [{"value": " ", "step": null, "ts": 1714654231.048072}]}, "version": 23, "at": 1714654231.0481129}
{"obj": {"type": "LogStrings", "path": ["monitoring", "1108f8a6", "stdout"], "values": [{"value": "\u001b[37m", "step": null, "ts": 1714654231.0492325}]}, "version": 24, "at": 1714654231.0492754}
{"obj": {"type": "LogStrings", "path": ["monitoring", "1108f8a6", "stdout"], "values": [{"value": "\n", "step": null, "ts": 1714654231.049788}]}, "version": 25, "at": 1714654231.0498235}
{"obj": {"type": "LogStrings", "path": ["monitoring", "1108f8a6", "stderr"], "values": [{"value": "\rFetching file...: 0 [00:00, ?/s]", "step": null, "ts": 1714654232.1296577}]}, "version": 26, "at": 1714654232.129745}
{"obj": {"type": "LogStrings", "path": ["monitoring", "1108f8a6", "stderr"], "values": [{"value": "\rFetching file...:   6%|\u2588\u2588\u2588\u2588\u2588\u258d                                                                                  | 7340032/117599282 [00:00<00:01, 67766510.19/s]", "step": null, "ts": 1714654232.2379856}]}, "version": 27, "at": 1714654232.2380178}
{"obj": {"type": "LogStrings", "path": ["monitoring", "1108f8a6", "stderr"], "values": [{"value": "\rFetching file...:  16%|\u2588\u2588\u2588\u2588\u2588\u2588\u2588\u2588\u2588\u2588\u2588\u2588\u2588\u2589                                                                         | 18874368/117599282 [00:00<00:01, 94207034.35/s]", "step": null, "ts": 1714654232.3392565}]}, "version": 28, "at": 1714654232.3392985}
{"obj": {"type": "LogStrings", "path": ["monitoring", "1108f8a6", "stderr"], "values": [{"value": "\rFetching file...:  26%|\u2588\u2588\u2588\u2588\u2588\u2588\u2588\u2588\u2588\u2588\u2588\u2588\u2588\u2588\u2588\u2588\u2588\u2588\u2588\u2588\u2588\u2588\u258f                                                               | 30408704/117599282 [00:00<00:00, 103387592.37/s]", "step": null, "ts": 1714654232.4396646}]}, "version": 29, "at": 1714654232.439696}
{"obj": {"type": "LogStrings", "path": ["monitoring", "1108f8a6", "stderr"], "values": [{"value": "\rFetching file...:  35%|\u2588\u2588\u2588\u2588\u2588\u2588\u2588\u2588\u2588\u2588\u2588\u2588\u2588\u2588\u2588\u2588\u2588\u2588\u2588\u2588\u2588\u2588\u2588\u2588\u2588\u2588\u2588\u2588\u2588\u2588\u258e                                                        | 40894464/117599282 [00:00<00:00, 97145285.03/s]", "step": null, "ts": 1714654232.5576851}]}, "version": 30, "at": 1714654232.5577188}
{"obj": {"type": "LogStrings", "path": ["monitoring", "1108f8a6", "stderr"], "values": [{"value": "\rFetching file...:  45%|\u2588\u2588\u2588\u2588\u2588\u2588\u2588\u2588\u2588\u2588\u2588\u2588\u2588\u2588\u2588\u2588\u2588\u2588\u2588\u2588\u2588\u2588\u2588\u2588\u2588\u2588\u2588\u2588\u2588\u2588\u2588\u2588\u2588\u2588\u2588\u2588\u2588\u2588\u258e                                               | 52428800/117599282 [00:00<00:00, 102678476.61/s]", "step": null, "ts": 1714654232.660054}]}, "version": 31, "at": 1714654232.6601043}
{"obj": {"type": "LogStrings", "path": ["monitoring", "1108f8a6", "stderr"], "values": [{"value": "\rFetching file...:  54%|\u2588\u2588\u2588\u2588\u2588\u2588\u2588\u2588\u2588\u2588\u2588\u2588\u2588\u2588\u2588\u2588\u2588\u2588\u2588\u2588\u2588\u2588\u2588\u2588\u2588\u2588\u2588\u2588\u2588\u2588\u2588\u2588\u2588\u2588\u2588\u2588\u2588\u2588\u2588\u2588\u2588\u2588\u2588\u2588\u2588\u2588\u258a                                       | 63963136/117599282 [00:00<00:00, 106067500.98/s]", "step": null, "ts": 1714654232.762134}]}, "version": 32, "at": 1714654232.762183}
{"obj": {"type": "LogStrings", "path": ["monitoring", "1108f8a6", "stderr"], "values": [{"value": "\rFetching file...:  64%|\u2588\u2588\u2588\u2588\u2588\u2588\u2588\u2588\u2588\u2588\u2588\u2588\u2588\u2588\u2588\u2588\u2588\u2588\u2588\u2588\u2588\u2588\u2588\u2588\u2588\u2588\u2588\u2588\u2588\u2588\u2588\u2588\u2588\u2588\u2588\u2588\u2588\u2588\u2588\u2588\u2588\u2588\u2588\u2588\u2588\u2588\u2588\u2588\u2588\u2588\u2588\u2588\u2588\u2588\u2588\u258f                              | 75497472/117599282 [00:00<00:00, 107177644.48/s]", "step": null, "ts": 1714654232.867444}]}, "version": 33, "at": 1714654232.867488}
{"obj": {"type": "LogStrings", "path": ["monitoring", "1108f8a6", "stderr"], "values": [{"value": "\rFetching file...:  74%|\u2588\u2588\u2588\u2588\u2588\u2588\u2588\u2588\u2588\u2588\u2588\u2588\u2588\u2588\u2588\u2588\u2588\u2588\u2588\u2588\u2588\u2588\u2588\u2588\u2588\u2588\u2588\u2588\u2588\u2588\u2588\u2588\u2588\u2588\u2588\u2588\u2588\u2588\u2588\u2588\u2588\u2588\u2588\u2588\u2588\u2588\u2588\u2588\u2588\u2588\u2588\u2588\u2588\u2588\u2588\u2588\u2588\u2588\u2588\u2588\u2588\u2588\u2588\u2588\u258d                      | 87031808/117599282 [00:00<00:00, 95393866.10/s]", "step": null, "ts": 1714654233.015908}]}, "version": 34, "at": 1714654233.0159419}
{"obj": {"type": "LogStrings", "path": ["monitoring", "1108f8a6", "stderr"], "values": [{"value": "\rFetching file...:  83%|\u2588\u2588\u2588\u2588\u2588\u2588\u2588\u2588\u2588\u2588\u2588\u2588\u2588\u2588\u2588\u2588\u2588\u2588\u2588\u2588\u2588\u2588\u2588\u2588\u2588\u2588\u2588\u2588\u2588\u2588\u2588\u2588\u2588\u2588\u2588\u2588\u2588\u2588\u2588\u2588\u2588\u2588\u2588\u2588\u2588\u2588\u2588\u2588\u2588\u2588\u2588\u2588\u2588\u2588\u2588\u2588\u2588\u2588\u2588\u2588\u2588\u2588\u2588\u2588\u2588\u2588\u2588\u2588\u2588\u2588\u2588\u2588\u258f              | 97517568/117599282 [00:01<00:00, 87908249.16/s]", "step": null, "ts": 1714654233.1580822}]}, "version": 35, "at": 1714654233.1581647}
{"obj": {"type": "LogStrings", "path": ["monitoring", "1108f8a6", "stderr"], "values": [{"value": "\rFetching file...:  91%|\u2588\u2588\u2588\u2588\u2588\u2588\u2588\u2588\u2588\u2588\u2588\u2588\u2588\u2588\u2588\u2588\u2588\u2588\u2588\u2588\u2588\u2588\u2588\u2588\u2588\u2588\u2588\u2588\u2588\u2588\u2588\u2588\u2588\u2588\u2588\u2588\u2588\u2588\u2588\u2588\u2588\u2588\u2588\u2588\u2588\u2588\u2588\u2588\u2588\u2588\u2588\u2588\u2588\u2588\u2588\u2588\u2588\u2588\u2588\u2588\u2588\u2588\u2588\u2588\u2588\u2588\u2588\u2588\u2588\u2588\u2588\u2588\u2588\u2588\u2588\u2588\u2588\u2588\u258f       | 106954752/117599282 [00:01<00:00, 84624369.98/s]", "step": null, "ts": 1714654233.2801769}]}, "version": 36, "at": 1714654233.2802122}
{"obj": {"type": "LogStrings", "path": ["monitoring", "1108f8a6", "stderr"], "values": [{"value": "\rFetching file...:  99%|\u2588\u2588\u2588\u2588\u2588\u2588\u2588\u2588\u2588\u2588\u2588\u2588\u2588\u2588\u2588\u2588\u2588\u2588\u2588\u2588\u2588\u2588\u2588\u2588\u2588\u2588\u2588\u2588\u2588\u2588\u2588\u2588\u2588\u2588\u2588\u2588\u2588\u2588\u2588\u2588\u2588\u2588\u2588\u2588\u2588\u2588\u2588\u2588\u2588\u2588\u2588\u2588\u2588\u2588\u2588\u2588\u2588\u2588\u2588\u2588\u2588\u2588\u2588\u2588\u2588\u2588\u2588\u2588\u2588\u2588\u2588\u2588\u2588\u2588\u2588\u2588\u2588\u2588\u2588\u2588\u2588\u2588\u2588\u2588\u2588 | 116391936/117599282 [00:01<00:00, 84956709.25/s]", "step": null, "ts": 1714654233.3899174}]}, "version": 37, "at": 1714654233.3899488}
{"obj": {"type": "LogStrings", "path": ["monitoring", "1108f8a6", "stderr"], "values": [{"value": "", "step": null, "ts": 1714654233.622439}]}, "version": 38, "at": 1714654233.6225197}
{"obj": {"type": "LogStrings", "path": ["monitoring", "1108f8a6", "stderr"], "values": [{"value": "\rFetching file...: 100%|\u2588\u2588\u2588\u2588\u2588\u2588\u2588\u2588\u2588\u2588\u2588\u2588\u2588\u2588\u2588\u2588\u2588\u2588\u2588\u2588\u2588\u2588\u2588\u2588\u2588\u2588\u2588\u2588\u2588\u2588\u2588\u2588\u2588\u2588\u2588\u2588\u2588\u2588\u2588\u2588\u2588\u2588\u2588\u2588\u2588\u2588\u2588\u2588\u2588\u2588\u2588\u2588\u2588\u2588\u2588\u2588\u2588\u2588\u2588\u2588\u2588\u2588\u2588\u2588\u2588\u2588\u2588\u2588\u2588\u2588\u2588\u2588\u2588\u2588\u2588\u2588\u2588\u2588\u2588\u2588\u2588\u2588\u2588\u2588\u2588\u2588| 117599282/117599282 [00:01<00:00, 78796040.46/s]", "step": null, "ts": 1714654233.6236043}]}, "version": 39, "at": 1714654233.6236749}
{"obj": {"type": "LogStrings", "path": ["monitoring", "1108f8a6", "stderr"], "values": [{"value": "\n", "step": null, "ts": 1714654233.6254575}]}, "version": 40, "at": 1714654233.625557}
{"obj": {"type": "LogStrings", "path": ["monitoring", "1108f8a6", "stderr"], "values": [{"value": "\rTraining:   0%|                                                                                                                     | 0/100 [00:00<?, ?epoch/s]", "step": null, "ts": 1714654233.7335024}]}, "version": 41, "at": 1714654233.7335327}
{"obj": {"type": "LogFloats", "path": ["training", "losses", "Hidden Layer MSELoss (size = 4096)"], "values": [{"value": 889950.0625, "step": null, "ts": 1714654236.898502}]}, "version": 42, "at": 1714654236.898792}
{"obj": {"type": "LogFloats", "path": ["training", "losses", "Hidden Layer MSELoss (size = 1024)"], "values": [{"value": 336541.65625, "step": null, "ts": 1714654236.8989413}]}, "version": 43, "at": 1714654236.899035}
{"obj": {"type": "LogFloats", "path": ["training", "losses", "Hidden Layer MSELoss (size = 512)"], "values": [{"value": 149392.625, "step": null, "ts": 1714654236.899119}]}, "version": 44, "at": 1714654236.899193}
{"obj": {"type": "LogFloats", "path": ["training", "losses", "Hidden Layer MSELoss (size = 256)"], "values": [{"value": 95637.421875, "step": null, "ts": 1714654236.8992763}]}, "version": 45, "at": 1714654236.8993516}
{"obj": {"type": "LogFloats", "path": ["training", "losses", "MSELoss"], "values": [{"value": 367880.4375, "step": null, "ts": 1714654236.8994186}]}, "version": 46, "at": 1714654236.8994846}
{"obj": {"type": "LogStrings", "path": ["monitoring", "1108f8a6", "stderr"], "values": [{"value": "\rTraining:   1%|\u2588                                                                                                            | 1/100 [00:03<05:13,  3.17s/epoch]", "step": null, "ts": 1714654236.8998888}]}, "version": 47, "at": 1714654236.8999119}
{"obj": {"type": "LogFloats", "path": ["training", "losses", "Hidden Layer MSELoss (size = 4096)"], "values": [{"value": 864523.6875, "step": null, "ts": 1714654239.7371833}]}, "version": 48, "at": 1714654239.737359}
{"obj": {"type": "LogFloats", "path": ["training", "losses", "Hidden Layer MSELoss (size = 1024)"], "values": [{"value": 300853.375, "step": null, "ts": 1714654239.7374952}]}, "version": 49, "at": 1714654239.7375824}
{"obj": {"type": "LogFloats", "path": ["training", "losses", "Hidden Layer MSELoss (size = 512)"], "values": [{"value": 145804.28125, "step": null, "ts": 1714654239.7376637}]}, "version": 50, "at": 1714654239.7377496}
{"obj": {"type": "LogFloats", "path": ["training", "losses", "Hidden Layer MSELoss (size = 256)"], "values": [{"value": 88738.6015625, "step": null, "ts": 1714654239.737826}]}, "version": 51, "at": 1714654239.7378974}
{"obj": {"type": "LogFloats", "path": ["training", "losses", "MSELoss"], "values": [{"value": 349979.96875, "step": null, "ts": 1714654239.7379715}]}, "version": 52, "at": 1714654239.7380393}
{"obj": {"type": "LogStrings", "path": ["monitoring", "1108f8a6", "stderr"], "values": [{"value": "\rTraining:   2%|\u2588\u2588\u258f                                                                                                          | 2/100 [00:06<04:51,  2.97s/epoch]", "step": null, "ts": 1714654239.7385201}]}, "version": 53, "at": 1714654239.7385452}
{"obj": {"type": "LogFloats", "path": ["monitoring", "1108f8a6", "cpu"], "values": [{"value": 81.0, "step": null, "ts": 1714654240.7026584}]}, "version": 54, "at": 1714654240.7029996}
{"obj": {"type": "LogFloats", "path": ["monitoring", "1108f8a6", "memory"], "values": [{"value": 7.991550445556641, "step": null, "ts": 1714654240.7026584}]}, "version": 55, "at": 1714654240.7039905}
{"obj": {"type": "LogFloats", "path": ["training", "losses", "Hidden Layer MSELoss (size = 4096)"], "values": [{"value": 839237.375, "step": null, "ts": 1714654242.976014}]}, "version": 56, "at": 1714654242.9762368}
{"obj": {"type": "LogFloats", "path": ["training", "losses", "Hidden Layer MSELoss (size = 1024)"], "values": [{"value": 254233.203125, "step": null, "ts": 1714654242.9764338}]}, "version": 57, "at": 1714654242.9765532}
{"obj": {"type": "LogFloats", "path": ["training", "losses", "Hidden Layer MSELoss (size = 512)"], "values": [{"value": 132800.3125, "step": null, "ts": 1714654242.9767947}]}, "version": 58, "at": 1714654242.9769168}
{"obj": {"type": "LogFloats", "path": ["training", "losses", "Hidden Layer MSELoss (size = 256)"], "values": [{"value": 77626.25, "step": null, "ts": 1714654242.9772778}]}, "version": 59, "at": 1714654242.9774575}
{"obj": {"type": "LogFloats", "path": ["training", "losses", "MSELoss"], "values": [{"value": 325974.3125, "step": null, "ts": 1714654242.9775715}]}, "version": 60, "at": 1714654242.9776564}
{"obj": {"type": "LogStrings", "path": ["monitoring", "1108f8a6", "stderr"], "values": [{"value": "\rTraining:   3%|\u2588\u2588\u2588\u258e                                                                                                         | 3/100 [00:09<05:00,  3.09s/epoch]", "step": null, "ts": 1714654242.9782264}]}, "version": 61, "at": 1714654242.9782696}
{"obj": {"type": "LogFloats", "path": ["training", "losses", "Hidden Layer MSELoss (size = 4096)"], "values": [{"value": 850577.375, "step": null, "ts": 1714654245.851876}]}, "version": 62, "at": 1714654245.852024}
{"obj": {"type": "LogFloats", "path": ["training", "losses", "Hidden Layer MSELoss (size = 1024)"], "values": [{"value": 213587.875, "step": null, "ts": 1714654245.8528733}]}, "version": 63, "at": 1714654245.8529596}
{"obj": {"type": "LogFloats", "path": ["training", "losses", "Hidden Layer MSELoss (size = 512)"], "values": [{"value": 108359.984375, "step": null, "ts": 1714654245.8530428}]}, "version": 64, "at": 1714654245.8531144}
{"obj": {"type": "LogFloats", "path": ["training", "losses", "Hidden Layer MSELoss (size = 256)"], "values": [{"value": 71204.109375, "step": null, "ts": 1714654245.85319}]}, "version": 65, "at": 1714654245.8532724}
{"obj": {"type": "LogFloats", "path": ["training", "losses", "MSELoss"], "values": [{"value": 310932.34375, "step": null, "ts": 1714654245.853341}]}, "version": 66, "at": 1714654245.8534038}
{"obj": {"type": "LogStrings", "path": ["monitoring", "1108f8a6", "stderr"], "values": [{"value": "\rTraining:   4%|\u2588\u2588\u2588\u2588\u258e                                                                                                        | 4/100 [00:12<04:48,  3.01s/epoch]", "step": null, "ts": 1714654245.8540237}]}, "version": 67, "at": 1714654245.8540523}
{"obj": {"type": "LogFloats", "path": ["training", "losses", "Hidden Layer MSELoss (size = 4096)"], "values": [{"value": 846418.8125, "step": null, "ts": 1714654248.9820893}]}, "version": 68, "at": 1714654248.9822495}
{"obj": {"type": "LogFloats", "path": ["training", "losses", "Hidden Layer MSELoss (size = 1024)"], "values": [{"value": 203236.703125, "step": null, "ts": 1714654248.982392}]}, "version": 69, "at": 1714654248.9824638}
{"obj": {"type": "LogFloats", "path": ["training", "losses", "Hidden Layer MSELoss (size = 512)"], "values": [{"value": 108283.96875, "step": null, "ts": 1714654248.9825344}]}, "version": 70, "at": 1714654248.9825954}
{"obj": {"type": "LogFloats", "path": ["training", "losses", "Hidden Layer MSELoss (size = 256)"], "values": [{"value": 66801.90625, "step": null, "ts": 1714654248.9826665}]}, "version": 71, "at": 1714654248.9827244}
{"obj": {"type": "LogFloats", "path": ["training", "losses", "MSELoss"], "values": [{"value": 306185.34375, "step": null, "ts": 1714654248.9827878}]}, "version": 72, "at": 1714654248.9828448}
{"obj": {"type": "LogStrings", "path": ["monitoring", "1108f8a6", "stderr"], "values": [{"value": "\rTraining:   5%|\u2588\u2588\u2588\u2588\u2588\u258d                                                                                                       | 5/100 [00:15<04:49,  3.05s/epoch]", "step": null, "ts": 1714654248.9834516}]}, "version": 73, "at": 1714654248.9834766}
{"obj": {"type": "LogFloats", "path": ["monitoring", "1108f8a6", "cpu"], "values": [{"value": 99.5, "step": null, "ts": 1714654250.7042556}]}, "version": 74, "at": 1714654250.704587}
{"obj": {"type": "LogFloats", "path": ["monitoring", "1108f8a6", "memory"], "values": [{"value": 7.884868621826172, "step": null, "ts": 1714654250.7042556}]}, "version": 75, "at": 1714654250.7047293}
{"obj": {"type": "LogFloats", "path": ["training", "losses", "Hidden Layer MSELoss (size = 4096)"], "values": [{"value": 836469.375, "step": null, "ts": 1714654251.7645624}]}, "version": 76, "at": 1714654251.7647297}
{"obj": {"type": "LogFloats", "path": ["training", "losses", "Hidden Layer MSELoss (size = 1024)"], "values": [{"value": 168835.59375, "step": null, "ts": 1714654251.764861}]}, "version": 77, "at": 1714654251.7649345}
{"obj": {"type": "LogFloats", "path": ["training", "losses", "Hidden Layer MSELoss (size = 512)"], "values": [{"value": 103802.2890625, "step": null, "ts": 1714654251.7650058}]}, "version": 78, "at": 1714654251.765069}
{"obj": {"type": "LogFloats", "path": ["training", "losses", "Hidden Layer MSELoss (size = 256)"], "values": [{"value": 66011.3828125, "step": null, "ts": 1714654251.7651358}]}, "version": 79, "at": 1714654251.7651956}
{"obj": {"type": "LogFloats", "path": ["training", "losses", "MSELoss"], "values": [{"value": 293779.65625, "step": null, "ts": 1714654251.7652597}]}, "version": 80, "at": 1714654251.765333}
{"obj": {"type": "LogStrings", "path": ["monitoring", "1108f8a6", "stderr"], "values": [{"value": "\rTraining:   6%|\u2588\u2588\u2588\u2588\u2588\u2588\u258c                                                                                                      | 6/100 [00:18<04:38,  2.96s/epoch]", "step": null, "ts": 1714654251.7657542}]}, "version": 81, "at": 1714654251.7657778}
{"obj": {"type": "LogFloats", "path": ["training", "losses", "Hidden Layer MSELoss (size = 4096)"], "values": [{"value": 822453.75, "step": null, "ts": 1714654254.6803725}]}, "version": 82, "at": 1714654254.6805336}
{"obj": {"type": "LogFloats", "path": ["training", "losses", "Hidden Layer MSELoss (size = 1024)"], "values": [{"value": 141619.75, "step": null, "ts": 1714654254.6806996}]}, "version": 83, "at": 1714654254.6807792}
{"obj": {"type": "LogFloats", "path": ["training", "losses", "Hidden Layer MSELoss (size = 512)"], "values": [{"value": 99408.015625, "step": null, "ts": 1714654254.680854}]}, "version": 84, "at": 1714654254.6809208}
{"obj": {"type": "LogFloats", "path": ["training", "losses", "Hidden Layer MSELoss (size = 256)"], "values": [{"value": 62677.7890625, "step": null, "ts": 1714654254.6809895}]}, "version": 85, "at": 1714654254.6810544}
{"obj": {"type": "LogFloats", "path": ["training", "losses", "MSELoss"], "values": [{"value": 281539.8125, "step": null, "ts": 1714654254.6811233}]}, "version": 86, "at": 1714654254.681186}
{"obj": {"type": "LogStrings", "path": ["monitoring", "1108f8a6", "stderr"], "values": [{"value": "\rTraining:   7%|\u2588\u2588\u2588\u2588\u2588\u2588\u2588\u258b                                                                                                     | 7/100 [00:20<04:33,  2.95s/epoch]", "step": null, "ts": 1714654254.6817946}]}, "version": 87, "at": 1714654254.6818242}
{"obj": {"type": "LogFloats", "path": ["training", "losses", "Hidden Layer MSELoss (size = 4096)"], "values": [{"value": 809772.0, "step": null, "ts": 1714654257.517565}]}, "version": 88, "at": 1714654257.5177183}
{"obj": {"type": "LogFloats", "path": ["training", "losses", "Hidden Layer MSELoss (size = 1024)"], "values": [{"value": 123647.3203125, "step": null, "ts": 1714654257.517859}]}, "version": 89, "at": 1714654257.5179439}
{"obj": {"type": "LogFloats", "path": ["training", "losses", "Hidden Layer MSELoss (size = 512)"], "values": [{"value": 97732.1875, "step": null, "ts": 1714654257.518027}]}, "version": 90, "at": 1714654257.5180995}
{"obj": {"type": "LogFloats", "path": ["training", "losses", "Hidden Layer MSELoss (size = 256)"], "values": [{"value": 58176.890625, "step": null, "ts": 1714654257.518176}]}, "version": 91, "at": 1714654257.518245}
{"obj": {"type": "LogFloats", "path": ["training", "losses", "MSELoss"], "values": [{"value": 272332.09375, "step": null, "ts": 1714654257.518318}]}, "version": 92, "at": 1714654257.518386}
{"obj": {"type": "LogStrings", "path": ["monitoring", "1108f8a6", "stderr"], "values": [{"value": "\rTraining:   8%|\u2588\u2588\u2588\u2588\u2588\u2588\u2588\u2588\u258b                                                                                                    | 8/100 [00:23<04:27,  2.91s/epoch]", "step": null, "ts": 1714654257.5188541}]}, "version": 93, "at": 1714654257.518882}
{"obj": {"type": "LogFloats", "path": ["monitoring", "1108f8a6", "cpu"], "values": [{"value": 99.7, "step": null, "ts": 1714654260.7048798}]}, "version": 94, "at": 1714654260.7052038}
{"obj": {"type": "LogFloats", "path": ["monitoring", "1108f8a6", "memory"], "values": [{"value": 7.437629699707031, "step": null, "ts": 1714654260.7048798}]}, "version": 95, "at": 1714654260.7053337}
{"obj": {"type": "LogStrings", "path": ["monitoring", "1108f8a6", "stderr"], "values": [{"value": "", "step": null, "ts": 1714654260.9376853}]}, "version": 96, "at": 1714654260.9377127}
{"obj": {"type": "LogStrings", "path": ["monitoring", "1108f8a6", "stderr"], "values": [{"value": "\rTraining:   8%|\u2588\u2588\u2588\u2588\u2588\u2588\u2588\u2588\u258b                                                                                                    | 8/100 [00:27<05:12,  3.40s/epoch]", "step": null, "ts": 1714654260.9380567}]}, "version": 97, "at": 1714654260.9380746}
{"obj": {"type": "LogStrings", "path": ["monitoring", "1108f8a6", "stderr"], "values": [{"value": "\n", "step": null, "ts": 1714654260.9385443}]}, "version": 98, "at": 1714654260.9385598}
{"obj": {"type": "LogStrings", "path": ["monitoring", "1108f8a6", "traceback"], "values": [{"value": "An uncaught exception occurred while run was active on worker f205pc13.", "step": null, "ts": 1714654260.9392653}, {"value": "Marking run as failed", "step": null, "ts": 1714654260.9392653}, {"value": "Traceback:", "step": null, "ts": 1714654260.9392653}, {"value": "  File \"/home/bimokhtari1/Documents/Image-Clustering-Based-on-Node-Edge-Duality-Message-Passing-Using-Graph-Attention-Networks/src/scripts/igmp_trainer.py\", line 32, in <module>\n    igmp_trainer(**config)\n", "step": null, "ts": 1714654260.9392653}, {"value": "  File \"/home/bimokhtari1/Documents/Image-Clustering-Based-on-Node-Edge-Duality-Message-Passing-Using-Graph-Attention-Networks/models/training/trainer.py\", line 164, in image_gat_mp_trainer\n    overall_loss.backward()\n", "step": null, "ts": 1714654260.9392653}, {"value": "  File \"/home/bimokhtari1/anaconda3/lib/python3.11/site-packages/torch/_tensor.py\", line 522, in backward\n    torch.autograd.backward(\n", "step": null, "ts": 1714654260.9392653}, {"value": "  File \"/home/bimokhtari1/anaconda3/lib/python3.11/site-packages/torch/autograd/__init__.py\", line 266, in backward\n    Variable._execution_engine.run_backward(  # Calls into the C++ engine to run the backward pass\n", "step": null, "ts": 1714654260.9392653}, {"value": "", "step": null, "ts": 1714654260.9392653}]}, "version": 99, "at": 1714654260.9392884}
{"obj": {"type": "AssignBool", "path": ["sys", "failed"], "value": true}, "version": 100, "at": 1714654260.9393928}
{"obj": {"type": "LogStrings", "path": ["monitoring", "1108f8a6", "stderr"], "values": [{"value": "", "step": null, "ts": 1714654260.9394886}]}, "version": 101, "at": 1714654260.9395034}
{"obj": {"type": "LogStrings", "path": ["monitoring", "1108f8a6", "stderr"], "values": [{"value": "Traceback (most recent call last):\n", "step": null, "ts": 1714654260.939757}]}, "version": 102, "at": 1714654260.9397714}
{"obj": {"type": "LogStrings", "path": ["monitoring", "1108f8a6", "stderr"], "values": [{"value": "", "step": null, "ts": 1714654260.939839}]}, "version": 103, "at": 1714654260.9398508}
{"obj": {"type": "LogStrings", "path": ["monitoring", "1108f8a6", "stderr"], "values": [{"value": "  File \"/home/bimokhtari1/Documents/Image-Clustering-Based-on-Node-Edge-Duality-Message-Passing-Using-Graph-Attention-Networks/src/scripts/igmp_trainer.py\", line 32, in <module>\n", "step": null, "ts": 1714654260.9400764}]}, "version": 104, "at": 1714654260.94009}
{"obj": {"type": "LogStrings", "path": ["monitoring", "1108f8a6", "stderr"], "values": [{"value": "", "step": null, "ts": 1714654260.9402416}]}, "version": 105, "at": 1714654260.940255}
{"obj": {"type": "LogStrings", "path": ["monitoring", "1108f8a6", "stderr"], "values": [{"value": "    ", "step": null, "ts": 1714654260.9403188}]}, "version": 106, "at": 1714654260.9403305}
{"obj": {"type": "LogStrings", "path": ["monitoring", "1108f8a6", "stderr"], "values": [{"value": "igmp_trainer(**config)", "step": null, "ts": 1714654260.9403884}]}, "version": 107, "at": 1714654260.9404001}
{"obj": {"type": "LogStrings", "path": ["monitoring", "1108f8a6", "stderr"], "values": [{"value": "\n", "step": null, "ts": 1714654260.9406672}]}, "version": 108, "at": 1714654260.9406807}
{"obj": {"type": "LogStrings", "path": ["monitoring", "1108f8a6", "stderr"], "values": [{"value": "", "step": null, "ts": 1714654260.9407444}]}, "version": 109, "at": 1714654260.940756}
{"obj": {"type": "LogStrings", "path": ["monitoring", "1108f8a6", "stderr"], "values": [{"value": "  File \"/home/bimokhtari1/Documents/Image-Clustering-Based-on-Node-Edge-Duality-Message-Passing-Using-Graph-Attention-Networks/models/training/trainer.py\", line 164, in image_gat_mp_trainer\n", "step": null, "ts": 1714654260.9409869}]}, "version": 110, "at": 1714654260.941}
{"obj": {"type": "LogStrings", "path": ["monitoring", "1108f8a6", "stderr"], "values": [{"value": "", "step": null, "ts": 1714654260.9411576}]}, "version": 111, "at": 1714654260.9411702}
{"obj": {"type": "LogStrings", "path": ["monitoring", "1108f8a6", "stderr"], "values": [{"value": "    ", "step": null, "ts": 1714654260.941231}]}, "version": 112, "at": 1714654260.9412425}
{"obj": {"type": "LogStrings", "path": ["monitoring", "1108f8a6", "stderr"], "values": [{"value": "overall_loss.backward()", "step": null, "ts": 1714654260.9412992}]}, "version": 113, "at": 1714654260.9413104}
{"obj": {"type": "LogStrings", "path": ["monitoring", "1108f8a6", "stderr"], "values": [{"value": "\n", "step": null, "ts": 1714654260.941571}]}, "version": 114, "at": 1714654260.9415839}
{"obj": {"type": "LogStrings", "path": ["monitoring", "1108f8a6", "stderr"], "values": [{"value": "", "step": null, "ts": 1714654260.9416478}]}, "version": 115, "at": 1714654260.941659}
{"obj": {"type": "LogStrings", "path": ["monitoring", "1108f8a6", "stderr"], "values": [{"value": "  File \"/home/bimokhtari1/anaconda3/lib/python3.11/site-packages/torch/_tensor.py\", line 522, in backward\n", "step": null, "ts": 1714654260.9418786}]}, "version": 116, "at": 1714654260.9418905}
{"obj": {"type": "LogStrings", "path": ["monitoring", "1108f8a6", "stderr"], "values": [{"value": "", "step": null, "ts": 1714654260.9420967}]}, "version": 117, "at": 1714654260.9421115}
{"obj": {"type": "LogStrings", "path": ["monitoring", "1108f8a6", "stderr"], "values": [{"value": "    ", "step": null, "ts": 1714654260.9421954}]}, "version": 118, "at": 1714654260.942209}
{"obj": {"type": "LogStrings", "path": ["monitoring", "1108f8a6", "stderr"], "values": [{"value": "torch.autograd.backward(", "step": null, "ts": 1714654260.9422746}]}, "version": 119, "at": 1714654260.9422877}
{"obj": {"type": "LogStrings", "path": ["monitoring", "1108f8a6", "stderr"], "values": [{"value": "\n", "step": null, "ts": 1714654260.9424653}]}, "version": 120, "at": 1714654260.9424844}
{"obj": {"type": "LogStrings", "path": ["monitoring", "1108f8a6", "stderr"], "values": [{"value": "", "step": null, "ts": 1714654260.9425607}]}, "version": 121, "at": 1714654260.9425743}
{"obj": {"type": "LogStrings", "path": ["monitoring", "1108f8a6", "stderr"], "values": [{"value": "  File \"/home/bimokhtari1/anaconda3/lib/python3.11/site-packages/torch/autograd/__init__.py\", line 266, in backward\n", "step": null, "ts": 1714654260.9426982}]}, "version": 122, "at": 1714654260.9427125}
{"obj": {"type": "LogStrings", "path": ["monitoring", "1108f8a6", "stderr"], "values": [{"value": "", "step": null, "ts": 1714654260.944236}]}, "version": 123, "at": 1714654260.9443448}
{"obj": {"type": "LogStrings", "path": ["monitoring", "1108f8a6", "stderr"], "values": [{"value": "    ", "step": null, "ts": 1714654260.944493}]}, "version": 124, "at": 1714654260.9445143}
{"obj": {"type": "LogStrings", "path": ["monitoring", "1108f8a6", "stderr"], "values": [{"value": "Variable._execution_engine.run_backward(  # Calls into the C++ engine to run the backward pass", "step": null, "ts": 1714654260.944597}]}, "version": 125, "at": 1714654260.9446118}
{"obj": {"type": "LogStrings", "path": ["monitoring", "1108f8a6", "stderr"], "values": [{"value": "\n", "step": null, "ts": 1714654260.9450507}]}, "version": 126, "at": 1714654260.945082}
{"obj": {"type": "LogStrings", "path": ["monitoring", "1108f8a6", "stderr"], "values": [{"value": "", "step": null, "ts": 1714654260.9452026}]}, "version": 127, "at": 1714654260.945218}
{"obj": {"type": "LogStrings", "path": ["monitoring", "1108f8a6", "stderr"], "values": [{"value": "KeyboardInterrupt", "step": null, "ts": 1714654260.945286}]}, "version": 128, "at": 1714654260.945298}
{"obj": {"type": "LogStrings", "path": ["monitoring", "1108f8a6", "stderr"], "values": [{"value": "", "step": null, "ts": 1714654260.9453597}]}, "version": 129, "at": 1714654260.9453712}
{"obj": {"type": "LogStrings", "path": ["monitoring", "1108f8a6", "stderr"], "values": [{"value": "\n", "step": null, "ts": 1714654260.945768}]}, "version": 130, "at": 1714654260.9457886}
{"obj": {"type": "LogStrings", "path": ["monitoring", "1108f8a6", "stdout"], "values": [{"value": "[neptune] [info   ] Shutting down background jobs, please wait a moment...\n", "step": null, "ts": 1714654260.9464269}]}, "version": 131, "at": 1714654260.9464545}
