{"obj": {"type": "AssignString", "path": ["monitoring", "d457fae7", "hostname"], "value": "f205pc13"}, "version": 1, "at": 1714720148.11902}
{"obj": {"type": "AssignString", "path": ["monitoring", "d457fae7", "pid"], "value": "7494"}, "version": 2, "at": 1714720148.1191628}
{"obj": {"type": "AssignString", "path": ["monitoring", "d457fae7", "tid"], "value": "140139161538944"}, "version": 3, "at": 1714720148.1192415}
{"obj": {"type": "ClearStringLog", "path": ["monitoring", "d457fae7", "stdout"]}, "version": 4, "at": 1714720148.1193173}
{"obj": {"type": "ClearStringLog", "path": ["monitoring", "d457fae7", "stderr"]}, "version": 5, "at": 1714720148.1193795}
{"obj": {"type": "UploadFile", "path": ["source_code", "diff"], "ext": "patch", "file_path": null, "tmp_file_name": "source_code_diff-1714720148.159101-2024-05-03_09.09.08.159101.patch", "clean_after_upload": false}, "version": 6, "at": 1714720148.159386}
{"obj": {"type": "LogStrings", "path": ["monitoring", "d457fae7", "stdout"], "values": [{"value": "[neptune] [warning] Info (NVML): NVML Shared Library Not Found. GPU usage metrics may not be reported. For more information, see https://docs.neptune.ai/help/nvml_error/\n", "step": null, "ts": 1714720148.1658094}]}, "version": 7, "at": 1714720148.165888}
{"obj": {"type": "ConfigFloatSeries", "path": ["monitoring", "d457fae7", "cpu"], "min": 0.0, "max": 100.0, "unit": "%"}, "version": 8, "at": 1714720148.166661}
{"obj": {"type": "ClearFloatLog", "path": ["monitoring", "d457fae7", "cpu"]}, "version": 9, "at": 1714720148.166747}
{"obj": {"type": "ConfigFloatSeries", "path": ["monitoring", "d457fae7", "memory"], "min": 0.0, "max": 15.489360809326172, "unit": "GB"}, "version": 10, "at": 1714720148.1668367}
{"obj": {"type": "ClearFloatLog", "path": ["monitoring", "d457fae7", "memory"]}, "version": 11, "at": 1714720148.1668804}
{"obj": {"type": "LogFloats", "path": ["monitoring", "d457fae7", "cpu"], "values": [{"value": 27.5, "step": null, "ts": 1714720148.16706}]}, "version": 12, "at": 1714720148.1684778}
{"obj": {"type": "LogFloats", "path": ["monitoring", "d457fae7", "memory"], "values": [{"value": 3.812408447265625, "step": null, "ts": 1714720148.16706}]}, "version": 13, "at": 1714720148.1688223}
{"obj": {"type": "LogStrings", "path": ["monitoring", "d457fae7", "stderr"], "values": [{"value": "\rFetching file...: 0 [00:00, ?/s]", "step": null, "ts": 1714720148.3661335}]}, "version": 14, "at": 1714720148.3662214}
{"obj": {"type": "LogStrings", "path": ["monitoring", "d457fae7", "stderr"], "values": [{"value": "", "step": null, "ts": 1714720148.4511936}]}, "version": 15, "at": 1714720148.451276}
{"obj": {"type": "LogStrings", "path": ["monitoring", "d457fae7", "stderr"], "values": [{"value": "\rFetching file...: 100%|\u2588\u2588\u2588\u2588\u2588\u2588\u2588\u2588\u2588\u2588\u2588\u2588\u2588\u2588\u2588\u2588\u2588\u2588\u2588\u2588\u2588\u2588\u2588\u2588\u2588\u2588\u2588\u2588\u2588\u2588\u2588\u2588\u2588\u2588\u2588\u2588\u2588\u2588\u2588\u2588\u2588\u2588\u2588\u2588\u2588\u2588\u2588\u2588\u2588\u2588\u2588\u2588\u2588\u2588\u2588\u2588\u2588\u2588\u2588\u2588\u2588\u2588\u2588\u2588\u2588\u2588\u2588\u2588\u2588\u2588\u2588\u2588\u2588\u2588\u2588\u2588\u2588\u2588\u2588\u2588\u2588\u2588\u2588\u2588\u2588\u2588\u2588\u2588\u2588\u2588\u2588\u2588\u2588\u2588\u2588\u2588\u2588\u2588| 2900373/2900373 [00:00<00:00, 34257217.01/s]", "step": null, "ts": 1714720148.4520793}]}, "version": 16, "at": 1714720148.4521482}
{"obj": {"type": "LogStrings", "path": ["monitoring", "d457fae7", "stderr"], "values": [{"value": "\n", "step": null, "ts": 1714720148.4524727}]}, "version": 17, "at": 1714720148.4525268}
{"obj": {"type": "LogStrings", "path": ["monitoring", "d457fae7", "stdout"], "values": [{"value": "\u001b[32mThe data is successfully fetched from Neptune.", "step": null, "ts": 1714720148.4597504}]}, "version": 18, "at": 1714720148.4598129}
{"obj": {"type": "LogStrings", "path": ["monitoring", "d457fae7", "stdout"], "values": [{"value": " ", "step": null, "ts": 1714720148.460188}]}, "version": 19, "at": 1714720148.4602344}
{"obj": {"type": "LogStrings", "path": ["monitoring", "d457fae7", "stdout"], "values": [{"value": "\u001b[37m", "step": null, "ts": 1714720148.4604244}]}, "version": 20, "at": 1714720148.4604619}
{"obj": {"type": "LogStrings", "path": ["monitoring", "d457fae7", "stdout"], "values": [{"value": "\n", "step": null, "ts": 1714720148.4606252}]}, "version": 21, "at": 1714720148.4606552}
{"obj": {"type": "LogStrings", "path": ["monitoring", "d457fae7", "stdout"], "values": [{"value": "\u001b[32mThe data is successfully fetched from Neptune.", "step": null, "ts": 1714720148.545851}]}, "version": 22, "at": 1714720148.5459294}
{"obj": {"type": "LogStrings", "path": ["monitoring", "d457fae7", "stdout"], "values": [{"value": " ", "step": null, "ts": 1714720148.5463338}]}, "version": 23, "at": 1714720148.5463877}
{"obj": {"type": "LogStrings", "path": ["monitoring", "d457fae7", "stdout"], "values": [{"value": "\u001b[37m", "step": null, "ts": 1714720148.5480375}]}, "version": 24, "at": 1714720148.548107}
{"obj": {"type": "LogStrings", "path": ["monitoring", "d457fae7", "stdout"], "values": [{"value": "\n", "step": null, "ts": 1714720148.5489633}]}, "version": 25, "at": 1714720148.5490289}
{"obj": {"type": "LogStrings", "path": ["monitoring", "d457fae7", "stderr"], "values": [{"value": "\rTraining:   0%|                                                                                                                             | 0/100 [00:00<?, ?epoch/s]", "step": null, "ts": 1714720149.3367667}]}, "version": 26, "at": 1714720149.3367944}
{"obj": {"type": "LogStrings", "path": ["monitoring", "d457fae7", "stdout"], "values": [{"value": "Error loading model checkpoint", "step": null, "ts": 1714720149.3369799}]}, "version": 27, "at": 1714720149.3369977}
{"obj": {"type": "LogStrings", "path": ["monitoring", "d457fae7", "stdout"], "values": [{"value": "\n", "step": null, "ts": 1714720149.33707}]}, "version": 28, "at": 1714720149.337082}
{"obj": {"type": "LogFloats", "path": ["training", "losses", "Hidden Layer MSELoss (size = 4096)"], "values": [{"value": 929361.625, "step": null, "ts": 1714720151.6624892}]}, "version": 29, "at": 1714720151.6628373}
{"obj": {"type": "LogFloats", "path": ["training", "losses", "Hidden Layer MSELoss (size = 1024)"], "values": [{"value": 356321.0, "step": null, "ts": 1714720151.662983}]}, "version": 30, "at": 1714720151.6631377}
{"obj": {"type": "LogFloats", "path": ["training", "losses", "Hidden Layer MSELoss (size = 512)"], "values": [{"value": 181965.859375, "step": null, "ts": 1714720151.6632538}]}, "version": 31, "at": 1714720151.6633866}
{"obj": {"type": "LogFloats", "path": ["training", "losses", "Hidden Layer MSELoss (size = 256)"], "values": [{"value": 89332.03125, "step": null, "ts": 1714720151.6634684}]}, "version": 32, "at": 1714720151.6635866}
{"obj": {"type": "LogFloats", "path": ["training", "losses", "MSELoss"], "values": [{"value": 389245.125, "step": null, "ts": 1714720151.6636672}]}, "version": 33, "at": 1714720151.6637852}
{"obj": {"type": "UploadFile", "path": ["training", "checkpoints", "chkpt_epoch_0"], "ext": "pth", "file_path": "/tmp/tmptr0dlvxi.pth", "tmp_file_name": null, "clean_after_upload": false}, "version": 34, "at": 1714720152.0298479}
{"obj": {"type": "LogStrings", "path": ["monitoring", "d457fae7", "stdout"], "values": [{"value": "\u001b[32mThe data are successfully loaded to Neptune.\u001b[37m", "step": null, "ts": 1714720152.030349}]}, "version": 35, "at": 1714720152.030416}
{"obj": {"type": "LogStrings", "path": ["monitoring", "d457fae7", "stdout"], "values": [{"value": "\n", "step": null, "ts": 1714720152.0310318}]}, "version": 36, "at": 1714720152.03109}
{"obj": {"type": "LogStrings", "path": ["monitoring", "d457fae7", "stdout"], "values": [{"value": "\u001b[32mThe checkpoint is successfully logged to Neptune.", "step": null, "ts": 1714720152.031436}]}, "version": 37, "at": 1714720152.0314837}
{"obj": {"type": "LogStrings", "path": ["monitoring", "d457fae7", "stdout"], "values": [{"value": " ", "step": null, "ts": 1714720152.032813}]}, "version": 38, "at": 1714720152.032873}
{"obj": {"type": "LogStrings", "path": ["monitoring", "d457fae7", "stdout"], "values": [{"value": "\u001b[37m", "step": null, "ts": 1714720152.0333064}]}, "version": 39, "at": 1714720152.0333538}
{"obj": {"type": "LogStrings", "path": ["monitoring", "d457fae7", "stdout"], "values": [{"value": "\n", "step": null, "ts": 1714720152.0337284}]}, "version": 40, "at": 1714720152.0337746}
{"obj": {"type": "LogStrings", "path": ["monitoring", "d457fae7", "stderr"], "values": [{"value": "\rTraining:   1%|\u2588\u258f                                                                                                                   | 1/100 [00:02<04:49,  2.92s/epoch]", "step": null, "ts": 1714720152.257588}]}, "version": 41, "at": 1714720152.257615}
{"obj": {"type": "LogFloats", "path": ["training", "losses", "Hidden Layer MSELoss (size = 4096)"], "values": [{"value": 928582.3125, "step": null, "ts": 1714720154.8426917}]}, "version": 42, "at": 1714720154.842823}
{"obj": {"type": "LogFloats", "path": ["training", "losses", "Hidden Layer MSELoss (size = 1024)"], "values": [{"value": 354262.375, "step": null, "ts": 1714720154.8429313}]}, "version": 43, "at": 1714720154.8429916}
{"obj": {"type": "LogFloats", "path": ["training", "losses", "Hidden Layer MSELoss (size = 512)"], "values": [{"value": 181391.59375, "step": null, "ts": 1714720154.8430495}]}, "version": 44, "at": 1714720154.843107}
{"obj": {"type": "LogFloats", "path": ["training", "losses", "Hidden Layer MSELoss (size = 256)"], "values": [{"value": 89109.53125, "step": null, "ts": 1714720154.843161}]}, "version": 45, "at": 1714720154.8432107}
{"obj": {"type": "LogFloats", "path": ["training", "losses", "MSELoss"], "values": [{"value": 388336.46875, "step": null, "ts": 1714720154.8432627}]}, "version": 46, "at": 1714720154.8433099}
{"obj": {"type": "LogStrings", "path": ["monitoring", "d457fae7", "stderr"], "values": [{"value": "\rTraining:   2%|\u2588\u2588\u258e                                                                                                                  | 2/100 [00:05<04:26,  2.72s/epoch]", "step": null, "ts": 1714720154.843686}]}, "version": 47, "at": 1714720154.8437092}
{"obj": {"type": "LogFloats", "path": ["training", "losses", "Hidden Layer MSELoss (size = 4096)"], "values": [{"value": 928109.1875, "step": null, "ts": 1714720156.9806223}]}, "version": 48, "at": 1714720156.9807663}
{"obj": {"type": "LogFloats", "path": ["training", "losses", "Hidden Layer MSELoss (size = 1024)"], "values": [{"value": 352632.25, "step": null, "ts": 1714720156.9809084}]}, "version": 49, "at": 1714720156.9809935}
{"obj": {"type": "LogFloats", "path": ["training", "losses", "Hidden Layer MSELoss (size = 512)"], "values": [{"value": 180757.59375, "step": null, "ts": 1714720156.9810739}]}, "version": 50, "at": 1714720156.9811454}
{"obj": {"type": "LogFloats", "path": ["training", "losses", "Hidden Layer MSELoss (size = 256)"], "values": [{"value": 88873.15625, "step": null, "ts": 1714720156.9812207}]}, "version": 51, "at": 1714720156.9812882}
{"obj": {"type": "LogFloats", "path": ["training", "losses", "MSELoss"], "values": [{"value": 387593.0625, "step": null, "ts": 1714720156.9813612}]}, "version": 52, "at": 1714720156.981429}
{"obj": {"type": "LogStrings", "path": ["monitoring", "d457fae7", "stderr"], "values": [{"value": "\rTraining:   3%|\u2588\u2588\u2588\u258c                                                                                                                 | 3/100 [00:07<03:58,  2.46s/epoch]", "step": null, "ts": 1714720156.9824383}]}, "version": 53, "at": 1714720156.9824688}
{"obj": {"type": "LogFloats", "path": ["monitoring", "d457fae7", "cpu"], "values": [{"value": 86.8, "step": null, "ts": 1714720158.1689863}]}, "version": 54, "at": 1714720158.1693106}
{"obj": {"type": "LogFloats", "path": ["monitoring", "d457fae7", "memory"], "values": [{"value": 6.035137176513672, "step": null, "ts": 1714720158.1689863}]}, "version": 55, "at": 1714720158.1694417}
{"obj": {"type": "LogFloats", "path": ["training", "losses", "Hidden Layer MSELoss (size = 4096)"], "values": [{"value": 927689.3125, "step": null, "ts": 1714720159.0082476}]}, "version": 56, "at": 1714720159.0083892}
{"obj": {"type": "LogFloats", "path": ["training", "losses", "Hidden Layer MSELoss (size = 1024)"], "values": [{"value": 351260.46875, "step": null, "ts": 1714720159.008524}]}, "version": 57, "at": 1714720159.0086086}
{"obj": {"type": "LogFloats", "path": ["training", "losses", "Hidden Layer MSELoss (size = 512)"], "values": [{"value": 180113.1875, "step": null, "ts": 1714720159.0086899}]}, "version": 58, "at": 1714720159.0087638}
{"obj": {"type": "LogFloats", "path": ["training", "losses", "Hidden Layer MSELoss (size = 256)"], "values": [{"value": 88639.140625, "step": null, "ts": 1714720159.0088387}]}, "version": 59, "at": 1714720159.008908}
{"obj": {"type": "LogFloats", "path": ["training", "losses", "MSELoss"], "values": [{"value": 386925.53125, "step": null, "ts": 1714720159.0089798}]}, "version": 60, "at": 1714720159.0090477}
{"obj": {"type": "LogStrings", "path": ["monitoring", "d457fae7", "stderr"], "values": [{"value": "\rTraining:   4%|\u2588\u2588\u2588\u2588\u258b                                                                                                                | 4/100 [00:09<03:39,  2.29s/epoch]", "step": null, "ts": 1714720159.0095081}]}, "version": 61, "at": 1714720159.009534}
{"obj": {"type": "LogFloats", "path": ["training", "losses", "Hidden Layer MSELoss (size = 4096)"], "values": [{"value": 927338.0625, "step": null, "ts": 1714720160.9262059}]}, "version": 62, "at": 1714720160.9263475}
{"obj": {"type": "LogFloats", "path": ["training", "losses", "Hidden Layer MSELoss (size = 1024)"], "values": [{"value": 349984.375, "step": null, "ts": 1714720160.9264824}]}, "version": 63, "at": 1714720160.926567}
{"obj": {"type": "LogFloats", "path": ["training", "losses", "Hidden Layer MSELoss (size = 512)"], "values": [{"value": 179519.078125, "step": null, "ts": 1714720160.9266467}]}, "version": 64, "at": 1714720160.9267197}
{"obj": {"type": "LogFloats", "path": ["training", "losses", "Hidden Layer MSELoss (size = 256)"], "values": [{"value": 88420.1953125, "step": null, "ts": 1714720160.9267945}]}, "version": 65, "at": 1714720160.9268615}
{"obj": {"type": "LogFloats", "path": ["training", "losses", "MSELoss"], "values": [{"value": 386315.46875, "step": null, "ts": 1714720160.9269342}]}, "version": 66, "at": 1714720160.927001}
{"obj": {"type": "LogStrings", "path": ["monitoring", "d457fae7", "stderr"], "values": [{"value": "\rTraining:   5%|\u2588\u2588\u2588\u2588\u2588\u258a                                                                                                               | 5/100 [00:11<03:24,  2.15s/epoch]", "step": null, "ts": 1714720160.9277425}]}, "version": 67, "at": 1714720160.9277694}
{"obj": {"type": "LogFloats", "path": ["training", "losses", "Hidden Layer MSELoss (size = 4096)"], "values": [{"value": 926937.625, "step": null, "ts": 1714720163.256621}]}, "version": 68, "at": 1714720163.2567654}
{"obj": {"type": "LogFloats", "path": ["training", "losses", "Hidden Layer MSELoss (size = 1024)"], "values": [{"value": 348961.4375, "step": null, "ts": 1714720163.256902}]}, "version": 69, "at": 1714720163.2569852}
{"obj": {"type": "LogFloats", "path": ["training", "losses", "Hidden Layer MSELoss (size = 512)"], "values": [{"value": 179035.171875, "step": null, "ts": 1714720163.2570672}]}, "version": 70, "at": 1714720163.2571387}
{"obj": {"type": "LogFloats", "path": ["training", "losses", "Hidden Layer MSELoss (size = 256)"], "values": [{"value": 88213.21875, "step": null, "ts": 1714720163.257215}]}, "version": 71, "at": 1714720163.257284}
{"obj": {"type": "LogFloats", "path": ["training", "losses", "MSELoss"], "values": [{"value": 385786.84375, "step": null, "ts": 1714720163.2573566}]}, "version": 72, "at": 1714720163.2574363}
{"obj": {"type": "LogStrings", "path": ["monitoring", "d457fae7", "stderr"], "values": [{"value": "\rTraining:   6%|\u2588\u2588\u2588\u2588\u2588\u2588\u2588                                                                                                              | 6/100 [00:13<03:28,  2.21s/epoch]", "step": null, "ts": 1714720163.2581244}]}, "version": 73, "at": 1714720163.2581518}
{"obj": {"type": "LogFloats", "path": ["training", "losses", "Hidden Layer MSELoss (size = 4096)"], "values": [{"value": 926456.75, "step": null, "ts": 1714720165.3318179}]}, "version": 74, "at": 1714720165.3319643}
{"obj": {"type": "LogFloats", "path": ["training", "losses", "Hidden Layer MSELoss (size = 1024)"], "values": [{"value": 348075.46875, "step": null, "ts": 1714720165.332103}]}, "version": 75, "at": 1714720165.332189}
{"obj": {"type": "LogFloats", "path": ["training", "losses", "Hidden Layer MSELoss (size = 512)"], "values": [{"value": 178570.6875, "step": null, "ts": 1714720165.3322704}]}, "version": 76, "at": 1714720165.3323433}
{"obj": {"type": "LogFloats", "path": ["training", "losses", "Hidden Layer MSELoss (size = 256)"], "values": [{"value": 88009.8125, "step": null, "ts": 1714720165.332431}]}, "version": 77, "at": 1714720165.3324995}
{"obj": {"type": "LogFloats", "path": ["training", "losses", "MSELoss"], "values": [{"value": 385278.1875, "step": null, "ts": 1714720165.3325684}]}, "version": 78, "at": 1714720165.3326318}
{"obj": {"type": "LogStrings", "path": ["monitoring", "d457fae7", "stderr"], "values": [{"value": "\rTraining:   7%|\u2588\u2588\u2588\u2588\u2588\u2588\u2588\u2588\u258f                                                                                                            | 7/100 [00:15<03:21,  2.17s/epoch]", "step": null, "ts": 1714720165.3333151}]}, "version": 79, "at": 1714720165.3333445}
{"obj": {"type": "LogFloats", "path": ["training", "losses", "Hidden Layer MSELoss (size = 4096)"], "values": [{"value": 925939.125, "step": null, "ts": 1714720167.2385414}]}, "version": 80, "at": 1714720167.238675}
{"obj": {"type": "LogFloats", "path": ["training", "losses", "Hidden Layer MSELoss (size = 1024)"], "values": [{"value": 347190.71875, "step": null, "ts": 1714720167.2387984}]}, "version": 81, "at": 1714720167.2388725}
{"obj": {"type": "LogFloats", "path": ["training", "losses", "Hidden Layer MSELoss (size = 512)"], "values": [{"value": 178119.28125, "step": null, "ts": 1714720167.2389429}]}, "version": 82, "at": 1714720167.2390053}
{"obj": {"type": "LogFloats", "path": ["training", "losses", "Hidden Layer MSELoss (size = 256)"], "values": [{"value": 87809.15625, "step": null, "ts": 1714720167.2390702}]}, "version": 83, "at": 1714720167.2391303}
{"obj": {"type": "LogFloats", "path": ["training", "losses", "MSELoss"], "values": [{"value": 384764.5625, "step": null, "ts": 1714720167.239192}]}, "version": 84, "at": 1714720167.2392504}
{"obj": {"type": "LogStrings", "path": ["monitoring", "d457fae7", "stderr"], "values": [{"value": "\rTraining:   8%|\u2588\u2588\u2588\u2588\u2588\u2588\u2588\u2588\u2588\u258e                                                                                                           | 8/100 [00:17<03:11,  2.09s/epoch]", "step": null, "ts": 1714720167.2398431}]}, "version": 85, "at": 1714720167.2398663}
{"obj": {"type": "LogFloats", "path": ["monitoring", "d457fae7", "cpu"], "values": [{"value": 99.8, "step": null, "ts": 1714720168.169572}]}, "version": 86, "at": 1714720168.1698723}
{"obj": {"type": "LogFloats", "path": ["monitoring", "d457fae7", "memory"], "values": [{"value": 6.077293395996094, "step": null, "ts": 1714720168.169572}]}, "version": 87, "at": 1714720168.17}
{"obj": {"type": "LogFloats", "path": ["training", "losses", "Hidden Layer MSELoss (size = 4096)"], "values": [{"value": 925664.75, "step": null, "ts": 1714720169.1510196}]}, "version": 88, "at": 1714720169.1511657}
{"obj": {"type": "LogFloats", "path": ["training", "losses", "Hidden Layer MSELoss (size = 1024)"], "values": [{"value": 346285.15625, "step": null, "ts": 1714720169.1513028}]}, "version": 89, "at": 1714720169.1513855}
{"obj": {"type": "LogFloats", "path": ["training", "losses", "Hidden Layer MSELoss (size = 512)"], "values": [{"value": 177710.578125, "step": null, "ts": 1714720169.15148}]}, "version": 90, "at": 1714720169.151549}
{"obj": {"type": "LogFloats", "path": ["training", "losses", "Hidden Layer MSELoss (size = 256)"], "values": [{"value": 87613.625, "step": null, "ts": 1714720169.1516209}]}, "version": 91, "at": 1714720169.151687}
{"obj": {"type": "LogFloats", "path": ["training", "losses", "MSELoss"], "values": [{"value": 384318.53125, "step": null, "ts": 1714720169.1517577}]}, "version": 92, "at": 1714720169.1518207}
{"obj": {"type": "LogStrings", "path": ["monitoring", "d457fae7", "stderr"], "values": [{"value": "\rTraining:   9%|\u2588\u2588\u2588\u2588\u2588\u2588\u2588\u2588\u2588\u2588\u258c                                                                                                          | 9/100 [00:19<03:04,  2.03s/epoch]", "step": null, "ts": 1714720169.1524718}]}, "version": 93, "at": 1714720169.1524994}
{"obj": {"type": "LogFloats", "path": ["training", "losses", "Hidden Layer MSELoss (size = 4096)"], "values": [{"value": 925506.6875, "step": null, "ts": 1714720171.10398}]}, "version": 94, "at": 1714720171.1041296}
{"obj": {"type": "LogFloats", "path": ["training", "losses", "Hidden Layer MSELoss (size = 1024)"], "values": [{"value": 345326.78125, "step": null, "ts": 1714720171.1042645}]}, "version": 95, "at": 1714720171.1043441}
{"obj": {"type": "LogFloats", "path": ["training", "losses", "Hidden Layer MSELoss (size = 512)"], "values": [{"value": 177361.0625, "step": null, "ts": 1714720171.1044211}]}, "version": 96, "at": 1714720171.104504}
{"obj": {"type": "LogFloats", "path": ["training", "losses", "Hidden Layer MSELoss (size = 256)"], "values": [{"value": 87429.203125, "step": null, "ts": 1714720171.1045732}]}, "version": 97, "at": 1714720171.1046371}
{"obj": {"type": "LogFloats", "path": ["training", "losses", "MSELoss"], "values": [{"value": 383905.9375, "step": null, "ts": 1714720171.1047032}]}, "version": 98, "at": 1714720171.1047652}
{"obj": {"type": "LogStrings", "path": ["monitoring", "d457fae7", "stderr"], "values": [{"value": "\rTraining:  10%|\u2588\u2588\u2588\u2588\u2588\u2588\u2588\u2588\u2588\u2588\u2588\u258c                                                                                                        | 10/100 [00:21<03:00,  2.01s/epoch]", "step": null, "ts": 1714720171.1053886}]}, "version": 99, "at": 1714720171.1054146}
{"obj": {"type": "LogFloats", "path": ["training", "losses", "Hidden Layer MSELoss (size = 4096)"], "values": [{"value": 925390.125, "step": null, "ts": 1714720173.0423834}]}, "version": 100, "at": 1714720173.042526}
{"obj": {"type": "LogFloats", "path": ["training", "losses", "Hidden Layer MSELoss (size = 1024)"], "values": [{"value": 344333.96875, "step": null, "ts": 1714720173.043388}]}, "version": 101, "at": 1714720173.0434914}
{"obj": {"type": "LogFloats", "path": ["training", "losses", "Hidden Layer MSELoss (size = 512)"], "values": [{"value": 177049.046875, "step": null, "ts": 1714720173.0435884}]}, "version": 102, "at": 1714720173.0436604}
{"obj": {"type": "LogFloats", "path": ["training", "losses", "Hidden Layer MSELoss (size = 256)"], "values": [{"value": 87255.28125, "step": null, "ts": 1714720173.043734}]}, "version": 103, "at": 1714720173.043801}
{"obj": {"type": "LogFloats", "path": ["training", "losses", "MSELoss"], "values": [{"value": 383507.09375, "step": null, "ts": 1714720173.0438704}]}, "version": 104, "at": 1714720173.0439339}
{"obj": {"type": "UploadFile", "path": ["training", "checkpoints", "chkpt_epoch_10"], "ext": "pth", "file_path": "/tmp/tmpau2i5jgo.pth", "tmp_file_name": null, "clean_after_upload": false}, "version": 105, "at": 1714720173.3909914}
{"obj": {"type": "LogStrings", "path": ["monitoring", "d457fae7", "stdout"], "values": [{"value": "\u001b[32mThe data are successfully loaded to Neptune.\u001b[37m", "step": null, "ts": 1714720173.3969486}]}, "version": 106, "at": 1714720173.397009}
{"obj": {"type": "LogStrings", "path": ["monitoring", "d457fae7", "stdout"], "values": [{"value": "\n", "step": null, "ts": 1714720173.3976228}]}, "version": 107, "at": 1714720173.3976755}
{"obj": {"type": "LogStrings", "path": ["monitoring", "d457fae7", "stdout"], "values": [{"value": "\u001b[32mThe checkpoint is successfully logged to Neptune.", "step": null, "ts": 1714720173.3979523}]}, "version": 108, "at": 1714720173.3979926}
{"obj": {"type": "LogStrings", "path": ["monitoring", "d457fae7", "stdout"], "values": [{"value": " ", "step": null, "ts": 1714720173.3983579}]}, "version": 109, "at": 1714720173.3984087}
{"obj": {"type": "LogStrings", "path": ["monitoring", "d457fae7", "stdout"], "values": [{"value": "\u001b[37m", "step": null, "ts": 1714720173.399681}]}, "version": 110, "at": 1714720173.3997355}
{"obj": {"type": "LogStrings", "path": ["monitoring", "d457fae7", "stdout"], "values": [{"value": "\n", "step": null, "ts": 1714720173.4001288}]}, "version": 111, "at": 1714720173.400179}
{"obj": {"type": "LogStrings", "path": ["monitoring", "d457fae7", "stderr"], "values": [{"value": "\rTraining:  11%|\u2588\u2588\u2588\u2588\u2588\u2588\u2588\u2588\u2588\u2588\u2588\u2588\u258a                                                                                                       | 11/100 [00:24<03:12,  2.16s/epoch]", "step": null, "ts": 1714720173.6099045}]}, "version": 112, "at": 1714720173.6099286}
{"obj": {"type": "LogFloats", "path": ["training", "losses", "Hidden Layer MSELoss (size = 4096)"], "values": [{"value": 925276.125, "step": null, "ts": 1714720176.0285065}]}, "version": 113, "at": 1714720176.02864}
{"obj": {"type": "LogFloats", "path": ["training", "losses", "Hidden Layer MSELoss (size = 1024)"], "values": [{"value": 343345.0625, "step": null, "ts": 1714720176.028769}]}, "version": 114, "at": 1714720176.028845}
{"obj": {"type": "LogFloats", "path": ["training", "losses", "Hidden Layer MSELoss (size = 512)"], "values": [{"value": 176757.5, "step": null, "ts": 1714720176.0289195}]}, "version": 115, "at": 1714720176.0289855}
{"obj": {"type": "LogFloats", "path": ["training", "losses", "Hidden Layer MSELoss (size = 256)"], "values": [{"value": 87092.8671875, "step": null, "ts": 1714720176.0290542}]}, "version": 116, "at": 1714720176.0291157}
{"obj": {"type": "LogFloats", "path": ["training", "losses", "MSELoss"], "values": [{"value": 383117.90625, "step": null, "ts": 1714720176.029183}]}, "version": 117, "at": 1714720176.029243}
{"obj": {"type": "LogStrings", "path": ["monitoring", "d457fae7", "stderr"], "values": [{"value": "\rTraining:  12%|\u2588\u2588\u2588\u2588\u2588\u2588\u2588\u2588\u2588\u2588\u2588\u2588\u2588\u2589                                                                                                      | 12/100 [00:26<03:16,  2.24s/epoch]", "step": null, "ts": 1714720176.0296812}]}, "version": 118, "at": 1714720176.0297108}
{"obj": {"type": "LogFloats", "path": ["monitoring", "d457fae7", "cpu"], "values": [{"value": 95.3, "step": null, "ts": 1714720178.170154}]}, "version": 119, "at": 1714720178.1704605}
{"obj": {"type": "LogFloats", "path": ["monitoring", "d457fae7", "memory"], "values": [{"value": 5.756244659423828, "step": null, "ts": 1714720178.170154}]}, "version": 120, "at": 1714720178.1705885}
{"obj": {"type": "LogFloats", "path": ["training", "losses", "Hidden Layer MSELoss (size = 4096)"], "values": [{"value": 925143.5, "step": null, "ts": 1714720179.0029688}]}, "version": 121, "at": 1714720179.003099}
{"obj": {"type": "LogFloats", "path": ["training", "losses", "Hidden Layer MSELoss (size = 1024)"], "values": [{"value": 342363.1875, "step": null, "ts": 1714720179.0032182}]}, "version": 122, "at": 1714720179.0032895}
{"obj": {"type": "LogFloats", "path": ["training", "losses", "Hidden Layer MSELoss (size = 512)"], "values": [{"value": 176480.1875, "step": null, "ts": 1714720179.0033581}]}, "version": 123, "at": 1714720179.0034206}
{"obj": {"type": "LogFloats", "path": ["training", "losses", "Hidden Layer MSELoss (size = 256)"], "values": [{"value": 86942.921875, "step": null, "ts": 1714720179.003486}]}, "version": 124, "at": 1714720179.003546}
{"obj": {"type": "LogFloats", "path": ["training", "losses", "MSELoss"], "values": [{"value": 382732.46875, "step": null, "ts": 1714720179.0036094}]}, "version": 125, "at": 1714720179.0036676}
{"obj": {"type": "LogStrings", "path": ["monitoring", "d457fae7", "stderr"], "values": [{"value": "\rTraining:  13%|\u2588\u2588\u2588\u2588\u2588\u2588\u2588\u2588\u2588\u2588\u2588\u2588\u2588\u2588\u2588                                                                                                     | 13/100 [00:29<03:34,  2.46s/epoch]", "step": null, "ts": 1714720179.0042994}]}, "version": 126, "at": 1714720179.0043263}
{"obj": {"type": "LogFloats", "path": ["monitoring", "d457fae7", "cpu"], "values": [{"value": 99.7, "step": null, "ts": 1714720188.1707294}]}, "version": 127, "at": 1714720188.1710541}
{"obj": {"type": "LogFloats", "path": ["monitoring", "d457fae7", "memory"], "values": [{"value": 5.8541259765625, "step": null, "ts": 1714720188.1707294}]}, "version": 128, "at": 1714720188.171187}
{"obj": {"type": "LogFloats", "path": ["training", "losses", "Hidden Layer MSELoss (size = 4096)"], "values": [{"value": 924953.375, "step": null, "ts": 1714720188.949675}]}, "version": 129, "at": 1714720188.9497986}
{"obj": {"type": "LogFloats", "path": ["training", "losses", "Hidden Layer MSELoss (size = 1024)"], "values": [{"value": 341368.28125, "step": null, "ts": 1714720188.9499056}]}, "version": 130, "at": 1714720188.9499707}
{"obj": {"type": "LogFloats", "path": ["training", "losses", "Hidden Layer MSELoss (size = 512)"], "values": [{"value": 176207.625, "step": null, "ts": 1714720188.9500313}]}, "version": 131, "at": 1714720188.9500868}
{"obj": {"type": "LogFloats", "path": ["training", "losses", "Hidden Layer MSELoss (size = 256)"], "values": [{"value": 86806.484375, "step": null, "ts": 1714720188.9501426}]}, "version": 132, "at": 1714720188.9501953}
{"obj": {"type": "LogFloats", "path": ["training", "losses", "MSELoss"], "values": [{"value": 382333.9375, "step": null, "ts": 1714720188.9502497}]}, "version": 133, "at": 1714720188.9502997}
{"obj": {"type": "LogStrings", "path": ["monitoring", "d457fae7", "stderr"], "values": [{"value": "\rTraining:  14%|\u2588\u2588\u2588\u2588\u2588\u2588\u2588\u2588\u2588\u2588\u2588\u2588\u2588\u2588\u2588\u2588\u258f                                                                                                   | 14/100 [00:39<06:46,  4.72s/epoch]", "step": null, "ts": 1714720188.9508555}]}, "version": 134, "at": 1714720188.950878}
{"obj": {"type": "LogStrings", "path": ["monitoring", "d457fae7", "stderr"], "values": [{"value": "", "step": null, "ts": 1714720196.5846324}]}, "version": 135, "at": 1714720196.5846584}
{"obj": {"type": "LogStrings", "path": ["monitoring", "d457fae7", "stderr"], "values": [{"value": "\rTraining:  14%|\u2588\u2588\u2588\u2588\u2588\u2588\u2588\u2588\u2588\u2588\u2588\u2588\u2588\u2588\u2588\u2588\u258f                                                                                                   | 14/100 [00:47<04:50,  3.37s/epoch]", "step": null, "ts": 1714720196.5848153}]}, "version": 136, "at": 1714720196.5848293}
{"obj": {"type": "LogStrings", "path": ["monitoring", "d457fae7", "stderr"], "values": [{"value": "\n", "step": null, "ts": 1714720196.585218}]}, "version": 137, "at": 1714720196.5852332}
{"obj": {"type": "LogStrings", "path": ["monitoring", "d457fae7", "traceback"], "values": [{"value": "An uncaught exception occurred while run was active on worker f205pc13.", "step": null, "ts": 1714720196.5859675}, {"value": "Marking run as failed", "step": null, "ts": 1714720196.5859675}, {"value": "Traceback:", "step": null, "ts": 1714720196.5859675}, {"value": "  File \"/home/bimokhtari1/Documents/Image-Clustering-Based-on-Node-Edge-Duality-Message-Passing-Using-Graph-Attention-Networks/src/scripts/igmp_trainer.py\", line 32, in <module>\n    igmp_trainer(**config)\n", "step": null, "ts": 1714720196.5859675}, {"value": "  File \"/home/bimokhtari1/Documents/Image-Clustering-Based-on-Node-Edge-Duality-Message-Passing-Using-Graph-Attention-Networks/models/training/trainer.py\", line 184, in image_gat_mp_trainer\n    overall_loss.backward()\n", "step": null, "ts": 1714720196.5859675}, {"value": "  File \"/home/bimokhtari1/anaconda3/lib/python3.11/site-packages/torch/_tensor.py\", line 522, in backward\n    torch.autograd.backward(\n", "step": null, "ts": 1714720196.5859675}, {"value": "  File \"/home/bimokhtari1/anaconda3/lib/python3.11/site-packages/torch/autograd/__init__.py\", line 266, in backward\n    Variable._execution_engine.run_backward(  # Calls into the C++ engine to run the backward pass\n", "step": null, "ts": 1714720196.5859675}, {"value": "", "step": null, "ts": 1714720196.5859675}]}, "version": 138, "at": 1714720196.585991}
{"obj": {"type": "AssignBool", "path": ["sys", "failed"], "value": true}, "version": 139, "at": 1714720196.586109}
{"obj": {"type": "LogStrings", "path": ["monitoring", "d457fae7", "stderr"], "values": [{"value": "", "step": null, "ts": 1714720196.586214}]}, "version": 140, "at": 1714720196.5862288}
{"obj": {"type": "LogStrings", "path": ["monitoring", "d457fae7", "stderr"], "values": [{"value": "Traceback (most recent call last):\n", "step": null, "ts": 1714720196.586342}]}, "version": 141, "at": 1714720196.5863557}
{"obj": {"type": "LogStrings", "path": ["monitoring", "d457fae7", "stderr"], "values": [{"value": "", "step": null, "ts": 1714720196.5864203}]}, "version": 142, "at": 1714720196.5864317}
{"obj": {"type": "LogStrings", "path": ["monitoring", "d457fae7", "stderr"], "values": [{"value": "  File \"/home/bimokhtari1/Documents/Image-Clustering-Based-on-Node-Edge-Duality-Message-Passing-Using-Graph-Attention-Networks/src/scripts/igmp_trainer.py\", line 32, in <module>\n", "step": null, "ts": 1714720196.586529}]}, "version": 143, "at": 1714720196.5865407}
{"obj": {"type": "LogStrings", "path": ["monitoring", "d457fae7", "stderr"], "values": [{"value": "", "step": null, "ts": 1714720196.586697}]}, "version": 144, "at": 1714720196.5867102}
{"obj": {"type": "LogStrings", "path": ["monitoring", "d457fae7", "stderr"], "values": [{"value": "    ", "step": null, "ts": 1714720196.5867739}]}, "version": 145, "at": 1714720196.5867853}
{"obj": {"type": "LogStrings", "path": ["monitoring", "d457fae7", "stderr"], "values": [{"value": "igmp_trainer(**config)", "step": null, "ts": 1714720196.5868428}]}, "version": 146, "at": 1714720196.586854}
{"obj": {"type": "LogStrings", "path": ["monitoring", "d457fae7", "stderr"], "values": [{"value": "\n", "step": null, "ts": 1714720196.5869832}]}, "version": 147, "at": 1714720196.586995}
{"obj": {"type": "LogStrings", "path": ["monitoring", "d457fae7", "stderr"], "values": [{"value": "", "step": null, "ts": 1714720196.587056}]}, "version": 148, "at": 1714720196.5870664}
{"obj": {"type": "LogStrings", "path": ["monitoring", "d457fae7", "stderr"], "values": [{"value": "  File \"/home/bimokhtari1/Documents/Image-Clustering-Based-on-Node-Edge-Duality-Message-Passing-Using-Graph-Attention-Networks/models/training/trainer.py\", line 184, in image_gat_mp_trainer\n", "step": null, "ts": 1714720196.5871596}]}, "version": 149, "at": 1714720196.5871706}
{"obj": {"type": "LogStrings", "path": ["monitoring", "d457fae7", "stderr"], "values": [{"value": "", "step": null, "ts": 1714720196.5873334}]}, "version": 150, "at": 1714720196.5873454}
{"obj": {"type": "LogStrings", "path": ["monitoring", "d457fae7", "stderr"], "values": [{"value": "    ", "step": null, "ts": 1714720196.5874066}]}, "version": 151, "at": 1714720196.5874174}
{"obj": {"type": "LogStrings", "path": ["monitoring", "d457fae7", "stderr"], "values": [{"value": "overall_loss.backward()", "step": null, "ts": 1714720196.5874736}]}, "version": 152, "at": 1714720196.587484}
{"obj": {"type": "LogStrings", "path": ["monitoring", "d457fae7", "stderr"], "values": [{"value": "\n", "step": null, "ts": 1714720196.5876117}]}, "version": 153, "at": 1714720196.5876231}
{"obj": {"type": "LogStrings", "path": ["monitoring", "d457fae7", "stderr"], "values": [{"value": "", "step": null, "ts": 1714720196.5876863}]}, "version": 154, "at": 1714720196.5876973}
{"obj": {"type": "LogStrings", "path": ["monitoring", "d457fae7", "stderr"], "values": [{"value": "  File \"/home/bimokhtari1/anaconda3/lib/python3.11/site-packages/torch/_tensor.py\", line 522, in backward\n", "step": null, "ts": 1714720196.5877972}]}, "version": 155, "at": 1714720196.587808}
{"obj": {"type": "LogStrings", "path": ["monitoring", "d457fae7", "stderr"], "values": [{"value": "", "step": null, "ts": 1714720196.5880115}]}, "version": 156, "at": 1714720196.5880244}
{"obj": {"type": "LogStrings", "path": ["monitoring", "d457fae7", "stderr"], "values": [{"value": "    ", "step": null, "ts": 1714720196.5880878}]}, "version": 157, "at": 1714720196.5880985}
{"obj": {"type": "LogStrings", "path": ["monitoring", "d457fae7", "stderr"], "values": [{"value": "torch.autograd.backward(", "step": null, "ts": 1714720196.5881557}]}, "version": 158, "at": 1714720196.5881662}
{"obj": {"type": "LogStrings", "path": ["monitoring", "d457fae7", "stderr"], "values": [{"value": "\n", "step": null, "ts": 1714720196.5882633}]}, "version": 159, "at": 1714720196.5882745}
{"obj": {"type": "LogStrings", "path": ["monitoring", "d457fae7", "stderr"], "values": [{"value": "", "step": null, "ts": 1714720196.5961514}]}, "version": 160, "at": 1714720196.596192}
{"obj": {"type": "LogStrings", "path": ["monitoring", "d457fae7", "stderr"], "values": [{"value": "  File \"/home/bimokhtari1/anaconda3/lib/python3.11/site-packages/torch/autograd/__init__.py\", line 266, in backward\n", "step": null, "ts": 1714720196.6018188}]}, "version": 161, "at": 1714720196.6018496}
{"obj": {"type": "LogStrings", "path": ["monitoring", "d457fae7", "stderr"], "values": [{"value": "", "step": null, "ts": 1714720196.6020944}]}, "version": 162, "at": 1714720196.602112}
{"obj": {"type": "LogStrings", "path": ["monitoring", "d457fae7", "stderr"], "values": [{"value": "KeyboardInterrupt", "step": null, "ts": 1714720196.6021848}]}, "version": 163, "at": 1714720196.6021976}
{"obj": {"type": "LogStrings", "path": ["monitoring", "d457fae7", "stderr"], "values": [{"value": "", "step": null, "ts": 1714720196.6022592}]}, "version": 164, "at": 1714720196.6022706}
{"obj": {"type": "LogStrings", "path": ["monitoring", "d457fae7", "stderr"], "values": [{"value": "\n", "step": null, "ts": 1714720196.6024349}]}, "version": 165, "at": 1714720196.602448}
{"obj": {"type": "LogStrings", "path": ["monitoring", "d457fae7", "stdout"], "values": [{"value": "[neptune] [info   ] Shutting down background jobs, please wait a moment...\n", "step": null, "ts": 1714720196.6027756}]}, "version": 166, "at": 1714720196.6027896}
