{"obj": {"type": "AssignString", "path": ["monitoring", "3fde915f", "hostname"], "value": "f205pc13"}, "version": 1, "at": 1714637868.270191}
{"obj": {"type": "AssignString", "path": ["monitoring", "3fde915f", "pid"], "value": "8281"}, "version": 2, "at": 1714637868.2703617}
{"obj": {"type": "AssignString", "path": ["monitoring", "3fde915f", "tid"], "value": "140004762272128"}, "version": 3, "at": 1714637868.2704594}
{"obj": {"type": "ClearStringLog", "path": ["monitoring", "3fde915f", "stdout"]}, "version": 4, "at": 1714637868.2705529}
{"obj": {"type": "ClearStringLog", "path": ["monitoring", "3fde915f", "stderr"]}, "version": 5, "at": 1714637868.270631}
{"obj": {"type": "UploadFile", "path": ["source_code", "diff"], "ext": "patch", "file_path": null, "tmp_file_name": "source_code_diff-1714637868.307317-2024-05-02_10.17.48.307317.patch", "clean_after_upload": false}, "version": 6, "at": 1714637868.3074245}
{"obj": {"type": "ConfigFloatSeries", "path": ["monitoring", "3fde915f", "cpu"], "min": 0.0, "max": 100.0, "unit": "%"}, "version": 7, "at": 1714637868.314475}
{"obj": {"type": "ClearFloatLog", "path": ["monitoring", "3fde915f", "cpu"]}, "version": 8, "at": 1714637868.3145916}
{"obj": {"type": "ConfigFloatSeries", "path": ["monitoring", "3fde915f", "memory"], "min": 0.0, "max": 15.489356994628906, "unit": "GB"}, "version": 9, "at": 1714637868.3147132}
{"obj": {"type": "ClearFloatLog", "path": ["monitoring", "3fde915f", "memory"]}, "version": 10, "at": 1714637868.3147602}
{"obj": {"type": "LogStrings", "path": ["monitoring", "3fde915f", "stdout"], "values": [{"value": "[neptune] [warning] Info (NVML): NVML Shared Library Not Found. GPU usage metrics may not be reported. For more information, see https://docs.neptune.ai/help/nvml_error/\n", "step": null, "ts": 1714637868.3150713}]}, "version": 11, "at": 1714637868.3151002}
{"obj": {"type": "LogFloats", "path": ["monitoring", "3fde915f", "cpu"], "values": [{"value": 21.9, "step": null, "ts": 1714637868.3156857}]}, "version": 12, "at": 1714637868.3175006}
{"obj": {"type": "LogFloats", "path": ["monitoring", "3fde915f", "memory"], "values": [{"value": 3.435009002685547, "step": null, "ts": 1714637868.3156857}]}, "version": 13, "at": 1714637868.3181372}
{"obj": {"type": "LogStrings", "path": ["monitoring", "3fde915f", "stderr"], "values": [{"value": "\rFetching file...: 0 [00:00, ?/s]", "step": null, "ts": 1714637868.534959}]}, "version": 14, "at": 1714637868.535052}
{"obj": {"type": "LogStrings", "path": ["monitoring", "3fde915f", "stderr"], "values": [{"value": "", "step": null, "ts": 1714637868.6072266}]}, "version": 15, "at": 1714637868.6072645}
{"obj": {"type": "LogStrings", "path": ["monitoring", "3fde915f", "stderr"], "values": [{"value": "\rFetching file...: 100%|\u2588\u2588\u2588\u2588\u2588\u2588\u2588\u2588\u2588\u2588\u2588\u2588\u2588\u2588\u2588\u2588\u2588\u2588\u2588\u2588\u2588\u2588\u2588\u2588\u2588\u2588\u2588\u2588\u2588\u2588\u2588\u2588\u2588\u2588\u2588\u2588\u2588\u2588\u2588\u2588\u2588\u2588\u2588\u2588\u2588\u2588\u2588\u2588\u2588\u2588\u2588\u2588\u2588\u2588\u2588\u2588\u2588\u2588\u2588\u2588\u2588\u2588\u2588\u2588\u2588\u2588\u2588\u2588\u2588\u2588\u2588\u2588\u2588\u2588\u2588\u2588\u2588\u2588\u2588\u2588\u2588\u2588\u2588\u2588\u2588\u2588\u2588\u2588\u2588\u2588\u2588\u2588\u2588\u2588\u2588\u2588\u2588\u2588\u2588\u2588\u2588\u2588\u2588\u2588| 2900373/2900373 [00:00<00:00, 38787766.76/s]", "step": null, "ts": 1714637868.6074455}]}, "version": 16, "at": 1714637868.6074686}
{"obj": {"type": "LogStrings", "path": ["monitoring", "3fde915f", "stderr"], "values": [{"value": "\n", "step": null, "ts": 1714637868.6075902}]}, "version": 17, "at": 1714637868.6076093}
{"obj": {"type": "LogStrings", "path": ["monitoring", "3fde915f", "stdout"], "values": [{"value": "\u001b[32mThe data is successfully fetched from Neptune.", "step": null, "ts": 1714637868.610625}]}, "version": 18, "at": 1714637868.6106548}
{"obj": {"type": "LogStrings", "path": ["monitoring", "3fde915f", "stdout"], "values": [{"value": " ", "step": null, "ts": 1714637868.6107857}]}, "version": 19, "at": 1714637868.610807}
{"obj": {"type": "LogStrings", "path": ["monitoring", "3fde915f", "stdout"], "values": [{"value": "\u001b[37m", "step": null, "ts": 1714637868.6109023}]}, "version": 20, "at": 1714637868.610922}
{"obj": {"type": "LogStrings", "path": ["monitoring", "3fde915f", "stdout"], "values": [{"value": "\n", "step": null, "ts": 1714637868.6110103}]}, "version": 21, "at": 1714637868.6110265}
{"obj": {"type": "LogStrings", "path": ["monitoring", "3fde915f", "stdout"], "values": [{"value": "\u001b[32mThe data is successfully fetched from Neptune.", "step": null, "ts": 1714637868.7102463}]}, "version": 22, "at": 1714637868.7103279}
{"obj": {"type": "LogStrings", "path": ["monitoring", "3fde915f", "stdout"], "values": [{"value": " ", "step": null, "ts": 1714637868.7107067}]}, "version": 23, "at": 1714637868.7107606}
{"obj": {"type": "LogStrings", "path": ["monitoring", "3fde915f", "stdout"], "values": [{"value": "\u001b[37m", "step": null, "ts": 1714637868.7125585}]}, "version": 24, "at": 1714637868.712626}
{"obj": {"type": "LogStrings", "path": ["monitoring", "3fde915f", "stdout"], "values": [{"value": "\n", "step": null, "ts": 1714637868.7134848}]}, "version": 25, "at": 1714637868.713555}
{"obj": {"type": "LogStrings", "path": ["monitoring", "3fde915f", "stderr"], "values": [{"value": "/home/bimokhtari1/anaconda3/lib/python3.11/site-packages/torch/nn/_reduction.py:42: UserWarning: size_average and reduce args will be deprecated, please use reduction='sum' instead.\n  warnings.warn(warning.format(ret))\n", "step": null, "ts": 1714637869.4984689}]}, "version": 26, "at": 1714637869.4984953}
{"obj": {"type": "LogStrings", "path": ["monitoring", "3fde915f", "stderr"], "values": [{"value": "\rTraining:   0%|                                                                                                                                   | 0/100 [00:00<?, ?epoch/s]", "step": null, "ts": 1714637869.4986603}]}, "version": 27, "at": 1714637869.498675}
{"obj": {"type": "LogFloats", "path": ["training", "losses", "Hidden Layer MSELoss (size = 4096)"], "values": [{"value": 928614.875, "step": 0, "ts": 1714637871.704349}]}, "version": 28, "at": 1714637871.7047083}
{"obj": {"type": "LogFloats", "path": ["training", "losses", "Hidden Layer MSELoss (size = 1024)"], "values": [{"value": 362894.09375, "step": 0, "ts": 1714637871.7048635}]}, "version": 29, "at": 1714637871.7050219}
{"obj": {"type": "LogFloats", "path": ["training", "losses", "Hidden Layer MSELoss (size = 512)"], "values": [{"value": 179950.9375, "step": 0, "ts": 1714637871.7051225}]}, "version": 30, "at": 1714637871.7052643}
{"obj": {"type": "LogFloats", "path": ["training", "losses", "Hidden Layer MSELoss (size = 256)"], "values": [{"value": 93502.390625, "step": 0, "ts": 1714637871.7053502}]}, "version": 31, "at": 1714637871.7054868}
{"obj": {"type": "LogFloats", "path": ["training", "losses", "MSELoss"], "values": [{"value": 391240.59375, "step": 0, "ts": 1714637871.7055762}]}, "version": 32, "at": 1714637871.7057037}
{"obj": {"type": "UploadFile", "path": ["training", "checkpoints", "chkpt_epoch_0"], "ext": "pth", "file_path": "/tmp/tmpua3ozvd6.pth", "tmp_file_name": null, "clean_after_upload": false}, "version": 33, "at": 1714637872.0706604}
{"obj": {"type": "LogStrings", "path": ["monitoring", "3fde915f", "stdout"], "values": [{"value": "\u001b[32mThe data are successfully loaded to Neptune.\u001b[37m", "step": null, "ts": 1714637872.071197}]}, "version": 34, "at": 1714637872.071265}
{"obj": {"type": "LogStrings", "path": ["monitoring", "3fde915f", "stdout"], "values": [{"value": "\n", "step": null, "ts": 1714637872.071908}]}, "version": 35, "at": 1714637872.0719666}
{"obj": {"type": "LogStrings", "path": ["monitoring", "3fde915f", "stdout"], "values": [{"value": "\u001b[32mThe checkpoint is successfully logged to Neptune.", "step": null, "ts": 1714637872.0728738}]}, "version": 36, "at": 1714637872.0729334}
{"obj": {"type": "LogStrings", "path": ["monitoring", "3fde915f", "stdout"], "values": [{"value": " ", "step": null, "ts": 1714637872.0763237}]}, "version": 37, "at": 1714637872.0763857}
{"obj": {"type": "LogStrings", "path": ["monitoring", "3fde915f", "stdout"], "values": [{"value": "\u001b[37m", "step": null, "ts": 1714637872.0766895}]}, "version": 38, "at": 1714637872.076738}
{"obj": {"type": "LogStrings", "path": ["monitoring", "3fde915f", "stdout"], "values": [{"value": "\n", "step": null, "ts": 1714637872.076979}]}, "version": 39, "at": 1714637872.0770223}
{"obj": {"type": "LogStrings", "path": ["monitoring", "3fde915f", "stderr"], "values": [{"value": "\rTraining:   1%|\u2588\u258f                                                                                                                         | 1/100 [00:02<04:14,  2.57s/epoch]", "step": null, "ts": 1714637872.078325}]}, "version": 40, "at": 1714637872.0786312}
{"obj": {"type": "LogFloats", "path": ["training", "losses", "Hidden Layer MSELoss (size = 4096)"], "values": [{"value": 921039.8125, "step": 1, "ts": 1714637874.4163003}]}, "version": 41, "at": 1714637874.4164512}
{"obj": {"type": "LogFloats", "path": ["training", "losses", "Hidden Layer MSELoss (size = 1024)"], "values": [{"value": 356684.75, "step": 1, "ts": 1714637874.4172516}]}, "version": 42, "at": 1714637874.4173467}
{"obj": {"type": "LogFloats", "path": ["training", "losses", "Hidden Layer MSELoss (size = 512)"], "values": [{"value": 178917.71875, "step": 1, "ts": 1714637874.4178302}]}, "version": 43, "at": 1714637874.4179163}
{"obj": {"type": "LogFloats", "path": ["training", "losses", "Hidden Layer MSELoss (size = 256)"], "values": [{"value": 84057.1953125, "step": 1, "ts": 1714637874.4183836}]}, "version": 44, "at": 1714637874.4184566}
{"obj": {"type": "LogFloats", "path": ["training", "losses", "MSELoss"], "values": [{"value": 385174.875, "step": 1, "ts": 1714637874.4189293}]}, "version": 45, "at": 1714637874.4189968}
{"obj": {"type": "LogStrings", "path": ["monitoring", "3fde915f", "stderr"], "values": [{"value": "\rTraining:   2%|\u2588\u2588\u258d                                                                                                                        | 2/100 [00:04<03:59,  2.44s/epoch]", "step": null, "ts": 1714637874.4199064}]}, "version": 46, "at": 1714637874.4199314}
{"obj": {"type": "LogFloats", "path": ["training", "losses", "Hidden Layer MSELoss (size = 4096)"], "values": [{"value": 887510.6875, "step": 2, "ts": 1714637876.7200294}]}, "version": 47, "at": 1714637876.720185}
{"obj": {"type": "LogFloats", "path": ["training", "losses", "Hidden Layer MSELoss (size = 1024)"], "values": [{"value": 332428.5, "step": 2, "ts": 1714637876.7209105}]}, "version": 48, "at": 1714637876.7210083}
{"obj": {"type": "LogFloats", "path": ["training", "losses", "Hidden Layer MSELoss (size = 512)"], "values": [{"value": 176329.09375, "step": 2, "ts": 1714637876.7215593}]}, "version": 49, "at": 1714637876.721643}
{"obj": {"type": "LogFloats", "path": ["training", "losses", "Hidden Layer MSELoss (size = 256)"], "values": [{"value": 83817.375, "step": 2, "ts": 1714637876.72218}]}, "version": 50, "at": 1714637876.7222617}
{"obj": {"type": "LogFloats", "path": ["training", "losses", "MSELoss"], "values": [{"value": 370021.4375, "step": 2, "ts": 1714637876.7227926}]}, "version": 51, "at": 1714637876.7228837}
{"obj": {"type": "LogStrings", "path": ["monitoring", "3fde915f", "stderr"], "values": [{"value": "\rTraining:   3%|\u2588\u2588\u2588\u258b                                                                                                                       | 3/100 [00:07<03:50,  2.38s/epoch]", "step": null, "ts": 1714637876.72378}]}, "version": 52, "at": 1714637876.7238111}
{"obj": {"type": "LogFloats", "path": ["monitoring", "3fde915f", "cpu"], "values": [{"value": 87.9, "step": null, "ts": 1714637878.318304}]}, "version": 53, "at": 1714637878.3186045}
{"obj": {"type": "LogFloats", "path": ["monitoring", "3fde915f", "memory"], "values": [{"value": 5.267543792724609, "step": null, "ts": 1714637878.318304}]}, "version": 54, "at": 1714637878.3187423}
{"obj": {"type": "LogFloats", "path": ["training", "losses", "Hidden Layer MSELoss (size = 4096)"], "values": [{"value": 856401.125, "step": 3, "ts": 1714637878.7167444}]}, "version": 55, "at": 1714637878.71691}
{"obj": {"type": "LogFloats", "path": ["training", "losses", "Hidden Layer MSELoss (size = 1024)"], "values": [{"value": 306661.9375, "step": 3, "ts": 1714637878.7175453}]}, "version": 56, "at": 1714637878.7176368}
{"obj": {"type": "LogFloats", "path": ["training", "losses", "Hidden Layer MSELoss (size = 512)"], "values": [{"value": 173783.453125, "step": 3, "ts": 1714637878.7181563}]}, "version": 57, "at": 1714637878.7182355}
{"obj": {"type": "LogFloats", "path": ["training", "losses", "Hidden Layer MSELoss (size = 256)"], "values": [{"value": 79414.171875, "step": 3, "ts": 1714637878.718746}]}, "version": 58, "at": 1714637878.7188249}
{"obj": {"type": "LogFloats", "path": ["training", "losses", "MSELoss"], "values": [{"value": 354065.15625, "step": 3, "ts": 1714637878.7193222}]}, "version": 59, "at": 1714637878.7193956}
{"obj": {"type": "LogStrings", "path": ["monitoring", "3fde915f", "stderr"], "values": [{"value": "\rTraining:   4%|\u2588\u2588\u2588\u2588\u2589                                                                                                                      | 4/100 [00:09<03:33,  2.23s/epoch]", "step": null, "ts": 1714637878.720452}]}, "version": 60, "at": 1714637878.7204807}
{"obj": {"type": "LogFloats", "path": ["training", "losses", "Hidden Layer MSELoss (size = 4096)"], "values": [{"value": 832684.6875, "step": 4, "ts": 1714637881.0228612}]}, "version": 61, "at": 1714637881.0230105}
{"obj": {"type": "LogFloats", "path": ["training", "losses", "Hidden Layer MSELoss (size = 1024)"], "values": [{"value": 277263.46875, "step": 4, "ts": 1714637881.0238962}]}, "version": 62, "at": 1714637881.0239935}
{"obj": {"type": "LogFloats", "path": ["training", "losses", "Hidden Layer MSELoss (size = 512)"], "values": [{"value": 166988.8125, "step": 4, "ts": 1714637881.0245123}]}, "version": 63, "at": 1714637881.0245945}
{"obj": {"type": "LogFloats", "path": ["training", "losses", "Hidden Layer MSELoss (size = 256)"], "values": [{"value": 77310.390625, "step": 4, "ts": 1714637881.0251024}]}, "version": 64, "at": 1714637881.0251803}
{"obj": {"type": "LogFloats", "path": ["training", "losses", "MSELoss"], "values": [{"value": 338561.84375, "step": 4, "ts": 1714637881.025695}]}, "version": 65, "at": 1714637881.0257733}
{"obj": {"type": "LogStrings", "path": ["monitoring", "3fde915f", "stderr"], "values": [{"value": "\rTraining:   5%|\u2588\u2588\u2588\u2588\u2588\u2588\u258f                                                                                                                    | 5/100 [00:11<03:34,  2.26s/epoch]", "step": null, "ts": 1714637881.0266237}]}, "version": 66, "at": 1714637881.0266538}
{"obj": {"type": "LogFloats", "path": ["training", "losses", "Hidden Layer MSELoss (size = 4096)"], "values": [{"value": 821182.25, "step": 5, "ts": 1714637882.9890769}]}, "version": 67, "at": 1714637882.98923}
{"obj": {"type": "LogFloats", "path": ["training", "losses", "Hidden Layer MSELoss (size = 1024)"], "values": [{"value": 251015.40625, "step": 5, "ts": 1714637882.9901}]}, "version": 68, "at": 1714637882.990204}
{"obj": {"type": "LogFloats", "path": ["training", "losses", "Hidden Layer MSELoss (size = 512)"], "values": [{"value": 163113.25, "step": 5, "ts": 1714637882.9907508}]}, "version": 69, "at": 1714637882.9908495}
{"obj": {"type": "LogFloats", "path": ["training", "losses", "Hidden Layer MSELoss (size = 256)"], "values": [{"value": 74407.7109375, "step": 5, "ts": 1714637882.991358}]}, "version": 70, "at": 1714637882.991436}
{"obj": {"type": "LogFloats", "path": ["training", "losses", "MSELoss"], "values": [{"value": 327429.65625, "step": 5, "ts": 1714637882.9919515}]}, "version": 71, "at": 1714637882.9920254}
{"obj": {"type": "LogStrings", "path": ["monitoring", "3fde915f", "stderr"], "values": [{"value": "\rTraining:   6%|\u2588\u2588\u2588\u2588\u2588\u2588\u2588\u258d                                                                                                                   | 6/100 [00:13<03:22,  2.16s/epoch]", "step": null, "ts": 1714637882.993046}]}, "version": 72, "at": 1714637882.9930732}
{"obj": {"type": "LogFloats", "path": ["training", "losses", "Hidden Layer MSELoss (size = 4096)"], "values": [{"value": 811586.9375, "step": 6, "ts": 1714637884.9198437}]}, "version": 73, "at": 1714637884.9200144}
{"obj": {"type": "LogFloats", "path": ["training", "losses", "Hidden Layer MSELoss (size = 1024)"], "values": [{"value": 225186.15625, "step": 6, "ts": 1714637884.9206386}]}, "version": 74, "at": 1714637884.9207325}
{"obj": {"type": "LogFloats", "path": ["training", "losses", "Hidden Layer MSELoss (size = 512)"], "values": [{"value": 159121.78125, "step": 6, "ts": 1714637884.9212582}]}, "version": 75, "at": 1714637884.9213393}
{"obj": {"type": "LogFloats", "path": ["training", "losses", "Hidden Layer MSELoss (size = 256)"], "values": [{"value": 70765.53125, "step": 6, "ts": 1714637884.9218488}]}, "version": 76, "at": 1714637884.9219291}
{"obj": {"type": "LogFloats", "path": ["training", "losses", "MSELoss"], "values": [{"value": 316665.09375, "step": 6, "ts": 1714637884.9224277}]}, "version": 77, "at": 1714637884.922504}
{"obj": {"type": "LogStrings", "path": ["monitoring", "3fde915f", "stderr"], "values": [{"value": "\rTraining:   7%|\u2588\u2588\u2588\u2588\u2588\u2588\u2588\u2588\u258c                                                                                                                  | 7/100 [00:15<03:13,  2.08s/epoch]", "step": null, "ts": 1714637884.923327}]}, "version": 78, "at": 1714637884.9233558}
{"obj": {"type": "LogFloats", "path": ["training", "losses", "Hidden Layer MSELoss (size = 4096)"], "values": [{"value": 804130.875, "step": 7, "ts": 1714637886.9597409}]}, "version": 79, "at": 1714637886.9598937}
{"obj": {"type": "LogFloats", "path": ["training", "losses", "Hidden Layer MSELoss (size = 1024)"], "values": [{"value": 203492.3125, "step": 7, "ts": 1714637886.960782}]}, "version": 80, "at": 1714637886.9608953}
{"obj": {"type": "LogFloats", "path": ["training", "losses", "Hidden Layer MSELoss (size = 512)"], "values": [{"value": 154772.390625, "step": 7, "ts": 1714637886.9614148}]}, "version": 81, "at": 1714637886.9615028}
{"obj": {"type": "LogFloats", "path": ["training", "losses", "Hidden Layer MSELoss (size = 256)"], "values": [{"value": 67964.59375, "step": 7, "ts": 1714637886.9620144}]}, "version": 82, "at": 1714637886.9620917}
{"obj": {"type": "LogFloats", "path": ["training", "losses", "MSELoss"], "values": [{"value": 307590.0625, "step": 7, "ts": 1714637886.962601}]}, "version": 83, "at": 1714637886.962677}
{"obj": {"type": "LogStrings", "path": ["monitoring", "3fde915f", "stderr"], "values": [{"value": "\rTraining:   8%|\u2588\u2588\u2588\u2588\u2588\u2588\u2588\u2588\u2588\u258a                                                                                                                 | 8/100 [00:17<03:10,  2.07s/epoch]", "step": null, "ts": 1714637886.9637}]}, "version": 84, "at": 1714637886.963726}
{"obj": {"type": "LogFloats", "path": ["monitoring", "3fde915f", "cpu"], "values": [{"value": 99.8, "step": null, "ts": 1714637888.3189027}]}, "version": 85, "at": 1714637888.3192077}
{"obj": {"type": "LogFloats", "path": ["monitoring", "3fde915f", "memory"], "values": [{"value": 5.304924011230469, "step": null, "ts": 1714637888.3189027}]}, "version": 86, "at": 1714637888.3193564}
{"obj": {"type": "LogFloats", "path": ["training", "losses", "Hidden Layer MSELoss (size = 4096)"], "values": [{"value": 798252.3125, "step": 8, "ts": 1714637888.9124024}]}, "version": 87, "at": 1714637888.9125555}
{"obj": {"type": "LogFloats", "path": ["training", "losses", "Hidden Layer MSELoss (size = 1024)"], "values": [{"value": 182760.21875, "step": 8, "ts": 1714637888.9131994}]}, "version": 88, "at": 1714637888.9132898}
{"obj": {"type": "LogFloats", "path": ["training", "losses", "Hidden Layer MSELoss (size = 512)"], "values": [{"value": 148902.984375, "step": 8, "ts": 1714637888.9138212}]}, "version": 89, "at": 1714637888.9139037}
{"obj": {"type": "LogFloats", "path": ["training", "losses", "Hidden Layer MSELoss (size = 256)"], "values": [{"value": 64131.9140625, "step": 8, "ts": 1714637888.9144127}]}, "version": 90, "at": 1714637888.9144921}
{"obj": {"type": "LogFloats", "path": ["training", "losses", "MSELoss"], "values": [{"value": 298511.84375, "step": 8, "ts": 1714637888.9150064}]}, "version": 91, "at": 1714637888.9150815}
{"obj": {"type": "LogStrings", "path": ["monitoring", "3fde915f", "stderr"], "values": [{"value": "\rTraining:   9%|\u2588\u2588\u2588\u2588\u2588\u2588\u2588\u2588\u2588\u2588\u2588                                                                                                                | 9/100 [00:19<03:04,  2.03s/epoch]", "step": null, "ts": 1714637888.9163883}]}, "version": 92, "at": 1714637888.9164171}
{"obj": {"type": "LogFloats", "path": ["training", "losses", "Hidden Layer MSELoss (size = 4096)"], "values": [{"value": 793145.75, "step": 9, "ts": 1714637890.878353}]}, "version": 93, "at": 1714637890.8785024}
{"obj": {"type": "LogFloats", "path": ["training", "losses", "Hidden Layer MSELoss (size = 1024)"], "values": [{"value": 166536.375, "step": 9, "ts": 1714637890.8793387}]}, "version": 94, "at": 1714637890.8794382}
{"obj": {"type": "LogFloats", "path": ["training", "losses", "Hidden Layer MSELoss (size = 512)"], "values": [{"value": 142817.40625, "step": 9, "ts": 1714637890.8799605}]}, "version": 95, "at": 1714637890.8800428}
{"obj": {"type": "LogFloats", "path": ["training", "losses", "Hidden Layer MSELoss (size = 256)"], "values": [{"value": 60609.2265625, "step": 9, "ts": 1714637890.8805523}]}, "version": 96, "at": 1714637890.8806305}
{"obj": {"type": "LogFloats", "path": ["training", "losses", "MSELoss"], "values": [{"value": 290777.1875, "step": 9, "ts": 1714637890.8811407}]}, "version": 97, "at": 1714637890.8812134}
{"obj": {"type": "LogStrings", "path": ["monitoring", "3fde915f", "stderr"], "values": [{"value": "\rTraining:  10%|\u2588\u2588\u2588\u2588\u2588\u2588\u2588\u2588\u2588\u2588\u2588\u2588\u258f                                                                                                             | 10/100 [00:21<03:01,  2.01s/epoch]", "step": null, "ts": 1714637890.8822138}]}, "version": 98, "at": 1714637890.8822396}
{"obj": {"type": "LogFloats", "path": ["training", "losses", "Hidden Layer MSELoss (size = 4096)"], "values": [{"value": 789379.375, "step": 10, "ts": 1714637893.0659103}]}, "version": 99, "at": 1714637893.0660605}
{"obj": {"type": "LogFloats", "path": ["training", "losses", "Hidden Layer MSELoss (size = 1024)"], "values": [{"value": 150826.96875, "step": 10, "ts": 1714637893.0669038}]}, "version": 100, "at": 1714637893.0670004}
{"obj": {"type": "LogFloats", "path": ["training", "losses", "Hidden Layer MSELoss (size = 512)"], "values": [{"value": 136566.53125, "step": 10, "ts": 1714637893.0675268}]}, "version": 101, "at": 1714637893.0676076}
{"obj": {"type": "LogFloats", "path": ["training", "losses", "Hidden Layer MSELoss (size = 256)"], "values": [{"value": 57265.53515625, "step": 10, "ts": 1714637893.0681221}]}, "version": 102, "at": 1714637893.0681977}
{"obj": {"type": "LogFloats", "path": ["training", "losses", "MSELoss"], "values": [{"value": 283509.59375, "step": 10, "ts": 1714637893.0686812}]}, "version": 103, "at": 1714637893.0687535}
{"obj": {"type": "UploadFile", "path": ["training", "checkpoints", "chkpt_epoch_10"], "ext": "pth", "file_path": "/tmp/tmp3k1vywy5.pth", "tmp_file_name": null, "clean_after_upload": false}, "version": 104, "at": 1714637893.4329169}
{"obj": {"type": "LogStrings", "path": ["monitoring", "3fde915f", "stdout"], "values": [{"value": "\u001b[32mThe data are successfully loaded to Neptune.\u001b[37m", "step": null, "ts": 1714637893.4334855}]}, "version": 105, "at": 1714637893.4335566}
{"obj": {"type": "LogStrings", "path": ["monitoring", "3fde915f", "stdout"], "values": [{"value": "\n", "step": null, "ts": 1714637893.4341915}]}, "version": 106, "at": 1714637893.4342506}
{"obj": {"type": "LogStrings", "path": ["monitoring", "3fde915f", "stderr"], "values": [{"value": "\rTraining:  11%|\u2588\u2588\u2588\u2588\u2588\u2588\u2588\u2588\u2588\u2588\u2588\u2588\u2588\u258d                                                                                                            | 11/100 [00:23<03:13,  2.18s/epoch]", "step": null, "ts": 1714637893.4363847}]}, "version": 107, "at": 1714637893.4364583}
{"obj": {"type": "LogStrings", "path": ["monitoring", "3fde915f", "stdout"], "values": [{"value": "\u001b[32mThe checkpoint is successfully logged to Neptune.", "step": null, "ts": 1714637893.4371753}]}, "version": 108, "at": 1714637893.4372282}
{"obj": {"type": "LogStrings", "path": ["monitoring", "3fde915f", "stdout"], "values": [{"value": " ", "step": null, "ts": 1714637893.4377553}]}, "version": 109, "at": 1714637893.4378018}
{"obj": {"type": "LogStrings", "path": ["monitoring", "3fde915f", "stdout"], "values": [{"value": "\u001b[37m", "step": null, "ts": 1714637893.4380429}]}, "version": 110, "at": 1714637893.4380846}
{"obj": {"type": "LogStrings", "path": ["monitoring", "3fde915f", "stdout"], "values": [{"value": "\n", "step": null, "ts": 1714637893.4383073}]}, "version": 111, "at": 1714637893.4383476}
{"obj": {"type": "LogFloats", "path": ["training", "losses", "Hidden Layer MSELoss (size = 4096)"], "values": [{"value": 787281.125, "step": 11, "ts": 1714637897.1368318}]}, "version": 112, "at": 1714637897.136975}
{"obj": {"type": "LogFloats", "path": ["training", "losses", "Hidden Layer MSELoss (size = 1024)"], "values": [{"value": 138500.6875, "step": 11, "ts": 1714637897.137371}]}, "version": 113, "at": 1714637897.1374638}
{"obj": {"type": "LogFloats", "path": ["training", "losses", "Hidden Layer MSELoss (size = 512)"], "values": [{"value": 131068.4296875, "step": 11, "ts": 1714637897.1375368}]}, "version": 114, "at": 1714637897.137597}
{"obj": {"type": "LogFloats", "path": ["training", "losses", "Hidden Layer MSELoss (size = 256)"], "values": [{"value": 54472.8671875, "step": 11, "ts": 1714637897.1376586}]}, "version": 115, "at": 1714637897.1377127}
{"obj": {"type": "LogFloats", "path": ["training", "losses", "MSELoss"], "values": [{"value": 277830.78125, "step": 11, "ts": 1714637897.1377697}]}, "version": 116, "at": 1714637897.1378222}
{"obj": {"type": "LogStrings", "path": ["monitoring", "3fde915f", "stderr"], "values": [{"value": "\rTraining:  12%|\u2588\u2588\u2588\u2588\u2588\u2588\u2588\u2588\u2588\u2588\u2588\u2588\u2588\u2588\u258b                                                                                                           | 12/100 [00:27<03:52,  2.64s/epoch]", "step": null, "ts": 1714637897.144526}]}, "version": 117, "at": 1714637897.144559}
{"obj": {"type": "LogFloats", "path": ["monitoring", "3fde915f", "cpu"], "values": [{"value": 96.7, "step": null, "ts": 1714637898.319509}]}, "version": 118, "at": 1714637898.3198323}
{"obj": {"type": "LogFloats", "path": ["monitoring", "3fde915f", "memory"], "values": [{"value": 6.075401306152344, "step": null, "ts": 1714637898.319509}]}, "version": 119, "at": 1714637898.3203092}
{"obj": {"type": "LogFloats", "path": ["training", "losses", "Hidden Layer MSELoss (size = 4096)"], "values": [{"value": 783300.25, "step": 12, "ts": 1714637900.4437144}]}, "version": 120, "at": 1714637900.443854}
{"obj": {"type": "LogFloats", "path": ["training", "losses", "Hidden Layer MSELoss (size = 1024)"], "values": [{"value": 127523.234375, "step": 12, "ts": 1714637900.4443965}]}, "version": 121, "at": 1714637900.444488}
{"obj": {"type": "LogFloats", "path": ["training", "losses", "Hidden Layer MSELoss (size = 512)"], "values": [{"value": 124486.984375, "step": 12, "ts": 1714637900.444932}]}, "version": 122, "at": 1714637900.4450028}
{"obj": {"type": "LogFloats", "path": ["training", "losses", "Hidden Layer MSELoss (size = 256)"], "values": [{"value": 51410.6171875, "step": 12, "ts": 1714637900.4454384}]}, "version": 123, "at": 1714637900.4455159}
{"obj": {"type": "LogFloats", "path": ["training", "losses", "MSELoss"], "values": [{"value": 271680.28125, "step": 12, "ts": 1714637900.4459517}]}, "version": 124, "at": 1714637900.4460232}
{"obj": {"type": "LogStrings", "path": ["monitoring", "3fde915f", "stderr"], "values": [{"value": "\rTraining:  13%|\u2588\u2588\u2588\u2588\u2588\u2588\u2588\u2588\u2588\u2588\u2588\u2588\u2588\u2588\u2588\u258a                                                                                                          | 13/100 [00:30<04:07,  2.84s/epoch]", "step": null, "ts": 1714637900.4492671}]}, "version": 125, "at": 1714637900.449317}
{"obj": {"type": "LogFloats", "path": ["training", "losses", "Hidden Layer MSELoss (size = 4096)"], "values": [{"value": 778608.5, "step": 13, "ts": 1714637903.580285}]}, "version": 126, "at": 1714637903.580456}
{"obj": {"type": "LogFloats", "path": ["training", "losses", "Hidden Layer MSELoss (size = 1024)"], "values": [{"value": 119296.25, "step": 13, "ts": 1714637903.5818973}]}, "version": 127, "at": 1714637903.5820637}
{"obj": {"type": "LogFloats", "path": ["training", "losses", "Hidden Layer MSELoss (size = 512)"], "values": [{"value": 117738.421875, "step": 13, "ts": 1714637903.5826797}]}, "version": 128, "at": 1714637903.582799}
{"obj": {"type": "LogFloats", "path": ["training", "losses", "Hidden Layer MSELoss (size = 256)"], "values": [{"value": 48509.74609375, "step": 13, "ts": 1714637903.5833573}]}, "version": 129, "at": 1714637903.5834887}
{"obj": {"type": "LogFloats", "path": ["training", "losses", "MSELoss"], "values": [{"value": 266038.21875, "step": 13, "ts": 1714637903.5840259}]}, "version": 130, "at": 1714637903.584135}
{"obj": {"type": "LogStrings", "path": ["monitoring", "3fde915f", "stderr"], "values": [{"value": "\rTraining:  14%|\u2588\u2588\u2588\u2588\u2588\u2588\u2588\u2588\u2588\u2588\u2588\u2588\u2588\u2588\u2588\u2588\u2588                                                                                                         | 14/100 [00:34<04:12,  2.93s/epoch]", "step": null, "ts": 1714637903.5851195}]}, "version": 131, "at": 1714637903.5851526}
{"obj": {"type": "LogFloats", "path": ["training", "losses", "Hidden Layer MSELoss (size = 4096)"], "values": [{"value": 775419.25, "step": 14, "ts": 1714637906.226056}]}, "version": 132, "at": 1714637906.2262132}
{"obj": {"type": "LogFloats", "path": ["training", "losses", "Hidden Layer MSELoss (size = 1024)"], "values": [{"value": 109184.796875, "step": 14, "ts": 1714637906.2270453}]}, "version": 133, "at": 1714637906.2271411}
{"obj": {"type": "LogFloats", "path": ["training", "losses", "Hidden Layer MSELoss (size = 512)"], "values": [{"value": 111510.03125, "step": 14, "ts": 1714637906.2276433}]}, "version": 134, "at": 1714637906.227721}
{"obj": {"type": "LogFloats", "path": ["training", "losses", "Hidden Layer MSELoss (size = 256)"], "values": [{"value": 46528.671875, "step": 14, "ts": 1714637906.228207}]}, "version": 135, "at": 1714637906.228277}
{"obj": {"type": "LogFloats", "path": ["training", "losses", "MSELoss"], "values": [{"value": 260660.703125, "step": 14, "ts": 1714637906.2287395}]}, "version": 136, "at": 1714637906.228809}
{"obj": {"type": "LogStrings", "path": ["monitoring", "3fde915f", "stderr"], "values": [{"value": "\rTraining:  15%|\u2588\u2588\u2588\u2588\u2588\u2588\u2588\u2588\u2588\u2588\u2588\u2588\u2588\u2588\u2588\u2588\u2588\u2588\u258e                                                                                                       | 15/100 [00:36<04:01,  2.85s/epoch]", "step": null, "ts": 1714637906.2297657}]}, "version": 137, "at": 1714637906.2297897}
{"obj": {"type": "LogFloats", "path": ["monitoring", "3fde915f", "cpu"], "values": [{"value": 99.4, "step": null, "ts": 1714637908.320752}]}, "version": 138, "at": 1714637908.3210657}
{"obj": {"type": "LogFloats", "path": ["monitoring", "3fde915f", "memory"], "values": [{"value": 5.334495544433594, "step": null, "ts": 1714637908.320752}]}, "version": 139, "at": 1714637908.321511}
{"obj": {"type": "LogFloats", "path": ["training", "losses", "Hidden Layer MSELoss (size = 4096)"], "values": [{"value": 772816.75, "step": 15, "ts": 1714637908.9352605}]}, "version": 140, "at": 1714637908.9354117}
{"obj": {"type": "LogFloats", "path": ["training", "losses", "Hidden Layer MSELoss (size = 1024)"], "values": [{"value": 99872.4453125, "step": 15, "ts": 1714637908.9360435}]}, "version": 141, "at": 1714637908.936139}
{"obj": {"type": "LogFloats", "path": ["training", "losses", "Hidden Layer MSELoss (size = 512)"], "values": [{"value": 104650.4609375, "step": 15, "ts": 1714637908.9365616}]}, "version": 142, "at": 1714637908.9366283}
{"obj": {"type": "LogFloats", "path": ["training", "losses", "Hidden Layer MSELoss (size = 256)"], "values": [{"value": 44205.015625, "step": 15, "ts": 1714637908.9370387}]}, "version": 143, "at": 1714637908.937102}
{"obj": {"type": "LogFloats", "path": ["training", "losses", "MSELoss"], "values": [{"value": 255386.15625, "step": 15, "ts": 1714637908.9375203}]}, "version": 144, "at": 1714637908.9375846}
{"obj": {"type": "LogStrings", "path": ["monitoring", "3fde915f", "stderr"], "values": [{"value": "\rTraining:  16%|\u2588\u2588\u2588\u2588\u2588\u2588\u2588\u2588\u2588\u2588\u2588\u2588\u2588\u2588\u2588\u2588\u2588\u2588\u2588\u258c                                                                                                      | 16/100 [00:39<03:55,  2.80s/epoch]", "step": null, "ts": 1714637908.93831}]}, "version": 145, "at": 1714637908.9383342}
{"obj": {"type": "LogFloats", "path": ["training", "losses", "Hidden Layer MSELoss (size = 4096)"], "values": [{"value": 770003.3125, "step": 16, "ts": 1714637911.7825518}]}, "version": 146, "at": 1714637911.7827797}
{"obj": {"type": "LogFloats", "path": ["training", "losses", "Hidden Layer MSELoss (size = 1024)"], "values": [{"value": 91726.21875, "step": 16, "ts": 1714637911.783911}]}, "version": 147, "at": 1714637911.784058}
{"obj": {"type": "LogFloats", "path": ["training", "losses", "Hidden Layer MSELoss (size = 512)"], "values": [{"value": 98294.65625, "step": 16, "ts": 1714637911.7847233}]}, "version": 148, "at": 1714637911.7848506}
{"obj": {"type": "LogFloats", "path": ["training", "losses", "Hidden Layer MSELoss (size = 256)"], "values": [{"value": 41683.00390625, "step": 16, "ts": 1714637911.7854283}]}, "version": 149, "at": 1714637911.7855241}
{"obj": {"type": "LogFloats", "path": ["training", "losses", "MSELoss"], "values": [{"value": 250426.78125, "step": 16, "ts": 1714637911.7860255}]}, "version": 150, "at": 1714637911.7861028}
{"obj": {"type": "LogStrings", "path": ["monitoring", "3fde915f", "stderr"], "values": [{"value": "\rTraining:  17%|\u2588\u2588\u2588\u2588\u2588\u2588\u2588\u2588\u2588\u2588\u2588\u2588\u2588\u2588\u2588\u2588\u2588\u2588\u2588\u2588\u258b                                                                                                     | 17/100 [00:42<03:53,  2.82s/epoch]", "step": null, "ts": 1714637911.7869847}]}, "version": 151, "at": 1714637911.7870097}
{"obj": {"type": "LogFloats", "path": ["training", "losses", "Hidden Layer MSELoss (size = 4096)"], "values": [{"value": 767136.5, "step": 17, "ts": 1714637914.3562882}]}, "version": 152, "at": 1714637914.3564358}
{"obj": {"type": "LogFloats", "path": ["training", "losses", "Hidden Layer MSELoss (size = 1024)"], "values": [{"value": 84112.359375, "step": 17, "ts": 1714637914.3571885}]}, "version": 153, "at": 1714637914.3572762}
{"obj": {"type": "LogFloats", "path": ["training", "losses", "Hidden Layer MSELoss (size = 512)"], "values": [{"value": 91903.234375, "step": 17, "ts": 1714637914.357744}]}, "version": 154, "at": 1714637914.3578162}
{"obj": {"type": "LogFloats", "path": ["training", "losses", "Hidden Layer MSELoss (size = 256)"], "values": [{"value": 39092.84375, "step": 17, "ts": 1714637914.358266}]}, "version": 155, "at": 1714637914.358336}
{"obj": {"type": "LogFloats", "path": ["training", "losses", "MSELoss"], "values": [{"value": 245561.25, "step": 17, "ts": 1714637914.3587809}]}, "version": 156, "at": 1714637914.358848}
{"obj": {"type": "LogStrings", "path": ["monitoring", "3fde915f", "stderr"], "values": [{"value": "\rTraining:  18%|\u2588\u2588\u2588\u2588\u2588\u2588\u2588\u2588\u2588\u2588\u2588\u2588\u2588\u2588\u2588\u2588\u2588\u2588\u2588\u2588\u2588\u2589                                                                                                    | 18/100 [00:44<03:45,  2.74s/epoch]", "step": null, "ts": 1714637914.3596325}]}, "version": 157, "at": 1714637914.3596575}
{"obj": {"type": "LogFloats", "path": ["training", "losses", "Hidden Layer MSELoss (size = 4096)"], "values": [{"value": 764189.625, "step": 18, "ts": 1714637916.964326}]}, "version": 158, "at": 1714637916.964619}
{"obj": {"type": "LogFloats", "path": ["training", "losses", "Hidden Layer MSELoss (size = 1024)"], "values": [{"value": 78275.875, "step": 18, "ts": 1714637916.965503}]}, "version": 159, "at": 1714637916.9656491}
{"obj": {"type": "LogFloats", "path": ["training", "losses", "Hidden Layer MSELoss (size = 512)"], "values": [{"value": 85967.828125, "step": 18, "ts": 1714637916.9661317}]}, "version": 160, "at": 1714637916.9662166}
{"obj": {"type": "LogFloats", "path": ["training", "losses", "Hidden Layer MSELoss (size = 256)"], "values": [{"value": 36853.80859375, "step": 18, "ts": 1714637916.9666536}]}, "version": 161, "at": 1714637916.9667377}
{"obj": {"type": "LogFloats", "path": ["training", "losses", "MSELoss"], "values": [{"value": 241321.78125, "step": 18, "ts": 1714637916.9672365}]}, "version": 162, "at": 1714637916.9673364}
{"obj": {"type": "LogStrings", "path": ["monitoring", "3fde915f", "stderr"], "values": [{"value": "\rTraining:  19%|\u2588\u2588\u2588\u2588\u2588\u2588\u2588\u2588\u2588\u2588\u2588\u2588\u2588\u2588\u2588\u2588\u2588\u2588\u2588\u2588\u2588\u2588\u2588\u258f                                                                                                  | 19/100 [00:47<03:38,  2.70s/epoch]", "step": null, "ts": 1714637916.9682448}]}, "version": 163, "at": 1714637916.9682755}
{"obj": {"type": "LogFloats", "path": ["monitoring", "3fde915f", "cpu"], "values": [{"value": 99.7, "step": null, "ts": 1714637918.3219764}]}, "version": 164, "at": 1714637918.3223095}
{"obj": {"type": "LogFloats", "path": ["monitoring", "3fde915f", "memory"], "values": [{"value": 5.6667938232421875, "step": null, "ts": 1714637918.3219764}]}, "version": 165, "at": 1714637918.3229961}
{"obj": {"type": "LogFloats", "path": ["training", "losses", "Hidden Layer MSELoss (size = 4096)"], "values": [{"value": 761108.5, "step": 19, "ts": 1714637919.5732627}]}, "version": 166, "at": 1714637919.5734024}
{"obj": {"type": "LogFloats", "path": ["training", "losses", "Hidden Layer MSELoss (size = 1024)"], "values": [{"value": 73358.078125, "step": 19, "ts": 1714637919.5739956}]}, "version": 167, "at": 1714637919.5740776}
{"obj": {"type": "LogFloats", "path": ["training", "losses", "Hidden Layer MSELoss (size = 512)"], "values": [{"value": 80469.59375, "step": 19, "ts": 1714637919.5745308}]}, "version": 168, "at": 1714637919.5746}
{"obj": {"type": "LogFloats", "path": ["training", "losses", "Hidden Layer MSELoss (size = 256)"], "values": [{"value": 35182.875, "step": 19, "ts": 1714637919.5750566}]}, "version": 169, "at": 1714637919.5751214}
{"obj": {"type": "LogFloats", "path": ["training", "losses", "MSELoss"], "values": [{"value": 237529.75, "step": 19, "ts": 1714637919.5755484}]}, "version": 170, "at": 1714637919.5756123}
{"obj": {"type": "LogStrings", "path": ["monitoring", "3fde915f", "stderr"], "values": [{"value": "\rTraining:  20%|\u2588\u2588\u2588\u2588\u2588\u2588\u2588\u2588\u2588\u2588\u2588\u2588\u2588\u2588\u2588\u2588\u2588\u2588\u2588\u2588\u2588\u2588\u2588\u2588\u258d                                                                                                 | 20/100 [00:50<03:33,  2.67s/epoch]", "step": null, "ts": 1714637919.5765285}]}, "version": 171, "at": 1714637919.576553}
{"obj": {"type": "LogFloats", "path": ["training", "losses", "Hidden Layer MSELoss (size = 4096)"], "values": [{"value": 758407.6875, "step": 20, "ts": 1714637922.6405132}]}, "version": 172, "at": 1714637922.6406388}
{"obj": {"type": "LogFloats", "path": ["training", "losses", "Hidden Layer MSELoss (size = 1024)"], "values": [{"value": 68168.890625, "step": 20, "ts": 1714637922.6413426}]}, "version": 173, "at": 1714637922.6414263}
{"obj": {"type": "LogFloats", "path": ["training", "losses", "Hidden Layer MSELoss (size = 512)"], "values": [{"value": 75375.59375, "step": 20, "ts": 1714637922.641863}]}, "version": 174, "at": 1714637922.6419315}
{"obj": {"type": "LogFloats", "path": ["training", "losses", "Hidden Layer MSELoss (size = 256)"], "values": [{"value": 33878.32421875, "step": 20, "ts": 1714637922.6423457}]}, "version": 175, "at": 1714637922.6424093}
{"obj": {"type": "LogFloats", "path": ["training", "losses", "MSELoss"], "values": [{"value": 233957.609375, "step": 20, "ts": 1714637922.64282}]}, "version": 176, "at": 1714637922.6428828}
{"obj": {"type": "UploadFile", "path": ["training", "checkpoints", "chkpt_epoch_20"], "ext": "pth", "file_path": "/tmp/tmp6v4fghk7.pth", "tmp_file_name": null, "clean_after_upload": false}, "version": 177, "at": 1714637923.0143414}
{"obj": {"type": "LogStrings", "path": ["monitoring", "3fde915f", "stdout"], "values": [{"value": "\u001b[32mThe data are successfully loaded to Neptune.\u001b[37m", "step": null, "ts": 1714637923.0149357}]}, "version": 178, "at": 1714637923.0150158}
{"obj": {"type": "LogStrings", "path": ["monitoring", "3fde915f", "stdout"], "values": [{"value": "\n", "step": null, "ts": 1714637923.0158744}]}, "version": 179, "at": 1714637923.0159564}
{"obj": {"type": "LogStrings", "path": ["monitoring", "3fde915f", "stdout"], "values": [{"value": "\u001b[32mThe checkpoint is successfully logged to Neptune.", "step": null, "ts": 1714637923.0181465}]}, "version": 180, "at": 1714637923.0182152}
{"obj": {"type": "LogStrings", "path": ["monitoring", "3fde915f", "stderr"], "values": [{"value": "\rTraining:  21%|\u2588\u2588\u2588\u2588\u2588\u2588\u2588\u2588\u2588\u2588\u2588\u2588\u2588\u2588\u2588\u2588\u2588\u2588\u2588\u2588\u2588\u2588\u2588\u2588\u2588\u258c                                                                                                | 21/100 [00:53<03:49,  2.90s/epoch]", "step": null, "ts": 1714637923.0190382}]}, "version": 181, "at": 1714637923.0191255}
{"obj": {"type": "LogStrings", "path": ["monitoring", "3fde915f", "stdout"], "values": [{"value": " ", "step": null, "ts": 1714637923.0196009}]}, "version": 182, "at": 1714637923.0196886}
{"obj": {"type": "LogStrings", "path": ["monitoring", "3fde915f", "stdout"], "values": [{"value": "\u001b[37m", "step": null, "ts": 1714637923.0205314}]}, "version": 183, "at": 1714637923.0205956}
{"obj": {"type": "LogStrings", "path": ["monitoring", "3fde915f", "stdout"], "values": [{"value": "\n", "step": null, "ts": 1714637923.0216002}]}, "version": 184, "at": 1714637923.0216708}
{"obj": {"type": "LogStrings", "path": ["monitoring", "3fde915f", "stderr"], "values": [{"value": "", "step": null, "ts": 1714637926.4749696}]}, "version": 185, "at": 1714637926.4749963}
{"obj": {"type": "LogStrings", "path": ["monitoring", "3fde915f", "stderr"], "values": [{"value": "\rTraining:  21%|\u2588\u2588\u2588\u2588\u2588\u2588\u2588\u2588\u2588\u2588\u2588\u2588\u2588\u2588\u2588\u2588\u2588\u2588\u2588\u2588\u2588\u2588\u2588\u2588\u2588\u258c                                                                                                | 21/100 [00:56<03:34,  2.71s/epoch]", "step": null, "ts": 1714637926.4753494}]}, "version": 186, "at": 1714637926.4753668}
{"obj": {"type": "LogStrings", "path": ["monitoring", "3fde915f", "stderr"], "values": [{"value": "\n", "step": null, "ts": 1714637926.4758523}]}, "version": 187, "at": 1714637926.475867}
{"obj": {"type": "LogStrings", "path": ["monitoring", "3fde915f", "traceback"], "values": [{"value": "An uncaught exception occurred while run was active on worker f205pc13.", "step": null, "ts": 1714637926.4775732}, {"value": "Marking run as failed", "step": null, "ts": 1714637926.4775732}, {"value": "Traceback:", "step": null, "ts": 1714637926.4775732}, {"value": "  File \"/home/bimokhtari1/Documents/Image-Clustering-Based-on-Node-Edge-Duality-Message-Passing-Using-Graph-Attention-Networks/src/scripts/igmp_trainer.py\", line 32, in <module>\n    igmp_trainer(**config)\n", "step": null, "ts": 1714637926.4775732}, {"value": "  File \"/home/bimokhtari1/Documents/Image-Clustering-Based-on-Node-Edge-Duality-Message-Passing-Using-Graph-Attention-Networks/models/training/trainer.py\", line 142, in image_gat_mp_trainer\n    overall_loss.backward()\n", "step": null, "ts": 1714637926.4775732}, {"value": "  File \"/home/bimokhtari1/anaconda3/lib/python3.11/site-packages/torch/_tensor.py\", line 522, in backward\n    torch.autograd.backward(\n", "step": null, "ts": 1714637926.4775732}, {"value": "  File \"/home/bimokhtari1/anaconda3/lib/python3.11/site-packages/torch/autograd/__init__.py\", line 266, in backward\n    Variable._execution_engine.run_backward(  # Calls into the C++ engine to run the backward pass\n", "step": null, "ts": 1714637926.4775732}, {"value": "", "step": null, "ts": 1714637926.4775732}]}, "version": 188, "at": 1714637926.4775949}
{"obj": {"type": "AssignBool", "path": ["sys", "failed"], "value": true}, "version": 189, "at": 1714637926.4779847}
{"obj": {"type": "LogStrings", "path": ["monitoring", "3fde915f", "stderr"], "values": [{"value": "", "step": null, "ts": 1714637926.4783492}]}, "version": 190, "at": 1714637926.478363}
{"obj": {"type": "LogStrings", "path": ["monitoring", "3fde915f", "stderr"], "values": [{"value": "Traceback (most recent call last):\n", "step": null, "ts": 1714637926.478907}]}, "version": 191, "at": 1714637926.4789221}
{"obj": {"type": "LogStrings", "path": ["monitoring", "3fde915f", "stderr"], "values": [{"value": "", "step": null, "ts": 1714637926.4792674}]}, "version": 192, "at": 1714637926.4792805}
{"obj": {"type": "LogStrings", "path": ["monitoring", "3fde915f", "stderr"], "values": [{"value": "  File \"/home/bimokhtari1/Documents/Image-Clustering-Based-on-Node-Edge-Duality-Message-Passing-Using-Graph-Attention-Networks/src/scripts/igmp_trainer.py\", line 32, in <module>\n", "step": null, "ts": 1714637926.4800355}]}, "version": 193, "at": 1714637926.4800558}
{"obj": {"type": "LogStrings", "path": ["monitoring", "3fde915f", "stderr"], "values": [{"value": "", "step": null, "ts": 1714637926.480689}]}, "version": 194, "at": 1714637926.4807208}
{"obj": {"type": "LogStrings", "path": ["monitoring", "3fde915f", "stderr"], "values": [{"value": "    ", "step": null, "ts": 1714637926.4815598}]}, "version": 195, "at": 1714637926.481595}
{"obj": {"type": "LogStrings", "path": ["monitoring", "3fde915f", "stderr"], "values": [{"value": "igmp_trainer(**config)", "step": null, "ts": 1714637926.4820986}]}, "version": 196, "at": 1714637926.4821277}
{"obj": {"type": "LogStrings", "path": ["monitoring", "3fde915f", "stderr"], "values": [{"value": "\n", "step": null, "ts": 1714637926.4829113}]}, "version": 197, "at": 1714637926.4829428}
{"obj": {"type": "LogStrings", "path": ["monitoring", "3fde915f", "stderr"], "values": [{"value": "", "step": null, "ts": 1714637926.4834206}]}, "version": 198, "at": 1714637926.4834454}
{"obj": {"type": "LogStrings", "path": ["monitoring", "3fde915f", "stderr"], "values": [{"value": "  File \"/home/bimokhtari1/Documents/Image-Clustering-Based-on-Node-Edge-Duality-Message-Passing-Using-Graph-Attention-Networks/models/training/trainer.py\", line 142, in image_gat_mp_trainer\n", "step": null, "ts": 1714637926.4843183}]}, "version": 199, "at": 1714637926.4844067}
{"obj": {"type": "LogStrings", "path": ["monitoring", "3fde915f", "stderr"], "values": [{"value": "", "step": null, "ts": 1714637926.484991}]}, "version": 200, "at": 1714637926.4850125}
{"obj": {"type": "LogStrings", "path": ["monitoring", "3fde915f", "stderr"], "values": [{"value": "    ", "step": null, "ts": 1714637926.4857185}]}, "version": 201, "at": 1714637926.4857407}
{"obj": {"type": "LogStrings", "path": ["monitoring", "3fde915f", "stderr"], "values": [{"value": "overall_loss.backward()", "step": null, "ts": 1714637926.486114}]}, "version": 202, "at": 1714637926.4861279}
{"obj": {"type": "LogStrings", "path": ["monitoring", "3fde915f", "stderr"], "values": [{"value": "\n", "step": null, "ts": 1714637926.4867878}]}, "version": 203, "at": 1714637926.4868038}
{"obj": {"type": "LogStrings", "path": ["monitoring", "3fde915f", "stderr"], "values": [{"value": "", "step": null, "ts": 1714637926.4871547}]}, "version": 204, "at": 1714637926.4871678}
{"obj": {"type": "LogStrings", "path": ["monitoring", "3fde915f", "stderr"], "values": [{"value": "  File \"/home/bimokhtari1/anaconda3/lib/python3.11/site-packages/torch/_tensor.py\", line 522, in backward\n", "step": null, "ts": 1714637926.4877086}]}, "version": 205, "at": 1714637926.4877234}
{"obj": {"type": "LogStrings", "path": ["monitoring", "3fde915f", "stderr"], "values": [{"value": "", "step": null, "ts": 1714637926.488228}]}, "version": 206, "at": 1714637926.4882429}
{"obj": {"type": "LogStrings", "path": ["monitoring", "3fde915f", "stderr"], "values": [{"value": "    ", "step": null, "ts": 1714637926.4886854}]}, "version": 207, "at": 1714637926.4887006}
{"obj": {"type": "LogStrings", "path": ["monitoring", "3fde915f", "stderr"], "values": [{"value": "torch.autograd.backward(", "step": null, "ts": 1714637926.4889169}]}, "version": 208, "at": 1714637926.4889295}
{"obj": {"type": "LogStrings", "path": ["monitoring", "3fde915f", "stderr"], "values": [{"value": "\n", "step": null, "ts": 1714637926.4892027}]}, "version": 209, "at": 1714637926.4892168}
{"obj": {"type": "LogStrings", "path": ["monitoring", "3fde915f", "stderr"], "values": [{"value": "", "step": null, "ts": 1714637926.4894588}]}, "version": 210, "at": 1714637926.489486}
{"obj": {"type": "LogStrings", "path": ["monitoring", "3fde915f", "stderr"], "values": [{"value": "  File \"/home/bimokhtari1/anaconda3/lib/python3.11/site-packages/torch/autograd/__init__.py\", line 266, in backward\n", "step": null, "ts": 1714637926.4897697}]}, "version": 211, "at": 1714637926.489786}
{"obj": {"type": "LogStrings", "path": ["monitoring", "3fde915f", "stderr"], "values": [{"value": "", "step": null, "ts": 1714637926.490362}]}, "version": 212, "at": 1714637926.4903843}
{"obj": {"type": "LogStrings", "path": ["monitoring", "3fde915f", "stderr"], "values": [{"value": "    ", "step": null, "ts": 1714637926.4906383}]}, "version": 213, "at": 1714637926.4906557}
{"obj": {"type": "LogStrings", "path": ["monitoring", "3fde915f", "stderr"], "values": [{"value": "Variable._execution_engine.run_backward(  # Calls into the C++ engine to run the backward pass", "step": null, "ts": 1714637926.4907377}]}, "version": 214, "at": 1714637926.4907513}
{"obj": {"type": "LogStrings", "path": ["monitoring", "3fde915f", "stderr"], "values": [{"value": "\n", "step": null, "ts": 1714637926.4911485}]}, "version": 215, "at": 1714637926.4911973}
{"obj": {"type": "LogStrings", "path": ["monitoring", "3fde915f", "stderr"], "values": [{"value": "", "step": null, "ts": 1714637926.492346}]}, "version": 216, "at": 1714637926.4923742}
{"obj": {"type": "LogStrings", "path": ["monitoring", "3fde915f", "stdout"], "values": [{"value": "[neptune] [info   ] Shutting down background jobs, please wait a moment...\n", "step": null, "ts": 1714637926.493032}]}, "version": 217, "at": 1714637926.4930584}
{"obj": {"type": "LogStrings", "path": ["monitoring", "3fde915f", "stderr"], "values": [{"value": "KeyboardInterrupt", "step": null, "ts": 1714637926.4931717}]}, "version": 218, "at": 1714637926.493184}
{"obj": {"type": "LogStrings", "path": ["monitoring", "3fde915f", "stderr"], "values": [{"value": "", "step": null, "ts": 1714637926.4932678}]}, "version": 219, "at": 1714637926.4932792}
{"obj": {"type": "LogStrings", "path": ["monitoring", "3fde915f", "stderr"], "values": [{"value": "\n", "step": null, "ts": 1714637926.4933403}]}, "version": 220, "at": 1714637926.4933512}
