{"obj": {"type": "AssignString", "path": ["monitoring", "86dafdc8", "hostname"], "value": "pop-os"}, "version": 1, "at": 1714311320.538854}
{"obj": {"type": "AssignString", "path": ["monitoring", "86dafdc8", "pid"], "value": "17135"}, "version": 2, "at": 1714311320.5390668}
{"obj": {"type": "AssignString", "path": ["monitoring", "86dafdc8", "tid"], "value": "139046168446016"}, "version": 3, "at": 1714311320.5391827}
{"obj": {"type": "ClearStringLog", "path": ["monitoring", "86dafdc8", "stdout"]}, "version": 4, "at": 1714311320.539294}
{"obj": {"type": "ClearStringLog", "path": ["monitoring", "86dafdc8", "stderr"]}, "version": 5, "at": 1714311320.539386}
{"obj": {"type": "UploadFile", "path": ["source_code", "diff"], "ext": "patch", "file_path": null, "tmp_file_name": "source_code_diff-1714311321.107341-2024-04-28_15.35.21.107341.patch", "clean_after_upload": false}, "version": 6, "at": 1714311321.1076682}
{"obj": {"type": "ConfigFloatSeries", "path": ["monitoring", "86dafdc8", "cpu"], "min": 0.0, "max": 100.0, "unit": "%"}, "version": 7, "at": 1714311321.1857982}
{"obj": {"type": "ClearFloatLog", "path": ["monitoring", "86dafdc8", "cpu"]}, "version": 8, "at": 1714311321.187908}
{"obj": {"type": "ConfigFloatSeries", "path": ["monitoring", "86dafdc8", "memory"], "min": 0.0, "max": 7.664981842041016, "unit": "GB"}, "version": 9, "at": 1714311321.1883063}
{"obj": {"type": "ClearFloatLog", "path": ["monitoring", "86dafdc8", "memory"]}, "version": 10, "at": 1714311321.1884258}
{"obj": {"type": "LogStrings", "path": ["monitoring", "86dafdc8", "stdout"], "values": [{"value": "[neptune] [warning] Info (NVML): NVML Shared Library Not Found. GPU usage metrics may not be reported. For more information, see https://docs.neptune.ai/help/nvml_error/\n", "step": null, "ts": 1714311321.2003932}]}, "version": 11, "at": 1714311321.200508}
{"obj": {"type": "LogFloats", "path": ["monitoring", "86dafdc8", "cpu"], "values": [{"value": 11.1, "step": null, "ts": 1714311321.2088513}]}, "version": 12, "at": 1714311321.2095025}
{"obj": {"type": "LogFloats", "path": ["monitoring", "86dafdc8", "memory"], "values": [{"value": 6.170955657958984, "step": null, "ts": 1714311321.2088513}]}, "version": 13, "at": 1714311321.2098057}
{"obj": {"type": "LogStrings", "path": ["monitoring", "86dafdc8", "stderr"], "values": [{"value": "/home/billalmokhtari/anaconda3/lib/python3.11/site-packages/torchvision/models/_utils.py:208: UserWarning: The parameter 'pretrained' is deprecated since 0.13 and may be removed in the future, please use 'weights' instead.\n  warnings.warn(\n", "step": null, "ts": 1714311321.244754}]}, "version": 14, "at": 1714311321.2448225}
{"obj": {"type": "LogStrings", "path": ["monitoring", "86dafdc8", "stderr"], "values": [{"value": "/home/billalmokhtari/anaconda3/lib/python3.11/site-packages/torchvision/models/_utils.py:223: UserWarning: Arguments other than a weight enum or `None` for 'weights' are deprecated since 0.13 and may be removed in the future. The current behavior is equivalent to passing `weights=VGG16_Weights.IMAGENET1K_V1`. You can also use `weights=VGG16_Weights.DEFAULT` to get the most up-to-date weights.\n  warnings.warn(msg)\n", "step": null, "ts": 1714311321.2451024}]}, "version": 15, "at": 1714311321.2451477}
{"obj": {"type": "LogStrings", "path": ["monitoring", "86dafdc8", "stderr"], "values": [{"value": "/home/billalmokhtari/anaconda3/lib/python3.11/site-packages/torchvision/models/_utils.py:223: UserWarning: Arguments other than a weight enum or `None` for 'weights' are deprecated since 0.13 and may be removed in the future. The current behavior is equivalent to passing `weights=VGG19_Weights.IMAGENET1K_V1`. You can also use `weights=VGG19_Weights.DEFAULT` to get the most up-to-date weights.\n  warnings.warn(msg)\n", "step": null, "ts": 1714311330.0606568}]}, "version": 16, "at": 1714311330.0607204}
{"obj": {"type": "LogFloats", "path": ["monitoring", "86dafdc8", "cpu"], "values": [{"value": 48.4, "step": null, "ts": 1714311331.2102602}]}, "version": 17, "at": 1714311331.2109008}
{"obj": {"type": "LogFloats", "path": ["monitoring", "86dafdc8", "memory"], "values": [{"value": 6.353137969970703, "step": null, "ts": 1714311331.2102602}]}, "version": 18, "at": 1714311331.211207}
{"obj": {"type": "LogStrings", "path": ["monitoring", "86dafdc8", "stderr"], "values": [{"value": "\rModels: 0it [00:00, ?it/s]", "step": null, "ts": 1714311340.482155}]}, "version": 19, "at": 1714311340.4821975}
{"obj": {"type": "LogStrings", "path": ["monitoring", "86dafdc8", "stderr"], "values": [{"value": "\n", "step": null, "ts": 1714311340.482688}]}, "version": 20, "at": 1714311340.4827337}
{"obj": {"type": "LogStrings", "path": ["monitoring", "86dafdc8", "stderr"], "values": [{"value": "\rData:   0%|                                                                               | 0/3 [00:00<?, ?it/s]", "step": null, "ts": 1714311340.4829142}]}, "version": 21, "at": 1714311340.4829443}
{"obj": {"type": "LogStrings", "path": ["monitoring", "86dafdc8", "stderr"], "values": [{"value": "\u001b[A", "step": null, "ts": 1714311340.4830947}]}, "version": 22, "at": 1714311340.483122}
{"obj": {"type": "LogFloats", "path": ["monitoring", "86dafdc8", "cpu"], "values": [{"value": 28.8, "step": null, "ts": 1714311341.2116368}]}, "version": 23, "at": 1714311341.2127101}
{"obj": {"type": "LogFloats", "path": ["monitoring", "86dafdc8", "memory"], "values": [{"value": 6.157676696777344, "step": null, "ts": 1714311341.2116368}]}, "version": 24, "at": 1714311341.2130148}
{"obj": {"type": "LogFloats", "path": ["monitoring", "86dafdc8", "cpu"], "values": [{"value": 51.7, "step": null, "ts": 1714311351.2165139}]}, "version": 25, "at": 1714311351.2171884}
{"obj": {"type": "LogFloats", "path": ["monitoring", "86dafdc8", "memory"], "values": [{"value": 7.489418029785156, "step": null, "ts": 1714311351.2165139}]}, "version": 26, "at": 1714311351.2174807}
{"obj": {"type": "LogFloats", "path": ["monitoring", "86dafdc8", "cpu"], "values": [{"value": 65.9, "step": null, "ts": 1714311361.2177076}]}, "version": 27, "at": 1714311361.2183192}
{"obj": {"type": "LogFloats", "path": ["monitoring", "86dafdc8", "memory"], "values": [{"value": 7.414756774902344, "step": null, "ts": 1714311361.2177076}]}, "version": 28, "at": 1714311361.2628145}
{"obj": {"type": "LogFloats", "path": ["monitoring", "86dafdc8", "cpu"], "values": [{"value": 58.5, "step": null, "ts": 1714311371.263127}]}, "version": 29, "at": 1714311371.2639394}
{"obj": {"type": "LogFloats", "path": ["monitoring", "86dafdc8", "memory"], "values": [{"value": 7.464603424072266, "step": null, "ts": 1714311371.263127}]}, "version": 30, "at": 1714311371.3137362}
{"obj": {"type": "LogFloats", "path": ["monitoring", "86dafdc8", "cpu"], "values": [{"value": 77.6, "step": null, "ts": 1714311381.3249621}]}, "version": 31, "at": 1714311381.3265157}
{"obj": {"type": "LogFloats", "path": ["monitoring", "86dafdc8", "memory"], "values": [{"value": 7.664981842041016, "step": null, "ts": 1714311381.3249621}]}, "version": 32, "at": 1714311381.378999}
{"obj": {"type": "LogFloats", "path": ["monitoring", "86dafdc8", "cpu"], "values": [{"value": 65.9, "step": null, "ts": 1714311391.3792825}]}, "version": 33, "at": 1714311391.3797376}
{"obj": {"type": "LogFloats", "path": ["monitoring", "86dafdc8", "memory"], "values": [{"value": 7.324787139892578, "step": null, "ts": 1714311391.3792825}]}, "version": 34, "at": 1714311391.6153758}
{"obj": {"type": "LogFloats", "path": ["monitoring", "86dafdc8", "cpu"], "values": [{"value": 44.5, "step": null, "ts": 1714311401.6186707}]}, "version": 35, "at": 1714311401.6191618}
{"obj": {"type": "LogFloats", "path": ["monitoring", "86dafdc8", "memory"], "values": [{"value": 7.459217071533203, "step": null, "ts": 1714311401.6186707}]}, "version": 36, "at": 1714311402.2787786}
{"obj": {"type": "LogFloats", "path": ["monitoring", "86dafdc8", "cpu"], "values": [{"value": 20.4, "step": null, "ts": 1714311412.2792532}]}, "version": 37, "at": 1714311412.2796216}
{"obj": {"type": "LogFloats", "path": ["monitoring", "86dafdc8", "memory"], "values": [{"value": 7.469001770019531, "step": null, "ts": 1714311412.2792532}]}, "version": 38, "at": 1714311412.281561}
{"obj": {"type": "LogFloats", "path": ["monitoring", "86dafdc8", "cpu"], "values": [{"value": 16.9, "step": null, "ts": 1714311422.281914}]}, "version": 39, "at": 1714311422.2830687}
{"obj": {"type": "LogFloats", "path": ["monitoring", "86dafdc8", "memory"], "values": [{"value": 7.281864166259766, "step": null, "ts": 1714311422.281914}]}, "version": 40, "at": 1714311422.2836924}
{"obj": {"type": "LogFloats", "path": ["monitoring", "86dafdc8", "cpu"], "values": [{"value": 16.0, "step": null, "ts": 1714311432.2840993}]}, "version": 41, "at": 1714311432.284517}
{"obj": {"type": "LogFloats", "path": ["monitoring", "86dafdc8", "memory"], "values": [{"value": 7.636405944824219, "step": null, "ts": 1714311432.2840993}]}, "version": 42, "at": 1714311432.2847464}
{"obj": {"type": "LogFloats", "path": ["monitoring", "86dafdc8", "cpu"], "values": [{"value": 8.2, "step": null, "ts": 1714311442.2849581}]}, "version": 43, "at": 1714311442.2853518}
{"obj": {"type": "LogFloats", "path": ["monitoring", "86dafdc8", "memory"], "values": [{"value": 7.435062408447266, "step": null, "ts": 1714311442.2849581}]}, "version": 44, "at": 1714311442.2855346}
{"obj": {"type": "LogFloats", "path": ["monitoring", "86dafdc8", "cpu"], "values": [{"value": 17.9, "step": null, "ts": 1714311452.2857597}]}, "version": 45, "at": 1714311452.2869077}
{"obj": {"type": "LogFloats", "path": ["monitoring", "86dafdc8", "memory"], "values": [{"value": 7.251422882080078, "step": null, "ts": 1714311452.2857597}]}, "version": 46, "at": 1714311452.2874289}
{"obj": {"type": "LogFloats", "path": ["monitoring", "86dafdc8", "cpu"], "values": [{"value": 12.1, "step": null, "ts": 1714311462.2878346}]}, "version": 47, "at": 1714311462.8726997}
{"obj": {"type": "LogFloats", "path": ["monitoring", "86dafdc8", "memory"], "values": [{"value": 7.6486053466796875, "step": null, "ts": 1714311462.2878346}]}, "version": 48, "at": 1714311463.3215146}
{"obj": {"type": "LogFloats", "path": ["monitoring", "86dafdc8", "cpu"], "values": [{"value": 10.6, "step": null, "ts": 1714311473.321808}]}, "version": 49, "at": 1714311473.322794}
{"obj": {"type": "LogFloats", "path": ["monitoring", "86dafdc8", "memory"], "values": [{"value": 7.295833587646484, "step": null, "ts": 1714311473.321808}]}, "version": 50, "at": 1714311473.3232942}
{"obj": {"type": "LogFloats", "path": ["monitoring", "86dafdc8", "cpu"], "values": [{"value": 11.8, "step": null, "ts": 1714311483.3236432}]}, "version": 51, "at": 1714311483.3241963}
{"obj": {"type": "LogFloats", "path": ["monitoring", "86dafdc8", "memory"], "values": [{"value": 7.361270904541016, "step": null, "ts": 1714311483.3236432}]}, "version": 52, "at": 1714311483.3244448}
{"obj": {"type": "LogFloats", "path": ["monitoring", "86dafdc8", "cpu"], "values": [{"value": 16.9, "step": null, "ts": 1714311493.324742}]}, "version": 53, "at": 1714311493.3256898}
{"obj": {"type": "LogFloats", "path": ["monitoring", "86dafdc8", "memory"], "values": [{"value": 7.245109558105469, "step": null, "ts": 1714311493.324742}]}, "version": 54, "at": 1714311493.3262901}
