{"obj": {"type": "AssignString", "path": ["monitoring", "d936b48f", "hostname"], "value": "f205pc13"}, "version": 1, "at": 1714722599.680773}
{"obj": {"type": "AssignString", "path": ["monitoring", "d936b48f", "pid"], "value": "12326"}, "version": 2, "at": 1714722599.680917}
{"obj": {"type": "AssignString", "path": ["monitoring", "d936b48f", "tid"], "value": "140510179266944"}, "version": 3, "at": 1714722599.680995}
{"obj": {"type": "ClearStringLog", "path": ["monitoring", "d936b48f", "stdout"]}, "version": 4, "at": 1714722599.6810708}
{"obj": {"type": "ClearStringLog", "path": ["monitoring", "d936b48f", "stderr"]}, "version": 5, "at": 1714722599.6811323}
{"obj": {"type": "UploadFile", "path": ["source_code", "diff"], "ext": "patch", "file_path": null, "tmp_file_name": "source_code_diff-1714722599.726742-2024-05-03_09.49.59.726742.patch", "clean_after_upload": false}, "version": 6, "at": 1714722599.7272077}
{"obj": {"type": "LogStrings", "path": ["monitoring", "d936b48f", "stdout"], "values": [{"value": "[neptune] [warning] Info (NVML): NVML Shared Library Not Found. GPU usage metrics may not be reported. For more information, see https://docs.neptune.ai/help/nvml_error/\n", "step": null, "ts": 1714722599.733609}]}, "version": 7, "at": 1714722599.7336442}
{"obj": {"type": "ConfigFloatSeries", "path": ["monitoring", "d936b48f", "cpu"], "min": 0.0, "max": 100.0, "unit": "%"}, "version": 8, "at": 1714722599.7343469}
{"obj": {"type": "ClearFloatLog", "path": ["monitoring", "d936b48f", "cpu"]}, "version": 9, "at": 1714722599.7344263}
{"obj": {"type": "ConfigFloatSeries", "path": ["monitoring", "d936b48f", "memory"], "min": 0.0, "max": 15.489360809326172, "unit": "GB"}, "version": 10, "at": 1714722599.734518}
{"obj": {"type": "ClearFloatLog", "path": ["monitoring", "d936b48f", "memory"]}, "version": 11, "at": 1714722599.7345612}
{"obj": {"type": "LogFloats", "path": ["monitoring", "d936b48f", "cpu"], "values": [{"value": 34.0, "step": null, "ts": 1714722599.7348428}]}, "version": 12, "at": 1714722599.7355645}
{"obj": {"type": "LogFloats", "path": ["monitoring", "d936b48f", "memory"], "values": [{"value": 5.6508331298828125, "step": null, "ts": 1714722599.7348428}]}, "version": 13, "at": 1714722599.7357428}
{"obj": {"type": "LogStrings", "path": ["monitoring", "d936b48f", "stderr"], "values": [{"value": "\rFetching file...: 0 [00:00, ?/s]", "step": null, "ts": 1714722599.8912888}]}, "version": 14, "at": 1714722599.8913357}
{"obj": {"type": "LogStrings", "path": ["monitoring", "d936b48f", "stderr"], "values": [{"value": "", "step": null, "ts": 1714722599.961938}]}, "version": 15, "at": 1714722599.961974}
{"obj": {"type": "LogStrings", "path": ["monitoring", "d936b48f", "stderr"], "values": [{"value": "\rFetching file...: 100%|\u2588\u2588\u2588\u2588\u2588\u2588\u2588\u2588\u2588\u2588\u2588\u2588\u2588\u2588\u2588\u2588\u2588\u2588\u2588\u2588\u2588\u2588\u2588\u2588\u2588\u2588\u2588\u2588\u2588\u2588\u2588\u2588\u2588\u2588\u2588\u2588\u2588\u2588\u2588\u2588\u2588\u2588\u2588\u2588\u2588\u2588\u2588\u2588\u2588\u2588\u2588\u2588\u2588\u2588\u2588\u2588\u2588\u2588\u2588\u2588\u2588\u2588\u2588\u2588\u2588\u2588\u2588\u2588\u2588\u2588\u2588\u2588\u2588\u2588\u2588\u2588\u2588\u2588\u2588\u2588\u2588\u2588\u2588\u2588\u2588\u2588\u2588\u2588\u2588\u2588\u2588\u2588\u2588\u2588\u2588\u2588\u2588\u2588| 2900373/2900373 [00:00<00:00, 41107572.26/s]", "step": null, "ts": 1714722599.9622486}]}, "version": 16, "at": 1714722599.9622757}
{"obj": {"type": "LogStrings", "path": ["monitoring", "d936b48f", "stderr"], "values": [{"value": "\n", "step": null, "ts": 1714722599.9623947}]}, "version": 17, "at": 1714722599.9624145}
{"obj": {"type": "LogStrings", "path": ["monitoring", "d936b48f", "stdout"], "values": [{"value": "\u001b[32mThe data is successfully fetched from Neptune.", "step": null, "ts": 1714722599.9658122}]}, "version": 18, "at": 1714722599.9658432}
{"obj": {"type": "LogStrings", "path": ["monitoring", "d936b48f", "stdout"], "values": [{"value": " ", "step": null, "ts": 1714722599.9660416}]}, "version": 19, "at": 1714722599.9660685}
{"obj": {"type": "LogStrings", "path": ["monitoring", "d936b48f", "stdout"], "values": [{"value": "\u001b[37m", "step": null, "ts": 1714722599.9661665}]}, "version": 20, "at": 1714722599.9661863}
{"obj": {"type": "LogStrings", "path": ["monitoring", "d936b48f", "stdout"], "values": [{"value": "\n", "step": null, "ts": 1714722599.9662728}]}, "version": 21, "at": 1714722599.966289}
{"obj": {"type": "LogStrings", "path": ["monitoring", "d936b48f", "stdout"], "values": [{"value": "\u001b[32mThe data is successfully fetched from Neptune.", "step": null, "ts": 1714722600.0703795}]}, "version": 22, "at": 1714722600.07046}
{"obj": {"type": "LogStrings", "path": ["monitoring", "d936b48f", "stdout"], "values": [{"value": " ", "step": null, "ts": 1714722600.0723953}]}, "version": 23, "at": 1714722600.0724652}
{"obj": {"type": "LogStrings", "path": ["monitoring", "d936b48f", "stdout"], "values": [{"value": "\u001b[37m", "step": null, "ts": 1714722600.073315}]}, "version": 24, "at": 1714722600.073383}
{"obj": {"type": "LogStrings", "path": ["monitoring", "d936b48f", "stdout"], "values": [{"value": "\n", "step": null, "ts": 1714722600.0737128}]}, "version": 25, "at": 1714722600.0737705}
{"obj": {"type": "LogStrings", "path": ["monitoring", "d936b48f", "stdout"], "values": [{"value": "Error loading model checkpoint", "step": null, "ts": 1714722600.8531532}]}, "version": 26, "at": 1714722600.8531778}
{"obj": {"type": "LogStrings", "path": ["monitoring", "d936b48f", "stderr"], "values": [{"value": "\rTraining:   0%|                                                                                                                             | 0/100 [00:00<?, ?epoch/s]", "step": null, "ts": 1714722600.8536525}]}, "version": 27, "at": 1714722600.8536713}
{"obj": {"type": "LogStrings", "path": ["monitoring", "d936b48f", "stdout"], "values": [{"value": "\n", "step": null, "ts": 1714722600.8538384}]}, "version": 28, "at": 1714722600.8538845}
{"obj": {"type": "LogFloats", "path": ["training", "losses", "Hidden Layer MSELoss (size = 4096)"], "values": [{"value": 931135.375, "step": null, "ts": 1714722602.9775178}]}, "version": 29, "at": 1714722602.9778957}
{"obj": {"type": "LogFloats", "path": ["training", "losses", "Hidden Layer MSELoss (size = 1024)"], "values": [{"value": 359973.5625, "step": null, "ts": 1714722602.97804}]}, "version": 30, "at": 1714722602.9781928}
{"obj": {"type": "LogFloats", "path": ["training", "losses", "Hidden Layer MSELoss (size = 512)"], "values": [{"value": 181354.296875, "step": null, "ts": 1714722602.9782946}]}, "version": 31, "at": 1714722602.9784327}
{"obj": {"type": "LogFloats", "path": ["training", "losses", "Hidden Layer MSELoss (size = 256)"], "values": [{"value": 90275.109375, "step": null, "ts": 1714722602.9785187}]}, "version": 32, "at": 1714722602.9786396}
{"obj": {"type": "LogFloats", "path": ["training", "losses", "MSELoss"], "values": [{"value": 390684.59375, "step": null, "ts": 1714722602.9787261}]}, "version": 33, "at": 1714722602.9788444}
{"obj": {"type": "UploadFile", "path": ["training", "checkpoints", "chkpt_epoch_0"], "ext": "pth", "file_path": "/tmp/tmpoadb90xp.pth", "tmp_file_name": null, "clean_after_upload": false}, "version": 34, "at": 1714722603.326419}
{"obj": {"type": "LogStrings", "path": ["monitoring", "d936b48f", "stdout"], "values": [{"value": "\u001b[32mThe data are successfully loaded to Neptune.\u001b[37m", "step": null, "ts": 1714722603.3269298}]}, "version": 35, "at": 1714722603.3269987}
{"obj": {"type": "LogStrings", "path": ["monitoring", "d936b48f", "stdout"], "values": [{"value": "\n", "step": null, "ts": 1714722603.3275788}]}, "version": 36, "at": 1714722603.327638}
{"obj": {"type": "LogStrings", "path": ["monitoring", "d936b48f", "stdout"], "values": [{"value": "\u001b[32mThe checkpoint is successfully logged to Neptune.", "step": null, "ts": 1714722603.3293383}]}, "version": 37, "at": 1714722603.3293993}
{"obj": {"type": "LogStrings", "path": ["monitoring", "d936b48f", "stderr"], "values": [{"value": "\rTraining:   1%|\u2588\u258f                                                                                                                   | 1/100 [00:02<04:05,  2.48s/epoch]", "step": null, "ts": 1714722603.3304932}]}, "version": 38, "at": 1714722603.3305523}
{"obj": {"type": "LogStrings", "path": ["monitoring", "d936b48f", "stdout"], "values": [{"value": " ", "step": null, "ts": 1714722603.3312542}]}, "version": 39, "at": 1714722603.331323}
{"obj": {"type": "LogStrings", "path": ["monitoring", "d936b48f", "stdout"], "values": [{"value": "\u001b[37m", "step": null, "ts": 1714722603.3316252}]}, "version": 40, "at": 1714722603.331671}
{"obj": {"type": "LogStrings", "path": ["monitoring", "d936b48f", "stdout"], "values": [{"value": "\n", "step": null, "ts": 1714722603.331908}]}, "version": 41, "at": 1714722603.3319511}
{"obj": {"type": "LogFloats", "path": ["training", "losses", "Hidden Layer MSELoss (size = 4096)"], "values": [{"value": 930545.0, "step": null, "ts": 1714722605.4447541}]}, "version": 42, "at": 1714722605.4448957}
{"obj": {"type": "LogFloats", "path": ["training", "losses", "Hidden Layer MSELoss (size = 1024)"], "values": [{"value": 358243.59375, "step": null, "ts": 1714722605.4450202}]}, "version": 43, "at": 1714722605.4450967}
{"obj": {"type": "LogFloats", "path": ["training", "losses", "Hidden Layer MSELoss (size = 512)"], "values": [{"value": 181192.328125, "step": null, "ts": 1714722605.4451704}]}, "version": 44, "at": 1714722605.4452431}
{"obj": {"type": "LogFloats", "path": ["training", "losses", "Hidden Layer MSELoss (size = 256)"], "values": [{"value": 90038.03125, "step": null, "ts": 1714722605.4453096}]}, "version": 45, "at": 1714722605.4453695}
{"obj": {"type": "LogFloats", "path": ["training", "losses", "MSELoss"], "values": [{"value": 390004.75, "step": null, "ts": 1714722605.4454331}]}, "version": 46, "at": 1714722605.445492}
{"obj": {"type": "LogStrings", "path": ["monitoring", "d936b48f", "stderr"], "values": [{"value": "\rTraining:   2%|\u2588\u2588\u258e                                                                                                                  | 2/100 [00:04<03:41,  2.26s/epoch]", "step": null, "ts": 1714722605.446121}]}, "version": 47, "at": 1714722605.446145}
{"obj": {"type": "LogFloats", "path": ["training", "losses", "Hidden Layer MSELoss (size = 4096)"], "values": [{"value": 930062.3125, "step": null, "ts": 1714722607.531794}]}, "version": 48, "at": 1714722607.531943}
{"obj": {"type": "LogFloats", "path": ["training", "losses", "Hidden Layer MSELoss (size = 1024)"], "values": [{"value": 356945.25, "step": null, "ts": 1714722607.5320833}]}, "version": 49, "at": 1714722607.53217}
{"obj": {"type": "LogFloats", "path": ["training", "losses", "Hidden Layer MSELoss (size = 512)"], "values": [{"value": 181048.4375, "step": null, "ts": 1714722607.5322528}]}, "version": 50, "at": 1714722607.5323224}
{"obj": {"type": "LogFloats", "path": ["training", "losses", "Hidden Layer MSELoss (size = 256)"], "values": [{"value": 89806.8828125, "step": null, "ts": 1714722607.5323958}]}, "version": 51, "at": 1714722607.532462}
{"obj": {"type": "LogFloats", "path": ["training", "losses", "MSELoss"], "values": [{"value": 389465.71875, "step": null, "ts": 1714722607.5325332}]}, "version": 52, "at": 1714722607.5325992}
{"obj": {"type": "LogStrings", "path": ["monitoring", "d936b48f", "stderr"], "values": [{"value": "\rTraining:   3%|\u2588\u2588\u2588\u258c                                                                                                                 | 3/100 [00:06<03:31,  2.18s/epoch]", "step": null, "ts": 1714722607.5333319}]}, "version": 53, "at": 1714722607.5333588}
{"obj": {"type": "LogFloats", "path": ["training", "losses", "Hidden Layer MSELoss (size = 4096)"], "values": [{"value": 929613.75, "step": null, "ts": 1714722609.6243887}]}, "version": 54, "at": 1714722609.6245396}
{"obj": {"type": "LogFloats", "path": ["training", "losses", "Hidden Layer MSELoss (size = 1024)"], "values": [{"value": 355659.5625, "step": null, "ts": 1714722609.6246789}]}, "version": 55, "at": 1714722609.6247594}
{"obj": {"type": "LogFloats", "path": ["training", "losses", "Hidden Layer MSELoss (size = 512)"], "values": [{"value": 180907.5625, "step": null, "ts": 1714722609.6248415}]}, "version": 56, "at": 1714722609.6249106}
{"obj": {"type": "LogFloats", "path": ["training", "losses", "Hidden Layer MSELoss (size = 256)"], "values": [{"value": 89599.703125, "step": null, "ts": 1714722609.6249838}]}, "version": 57, "at": 1714722609.6250498}
{"obj": {"type": "LogFloats", "path": ["training", "losses", "MSELoss"], "values": [{"value": 388945.125, "step": null, "ts": 1714722609.6251216}]}, "version": 58, "at": 1714722609.6251879}
{"obj": {"type": "LogStrings", "path": ["monitoring", "d936b48f", "stderr"], "values": [{"value": "\rTraining:   4%|\u2588\u2588\u2588\u2588\u258b                                                                                                                | 4/100 [00:08<03:26,  2.15s/epoch]", "step": null, "ts": 1714722609.6256974}]}, "version": 59, "at": 1714722609.6257238}
{"obj": {"type": "LogFloats", "path": ["monitoring", "d936b48f", "cpu"], "values": [{"value": 89.0, "step": null, "ts": 1714722609.7359946}]}, "version": 60, "at": 1714722609.7363875}
{"obj": {"type": "LogFloats", "path": ["monitoring", "d936b48f", "memory"], "values": [{"value": 7.489154815673828, "step": null, "ts": 1714722609.7359946}]}, "version": 61, "at": 1714722609.736536}
{"obj": {"type": "LogFloats", "path": ["training", "losses", "Hidden Layer MSELoss (size = 4096)"], "values": [{"value": 929240.3125, "step": null, "ts": 1714722611.6318464}]}, "version": 62, "at": 1714722611.6319938}
{"obj": {"type": "LogFloats", "path": ["training", "losses", "Hidden Layer MSELoss (size = 1024)"], "values": [{"value": 354423.875, "step": null, "ts": 1714722611.6321342}]}, "version": 63, "at": 1714722611.6322203}
{"obj": {"type": "LogFloats", "path": ["training", "losses", "Hidden Layer MSELoss (size = 512)"], "values": [{"value": 180768.15625, "step": null, "ts": 1714722611.6323044}]}, "version": 64, "at": 1714722611.6323755}
{"obj": {"type": "LogFloats", "path": ["training", "losses", "Hidden Layer MSELoss (size = 256)"], "values": [{"value": 89417.484375, "step": null, "ts": 1714722611.632452}]}, "version": 65, "at": 1714722611.6325204}
{"obj": {"type": "LogFloats", "path": ["training", "losses", "MSELoss"], "values": [{"value": 388462.46875, "step": null, "ts": 1714722611.6325955}]}, "version": 66, "at": 1714722611.632662}
{"obj": {"type": "LogStrings", "path": ["monitoring", "d936b48f", "stderr"], "values": [{"value": "\rTraining:   5%|\u2588\u2588\u2588\u2588\u2588\u258a                                                                                                               | 5/100 [00:10<03:19,  2.10s/epoch]", "step": null, "ts": 1714722611.6333575}]}, "version": 67, "at": 1714722611.6333842}
{"obj": {"type": "LogFloats", "path": ["training", "losses", "Hidden Layer MSELoss (size = 4096)"], "values": [{"value": 928943.5, "step": null, "ts": 1714722613.5692275}]}, "version": 68, "at": 1714722613.5693758}
{"obj": {"type": "LogFloats", "path": ["training", "losses", "Hidden Layer MSELoss (size = 1024)"], "values": [{"value": 353371.5625, "step": null, "ts": 1714722613.569518}]}, "version": 69, "at": 1714722613.5696037}
{"obj": {"type": "LogFloats", "path": ["training", "losses", "Hidden Layer MSELoss (size = 512)"], "values": [{"value": 180618.390625, "step": null, "ts": 1714722613.569698}]}, "version": 70, "at": 1714722613.5697715}
{"obj": {"type": "LogFloats", "path": ["training", "losses", "Hidden Layer MSELoss (size = 256)"], "values": [{"value": 89248.796875, "step": null, "ts": 1714722613.569848}]}, "version": 71, "at": 1714722613.5699153}
{"obj": {"type": "LogFloats", "path": ["training", "losses", "MSELoss"], "values": [{"value": 388045.53125, "step": null, "ts": 1714722613.5699885}]}, "version": 72, "at": 1714722613.570055}
{"obj": {"type": "LogStrings", "path": ["monitoring", "d936b48f", "stderr"], "values": [{"value": "\rTraining:   6%|\u2588\u2588\u2588\u2588\u2588\u2588\u2588                                                                                                              | 6/100 [00:12<03:12,  2.04s/epoch]", "step": null, "ts": 1714722613.5707607}]}, "version": 73, "at": 1714722613.570789}
{"obj": {"type": "LogFloats", "path": ["training", "losses", "Hidden Layer MSELoss (size = 4096)"], "values": [{"value": 928685.3125, "step": null, "ts": 1714722615.5284634}]}, "version": 74, "at": 1714722615.5286143}
{"obj": {"type": "LogFloats", "path": ["training", "losses", "Hidden Layer MSELoss (size = 1024)"], "values": [{"value": 352449.25, "step": null, "ts": 1714722615.5287557}]}, "version": 75, "at": 1714722615.528842}
{"obj": {"type": "LogFloats", "path": ["training", "losses", "Hidden Layer MSELoss (size = 512)"], "values": [{"value": 180452.671875, "step": null, "ts": 1714722615.528925}]}, "version": 76, "at": 1714722615.5289984}
{"obj": {"type": "LogFloats", "path": ["training", "losses", "Hidden Layer MSELoss (size = 256)"], "values": [{"value": 89077.796875, "step": null, "ts": 1714722615.5290732}]}, "version": 77, "at": 1714722615.5291443}
{"obj": {"type": "LogFloats", "path": ["training", "losses", "MSELoss"], "values": [{"value": 387666.21875, "step": null, "ts": 1714722615.529218}]}, "version": 78, "at": 1714722615.5292847}
{"obj": {"type": "LogStrings", "path": ["monitoring", "d936b48f", "stderr"], "values": [{"value": "\rTraining:   7%|\u2588\u2588\u2588\u2588\u2588\u2588\u2588\u2588\u258f                                                                                                            | 7/100 [00:14<03:07,  2.02s/epoch]", "step": null, "ts": 1714722615.5300782}]}, "version": 79, "at": 1714722615.5301044}
{"obj": {"type": "LogFloats", "path": ["training", "losses", "Hidden Layer MSELoss (size = 4096)"], "values": [{"value": 928423.875, "step": null, "ts": 1714722617.6021323}]}, "version": 80, "at": 1714722617.602269}
{"obj": {"type": "LogFloats", "path": ["training", "losses", "Hidden Layer MSELoss (size = 1024)"], "values": [{"value": 351550.65625, "step": null, "ts": 1714722617.6023936}]}, "version": 81, "at": 1714722617.6024714}
{"obj": {"type": "LogFloats", "path": ["training", "losses", "Hidden Layer MSELoss (size = 512)"], "values": [{"value": 180264.9375, "step": null, "ts": 1714722617.602547}]}, "version": 82, "at": 1714722617.6026127}
{"obj": {"type": "LogFloats", "path": ["training", "losses", "Hidden Layer MSELoss (size = 256)"], "values": [{"value": 88901.390625, "step": null, "ts": 1714722617.6026812}]}, "version": 83, "at": 1714722617.6027575}
{"obj": {"type": "LogFloats", "path": ["training", "losses", "MSELoss"], "values": [{"value": 387285.21875, "step": null, "ts": 1714722617.60282}]}, "version": 84, "at": 1714722617.6028774}
{"obj": {"type": "LogStrings", "path": ["monitoring", "d936b48f", "stderr"], "values": [{"value": "\rTraining:   8%|\u2588\u2588\u2588\u2588\u2588\u2588\u2588\u2588\u2588\u258e                                                                                                           | 8/100 [00:16<03:07,  2.03s/epoch]", "step": null, "ts": 1714722617.603461}]}, "version": 85, "at": 1714722617.6034846}
{"obj": {"type": "LogFloats", "path": ["training", "losses", "Hidden Layer MSELoss (size = 4096)"], "values": [{"value": 928160.125, "step": null, "ts": 1714722619.523337}]}, "version": 86, "at": 1714722619.523495}
{"obj": {"type": "LogFloats", "path": ["training", "losses", "Hidden Layer MSELoss (size = 1024)"], "values": [{"value": 350673.09375, "step": null, "ts": 1714722619.5236359}]}, "version": 87, "at": 1714722619.5237272}
{"obj": {"type": "LogFloats", "path": ["training", "losses", "Hidden Layer MSELoss (size = 512)"], "values": [{"value": 180052.953125, "step": null, "ts": 1714722619.5238247}]}, "version": 88, "at": 1714722619.5238974}
{"obj": {"type": "LogFloats", "path": ["training", "losses", "Hidden Layer MSELoss (size = 256)"], "values": [{"value": 88725.875, "step": null, "ts": 1714722619.5239716}]}, "version": 89, "at": 1714722619.5240397}
{"obj": {"type": "LogFloats", "path": ["training", "losses", "MSELoss"], "values": [{"value": 386903.03125, "step": null, "ts": 1714722619.5241125}]}, "version": 90, "at": 1714722619.5241795}
{"obj": {"type": "LogStrings", "path": ["monitoring", "d936b48f", "stderr"], "values": [{"value": "\rTraining:   9%|\u2588\u2588\u2588\u2588\u2588\u2588\u2588\u2588\u2588\u2588\u258c                                                                                                          | 9/100 [00:18<03:01,  2.00s/epoch]", "step": null, "ts": 1714722619.524845}]}, "version": 91, "at": 1714722619.5248697}
{"obj": {"type": "LogFloats", "path": ["monitoring", "d936b48f", "cpu"], "values": [{"value": 99.8, "step": null, "ts": 1714722619.7366848}]}, "version": 92, "at": 1714722619.7370155}
{"obj": {"type": "LogFloats", "path": ["monitoring", "d936b48f", "memory"], "values": [{"value": 7.495693206787109, "step": null, "ts": 1714722619.7366848}]}, "version": 93, "at": 1714722619.7371557}
{"obj": {"type": "LogFloats", "path": ["training", "losses", "Hidden Layer MSELoss (size = 4096)"], "values": [{"value": 927923.625, "step": null, "ts": 1714722622.0560112}]}, "version": 94, "at": 1714722622.0561595}
{"obj": {"type": "LogFloats", "path": ["training", "losses", "Hidden Layer MSELoss (size = 1024)"], "values": [{"value": 349848.34375, "step": null, "ts": 1714722622.056302}]}, "version": 95, "at": 1714722622.056388}
{"obj": {"type": "LogFloats", "path": ["training", "losses", "Hidden Layer MSELoss (size = 512)"], "values": [{"value": 179826.5625, "step": null, "ts": 1714722622.0564709}]}, "version": 96, "at": 1714722622.0565422}
{"obj": {"type": "LogFloats", "path": ["training", "losses", "Hidden Layer MSELoss (size = 256)"], "values": [{"value": 88563.1171875, "step": null, "ts": 1714722622.0566173}]}, "version": 97, "at": 1714722622.0566835}
{"obj": {"type": "LogFloats", "path": ["training", "losses", "MSELoss"], "values": [{"value": 386540.40625, "step": null, "ts": 1714722622.0567694}]}, "version": 98, "at": 1714722622.0568316}
{"obj": {"type": "LogStrings", "path": ["monitoring", "d936b48f", "stderr"], "values": [{"value": "\rTraining:  10%|\u2588\u2588\u2588\u2588\u2588\u2588\u2588\u2588\u2588\u2588\u2588\u258c                                                                                                        | 10/100 [00:21<03:14,  2.16s/epoch]", "step": null, "ts": 1714722622.0572875}]}, "version": 99, "at": 1714722622.0573113}
{"obj": {"type": "LogFloats", "path": ["training", "losses", "Hidden Layer MSELoss (size = 4096)"], "values": [{"value": 927684.625, "step": null, "ts": 1714722624.0184898}]}, "version": 100, "at": 1714722624.0186398}
{"obj": {"type": "LogFloats", "path": ["training", "losses", "Hidden Layer MSELoss (size = 1024)"], "values": [{"value": 349014.6875, "step": null, "ts": 1714722624.018788}]}, "version": 101, "at": 1714722624.0188708}
{"obj": {"type": "LogFloats", "path": ["training", "losses", "Hidden Layer MSELoss (size = 512)"], "values": [{"value": 179595.828125, "step": null, "ts": 1714722624.0189505}]}, "version": 102, "at": 1714722624.0190194}
{"obj": {"type": "LogFloats", "path": ["training", "losses", "Hidden Layer MSELoss (size = 256)"], "values": [{"value": 88420.9296875, "step": null, "ts": 1714722624.019091}]}, "version": 103, "at": 1714722624.0191565}
{"obj": {"type": "LogFloats", "path": ["training", "losses", "MSELoss"], "values": [{"value": 386179.0, "step": null, "ts": 1714722624.0192263}]}, "version": 104, "at": 1714722624.0192907}
{"obj": {"type": "UploadFile", "path": ["training", "checkpoints", "chkpt_epoch_10"], "ext": "pth", "file_path": "/tmp/tmp0oq1sj2s.pth", "tmp_file_name": null, "clean_after_upload": false}, "version": 105, "at": 1714722624.3810334}
{"obj": {"type": "LogStrings", "path": ["monitoring", "d936b48f", "stdout"], "values": [{"value": "\u001b[32mThe data are successfully loaded to Neptune.\u001b[37m", "step": null, "ts": 1714722624.381627}]}, "version": 106, "at": 1714722624.3817215}
{"obj": {"type": "LogStrings", "path": ["monitoring", "d936b48f", "stdout"], "values": [{"value": "\n", "step": null, "ts": 1714722624.3820345}]}, "version": 107, "at": 1714722624.382084}
{"obj": {"type": "LogStrings", "path": ["monitoring", "d936b48f", "stdout"], "values": [{"value": "\u001b[32mThe checkpoint is successfully logged to Neptune.", "step": null, "ts": 1714722624.382322}]}, "version": 108, "at": 1714722624.3823657}
{"obj": {"type": "LogStrings", "path": ["monitoring", "d936b48f", "stdout"], "values": [{"value": " ", "step": null, "ts": 1714722624.3825874}]}, "version": 109, "at": 1714722624.3826275}
{"obj": {"type": "LogStrings", "path": ["monitoring", "d936b48f", "stdout"], "values": [{"value": "\u001b[37m", "step": null, "ts": 1714722624.3828413}]}, "version": 110, "at": 1714722624.3828807}
{"obj": {"type": "LogStrings", "path": ["monitoring", "d936b48f", "stdout"], "values": [{"value": "\n", "step": null, "ts": 1714722624.3830914}]}, "version": 111, "at": 1714722624.3831277}
{"obj": {"type": "LogStrings", "path": ["monitoring", "d936b48f", "stderr"], "values": [{"value": "\rTraining:  11%|\u2588\u2588\u2588\u2588\u2588\u2588\u2588\u2588\u2588\u2588\u2588\u2588\u258a                                                                                                       | 11/100 [00:23<03:17,  2.21s/epoch]", "step": null, "ts": 1714722624.3846636}]}, "version": 112, "at": 1714722624.3847232}
{"obj": {"type": "LogFloats", "path": ["training", "losses", "Hidden Layer MSELoss (size = 4096)"], "values": [{"value": 927413.3125, "step": null, "ts": 1714722629.285906}]}, "version": 113, "at": 1714722629.286034}
{"obj": {"type": "LogFloats", "path": ["training", "losses", "Hidden Layer MSELoss (size = 1024)"], "values": [{"value": 348128.78125, "step": null, "ts": 1714722629.2861366}]}, "version": 114, "at": 1714722629.2861938}
{"obj": {"type": "LogFloats", "path": ["training", "losses", "Hidden Layer MSELoss (size = 512)"], "values": [{"value": 179366.3125, "step": null, "ts": 1714722629.2862597}]}, "version": 115, "at": 1714722629.2863035}
{"obj": {"type": "LogFloats", "path": ["training", "losses", "Hidden Layer MSELoss (size = 256)"], "values": [{"value": 88298.609375, "step": null, "ts": 1714722629.2863495}]}, "version": 116, "at": 1714722629.2863905}
{"obj": {"type": "LogFloats", "path": ["training", "losses", "MSELoss"], "values": [{"value": 385801.78125, "step": null, "ts": 1714722629.286436}]}, "version": 117, "at": 1714722629.2864754}
{"obj": {"type": "LogStrings", "path": ["monitoring", "d936b48f", "stderr"], "values": [{"value": "\rTraining:  12%|\u2588\u2588\u2588\u2588\u2588\u2588\u2588\u2588\u2588\u2588\u2588\u2588\u2588\u2589                                                                                                      | 12/100 [00:28<04:26,  3.03s/epoch]", "step": null, "ts": 1714722629.287505}]}, "version": 118, "at": 1714722629.2875316}
{"obj": {"type": "LogFloats", "path": ["monitoring", "d936b48f", "cpu"], "values": [{"value": 96.8, "step": null, "ts": 1714722629.7378585}]}, "version": 119, "at": 1714722629.7381642}
{"obj": {"type": "LogFloats", "path": ["monitoring", "d936b48f", "memory"], "values": [{"value": 7.738212585449219, "step": null, "ts": 1714722629.7378585}]}, "version": 120, "at": 1714722629.738295}
{"obj": {"type": "LogStrings", "path": ["monitoring", "d936b48f", "stderr"], "values": [{"value": "", "step": null, "ts": 1714722631.5092638}]}, "version": 121, "at": 1714722631.5092897}
{"obj": {"type": "LogStrings", "path": ["monitoring", "d936b48f", "stderr"], "values": [{"value": "\rTraining:  12%|\u2588\u2588\u2588\u2588\u2588\u2588\u2588\u2588\u2588\u2588\u2588\u2588\u2588\u2589                                                                                                      | 12/100 [00:30<03:44,  2.55s/epoch]", "step": null, "ts": 1714722631.509652}]}, "version": 122, "at": 1714722631.5096684}
{"obj": {"type": "LogStrings", "path": ["monitoring", "d936b48f", "stderr"], "values": [{"value": "\n", "step": null, "ts": 1714722631.509864}]}, "version": 123, "at": 1714722631.5098772}
{"obj": {"type": "LogStrings", "path": ["monitoring", "d936b48f", "traceback"], "values": [{"value": "An uncaught exception occurred while run was active on worker f205pc13.", "step": null, "ts": 1714722631.5104642}, {"value": "Marking run as failed", "step": null, "ts": 1714722631.5104642}, {"value": "Traceback:", "step": null, "ts": 1714722631.5104642}, {"value": "  File \"/home/bimokhtari1/Documents/Image-Clustering-Based-on-Node-Edge-Duality-Message-Passing-Using-Graph-Attention-Networks/src/scripts/igmp_trainer.py\", line 32, in <module>\n    igmp_trainer(**config)\n", "step": null, "ts": 1714722631.5104642}, {"value": "  File \"/home/bimokhtari1/Documents/Image-Clustering-Based-on-Node-Edge-Duality-Message-Passing-Using-Graph-Attention-Networks/models/training/trainer.py\", line 175, in image_gat_mp_trainer\n    overall_loss.backward()\n", "step": null, "ts": 1714722631.5104642}, {"value": "  File \"/home/bimokhtari1/anaconda3/lib/python3.11/site-packages/torch/_tensor.py\", line 522, in backward\n    torch.autograd.backward(\n", "step": null, "ts": 1714722631.5104642}, {"value": "  File \"/home/bimokhtari1/anaconda3/lib/python3.11/site-packages/torch/autograd/__init__.py\", line 266, in backward\n    Variable._execution_engine.run_backward(  # Calls into the C++ engine to run the backward pass\n", "step": null, "ts": 1714722631.5104642}, {"value": "", "step": null, "ts": 1714722631.5104642}]}, "version": 124, "at": 1714722631.5104876}
{"obj": {"type": "AssignBool", "path": ["sys", "failed"], "value": true}, "version": 125, "at": 1714722631.5105996}
{"obj": {"type": "LogStrings", "path": ["monitoring", "d936b48f", "stderr"], "values": [{"value": "", "step": null, "ts": 1714722631.510684}]}, "version": 126, "at": 1714722631.5106964}
{"obj": {"type": "LogStrings", "path": ["monitoring", "d936b48f", "stderr"], "values": [{"value": "Traceback (most recent call last):\n", "step": null, "ts": 1714722631.510809}]}, "version": 127, "at": 1714722631.5108209}
{"obj": {"type": "LogStrings", "path": ["monitoring", "d936b48f", "stderr"], "values": [{"value": "", "step": null, "ts": 1714722631.510903}]}, "version": 128, "at": 1714722631.5109143}
{"obj": {"type": "LogStrings", "path": ["monitoring", "d936b48f", "stderr"], "values": [{"value": "  File \"/home/bimokhtari1/Documents/Image-Clustering-Based-on-Node-Edge-Duality-Message-Passing-Using-Graph-Attention-Networks/src/scripts/igmp_trainer.py\", line 32, in <module>\n", "step": null, "ts": 1714722631.511016}]}, "version": 129, "at": 1714722631.5110261}
{"obj": {"type": "LogStrings", "path": ["monitoring", "d936b48f", "stderr"], "values": [{"value": "", "step": null, "ts": 1714722631.5112767}]}, "version": 130, "at": 1714722631.5112877}
{"obj": {"type": "LogStrings", "path": ["monitoring", "d936b48f", "stderr"], "values": [{"value": "    ", "step": null, "ts": 1714722631.5113502}]}, "version": 131, "at": 1714722631.511361}
{"obj": {"type": "LogStrings", "path": ["monitoring", "d936b48f", "stderr"], "values": [{"value": "igmp_trainer(**config)", "step": null, "ts": 1714722631.5115626}]}, "version": 132, "at": 1714722631.511573}
{"obj": {"type": "LogStrings", "path": ["monitoring", "d936b48f", "stderr"], "values": [{"value": "\n", "step": null, "ts": 1714722631.5118434}]}, "version": 133, "at": 1714722631.5118535}
{"obj": {"type": "LogStrings", "path": ["monitoring", "d936b48f", "stderr"], "values": [{"value": "", "step": null, "ts": 1714722631.5120227}]}, "version": 134, "at": 1714722631.5120327}
{"obj": {"type": "LogStrings", "path": ["monitoring", "d936b48f", "stderr"], "values": [{"value": "  File \"/home/bimokhtari1/Documents/Image-Clustering-Based-on-Node-Edge-Duality-Message-Passing-Using-Graph-Attention-Networks/models/training/trainer.py\", line 175, in image_gat_mp_trainer\n", "step": null, "ts": 1714722631.512307}]}, "version": 135, "at": 1714722631.5123174}
{"obj": {"type": "LogStrings", "path": ["monitoring", "d936b48f", "stderr"], "values": [{"value": "", "step": null, "ts": 1714722631.5124738}]}, "version": 136, "at": 1714722631.5124843}
{"obj": {"type": "LogStrings", "path": ["monitoring", "d936b48f", "stderr"], "values": [{"value": "    ", "step": null, "ts": 1714722631.5127814}]}, "version": 137, "at": 1714722631.512793}
{"obj": {"type": "LogStrings", "path": ["monitoring", "d936b48f", "stderr"], "values": [{"value": "overall_loss.backward()", "step": null, "ts": 1714722631.513248}]}, "version": 138, "at": 1714722631.5132594}
{"obj": {"type": "LogStrings", "path": ["monitoring", "d936b48f", "stdout"], "values": [{"value": "[neptune] [info   ] Shutting down background jobs, please wait a moment...\n", "step": null, "ts": 1714722631.5133588}]}, "version": 139, "at": 1714722631.5133767}
{"obj": {"type": "LogStrings", "path": ["monitoring", "d936b48f", "stderr"], "values": [{"value": "\n", "step": null, "ts": 1714722631.513457}]}, "version": 140, "at": 1714722631.5134711}
{"obj": {"type": "LogStrings", "path": ["monitoring", "d936b48f", "stderr"], "values": [{"value": "", "step": null, "ts": 1714722631.513541}]}, "version": 141, "at": 1714722631.5135539}
{"obj": {"type": "LogStrings", "path": ["monitoring", "d936b48f", "stderr"], "values": [{"value": "  File \"/home/bimokhtari1/anaconda3/lib/python3.11/site-packages/torch/_tensor.py\", line 522, in backward\n", "step": null, "ts": 1714722631.5136163}]}, "version": 142, "at": 1714722631.513628}
{"obj": {"type": "LogStrings", "path": ["monitoring", "d936b48f", "stderr"], "values": [{"value": "", "step": null, "ts": 1714722631.5137038}]}, "version": 143, "at": 1714722631.5137155}
{"obj": {"type": "LogStrings", "path": ["monitoring", "d936b48f", "stderr"], "values": [{"value": "    ", "step": null, "ts": 1714722631.5138052}]}, "version": 144, "at": 1714722631.5138168}
{"obj": {"type": "LogStrings", "path": ["monitoring", "d936b48f", "stderr"], "values": [{"value": "torch.autograd.backward(", "step": null, "ts": 1714722631.5138772}]}, "version": 145, "at": 1714722631.5138884}
{"obj": {"type": "LogStrings", "path": ["monitoring", "d936b48f", "stderr"], "values": [{"value": "\n", "step": null, "ts": 1714722631.5139472}]}, "version": 146, "at": 1714722631.513958}
{"obj": {"type": "LogStrings", "path": ["monitoring", "d936b48f", "stderr"], "values": [{"value": "", "step": null, "ts": 1714722631.5140166}]}, "version": 147, "at": 1714722631.514027}
{"obj": {"type": "LogStrings", "path": ["monitoring", "d936b48f", "stderr"], "values": [{"value": "  File \"/home/bimokhtari1/anaconda3/lib/python3.11/site-packages/torch/autograd/__init__.py\", line 266, in backward\n", "step": null, "ts": 1714722631.514291}]}, "version": 148, "at": 1714722631.5143037}
{"obj": {"type": "LogStrings", "path": ["monitoring", "d936b48f", "stderr"], "values": [{"value": "", "step": null, "ts": 1714722631.5143664}]}, "version": 149, "at": 1714722631.5143774}
{"obj": {"type": "LogStrings", "path": ["monitoring", "d936b48f", "stderr"], "values": [{"value": "    ", "step": null, "ts": 1714722631.5144355}]}, "version": 150, "at": 1714722631.5144458}
{"obj": {"type": "LogStrings", "path": ["monitoring", "d936b48f", "stderr"], "values": [{"value": "Variable._execution_engine.run_backward(  # Calls into the C++ engine to run the backward pass", "step": null, "ts": 1714722631.5145035}]}, "version": 151, "at": 1714722631.5145133}
{"obj": {"type": "LogStrings", "path": ["monitoring", "d936b48f", "stderr"], "values": [{"value": "\n", "step": null, "ts": 1714722631.5145705}]}, "version": 152, "at": 1714722631.5145805}
{"obj": {"type": "LogStrings", "path": ["monitoring", "d936b48f", "stderr"], "values": [{"value": "", "step": null, "ts": 1714722631.5170746}]}, "version": 153, "at": 1714722631.517132}
{"obj": {"type": "LogStrings", "path": ["monitoring", "d936b48f", "stderr"], "values": [{"value": "KeyboardInterrupt", "step": null, "ts": 1714722631.5173194}]}, "version": 154, "at": 1714722631.5173411}
{"obj": {"type": "LogStrings", "path": ["monitoring", "d936b48f", "stderr"], "values": [{"value": "", "step": null, "ts": 1714722631.5174346}]}, "version": 155, "at": 1714722631.517449}
{"obj": {"type": "LogStrings", "path": ["monitoring", "d936b48f", "stderr"], "values": [{"value": "\n", "step": null, "ts": 1714722631.5175183}]}, "version": 156, "at": 1714722631.5175304}
