{"obj": {"type": "AssignString", "path": ["monitoring", "804f16c0", "hostname"], "value": "f205pc13"}, "version": 1, "at": 1714653911.0822463}
{"obj": {"type": "AssignString", "path": ["monitoring", "804f16c0", "pid"], "value": "21146"}, "version": 2, "at": 1714653911.0824265}
{"obj": {"type": "AssignString", "path": ["monitoring", "804f16c0", "tid"], "value": "140538488193408"}, "version": 3, "at": 1714653911.0825226}
{"obj": {"type": "ClearStringLog", "path": ["monitoring", "804f16c0", "stdout"]}, "version": 4, "at": 1714653911.0826154}
{"obj": {"type": "ClearStringLog", "path": ["monitoring", "804f16c0", "stderr"]}, "version": 5, "at": 1714653911.0826962}
{"obj": {"type": "UploadFile", "path": ["source_code", "diff"], "ext": "patch", "file_path": null, "tmp_file_name": "source_code_diff-1714653911.122549-2024-05-02_14.45.11.122549.patch", "clean_after_upload": false}, "version": 6, "at": 1714653911.122692}
{"obj": {"type": "ConfigFloatSeries", "path": ["monitoring", "804f16c0", "cpu"], "min": 0.0, "max": 100.0, "unit": "%"}, "version": 7, "at": 1714653911.1299653}
{"obj": {"type": "ClearFloatLog", "path": ["monitoring", "804f16c0", "cpu"]}, "version": 8, "at": 1714653911.1301444}
{"obj": {"type": "LogStrings", "path": ["monitoring", "804f16c0", "stdout"], "values": [{"value": "[neptune] [warning] Info (NVML): NVML Shared Library Not Found. GPU usage metrics may not be reported. For more information, see https://docs.neptune.ai/help/nvml_error/\n", "step": null, "ts": 1714653911.1302474}]}, "version": 9, "at": 1714653911.1302772}
{"obj": {"type": "ConfigFloatSeries", "path": ["monitoring", "804f16c0", "memory"], "min": 0.0, "max": 15.489364624023438, "unit": "GB"}, "version": 10, "at": 1714653911.1304185}
{"obj": {"type": "ClearFloatLog", "path": ["monitoring", "804f16c0", "memory"]}, "version": 11, "at": 1714653911.1304686}
{"obj": {"type": "LogFloats", "path": ["monitoring", "804f16c0", "cpu"], "values": [{"value": 35.9, "step": null, "ts": 1714653911.1342897}]}, "version": 12, "at": 1714653911.1357396}
{"obj": {"type": "LogFloats", "path": ["monitoring", "804f16c0", "memory"], "values": [{"value": 5.369190216064453, "step": null, "ts": 1714653911.1342897}]}, "version": 13, "at": 1714653911.1358995}
{"obj": {"type": "LogStrings", "path": ["monitoring", "804f16c0", "stderr"], "values": [{"value": "\rFetching file...: 0 [00:00, ?/s]", "step": null, "ts": 1714653911.3119564}]}, "version": 14, "at": 1714653911.3120532}
{"obj": {"type": "LogStrings", "path": ["monitoring", "804f16c0", "stderr"], "values": [{"value": "", "step": null, "ts": 1714653911.3942327}]}, "version": 15, "at": 1714653911.3942971}
{"obj": {"type": "LogStrings", "path": ["monitoring", "804f16c0", "stderr"], "values": [{"value": "\rFetching file...: 100%|\u2588\u2588\u2588\u2588\u2588\u2588\u2588\u2588\u2588\u2588\u2588\u2588\u2588\u2588\u2588\u2588\u2588\u2588\u2588\u2588\u2588\u2588\u2588\u2588\u2588\u2588\u2588\u2588\u2588\u2588\u2588\u2588\u2588\u2588\u2588\u2588\u2588\u2588\u2588\u2588\u2588\u2588\u2588\u2588\u2588\u2588\u2588\u2588\u2588\u2588\u2588\u2588\u2588\u2588\u2588\u2588\u2588\u2588\u2588\u2588\u2588\u2588\u2588\u2588\u2588\u2588\u2588\u2588\u2588\u2588\u2588\u2588\u2588\u2588\u2588\u2588\u2588\u2588\u2588\u2588\u2588\u2588\u2588\u2588\u2588\u2588\u2588\u2588\u2588\u2588| 2900373/2900373 [00:00<00:00, 35291384.40/s]", "step": null, "ts": 1714653911.3950105}]}, "version": 16, "at": 1714653911.3950703}
{"obj": {"type": "LogStrings", "path": ["monitoring", "804f16c0", "stderr"], "values": [{"value": "\n", "step": null, "ts": 1714653911.3954163}]}, "version": 17, "at": 1714653911.3954713}
{"obj": {"type": "LogStrings", "path": ["monitoring", "804f16c0", "stdout"], "values": [{"value": "\u001b[32mThe data is successfully fetched from Neptune.", "step": null, "ts": 1714653911.3999598}]}, "version": 18, "at": 1714653911.4000087}
{"obj": {"type": "LogStrings", "path": ["monitoring", "804f16c0", "stdout"], "values": [{"value": " ", "step": null, "ts": 1714653911.4002452}]}, "version": 19, "at": 1714653911.4002788}
{"obj": {"type": "LogStrings", "path": ["monitoring", "804f16c0", "stdout"], "values": [{"value": "\u001b[37m", "step": null, "ts": 1714653911.4004269}]}, "version": 20, "at": 1714653911.4004562}
{"obj": {"type": "LogStrings", "path": ["monitoring", "804f16c0", "stdout"], "values": [{"value": "\n", "step": null, "ts": 1714653911.4005895}]}, "version": 21, "at": 1714653911.4006143}
{"obj": {"type": "LogStrings", "path": ["monitoring", "804f16c0", "stdout"], "values": [{"value": "\u001b[32mThe data is successfully fetched from Neptune.", "step": null, "ts": 1714653911.4680305}]}, "version": 22, "at": 1714653911.4680853}
{"obj": {"type": "LogStrings", "path": ["monitoring", "804f16c0", "stdout"], "values": [{"value": " ", "step": null, "ts": 1714653911.4684355}]}, "version": 23, "at": 1714653911.4684765}
{"obj": {"type": "LogStrings", "path": ["monitoring", "804f16c0", "stdout"], "values": [{"value": "\u001b[37m", "step": null, "ts": 1714653911.4696991}]}, "version": 24, "at": 1714653911.4697528}
{"obj": {"type": "LogStrings", "path": ["monitoring", "804f16c0", "stdout"], "values": [{"value": "\n", "step": null, "ts": 1714653911.4704285}]}, "version": 25, "at": 1714653911.4704833}
{"obj": {"type": "LogStrings", "path": ["monitoring", "804f16c0", "stderr"], "values": [{"value": "\rTraining:   0%|                                                                                                                     | 0/100 [00:00<?, ?epoch/s]", "step": null, "ts": 1714653912.4010572}]}, "version": 26, "at": 1714653912.401083}
{"obj": {"type": "LogFloats", "path": ["training", "losses", "Hidden Layer MSELoss (size = 4096)"], "values": [{"value": 929727.125, "step": null, "ts": 1714653915.6783233}]}, "version": 27, "at": 1714653915.678686}
{"obj": {"type": "LogFloats", "path": ["training", "losses", "Hidden Layer MSELoss (size = 1024)"], "values": [{"value": 363394.03125, "step": null, "ts": 1714653915.678825}]}, "version": 28, "at": 1714653915.67897}
{"obj": {"type": "LogFloats", "path": ["training", "losses", "Hidden Layer MSELoss (size = 512)"], "values": [{"value": 181053.453125, "step": null, "ts": 1714653915.679065}]}, "version": 29, "at": 1714653915.6791935}
{"obj": {"type": "LogFloats", "path": ["training", "losses", "Hidden Layer MSELoss (size = 256)"], "values": [{"value": 88223.2109375, "step": null, "ts": 1714653915.6792874}]}, "version": 30, "at": 1714653915.6793954}
{"obj": {"type": "LogFloats", "path": ["training", "losses", "MSELoss"], "values": [{"value": 390599.46875, "step": null, "ts": 1714653915.679469}]}, "version": 31, "at": 1714653915.6795762}
{"obj": {"type": "UploadFile", "path": ["training", "checkpoints", "chkpt_epoch_0"], "ext": "pth", "file_path": "/tmp/tmpt8yyl1b8.pth", "tmp_file_name": null, "clean_after_upload": false}, "version": 32, "at": 1714653916.060344}
{"obj": {"type": "LogStrings", "path": ["monitoring", "804f16c0", "stdout"], "values": [{"value": "\u001b[32mThe data are successfully loaded to Neptune.\u001b[37m", "step": null, "ts": 1714653916.0611253}]}, "version": 33, "at": 1714653916.061212}
{"obj": {"type": "LogStrings", "path": ["monitoring", "804f16c0", "stdout"], "values": [{"value": "\n", "step": null, "ts": 1714653916.0616894}]}, "version": 34, "at": 1714653916.0617442}
{"obj": {"type": "LogStrings", "path": ["monitoring", "804f16c0", "stdout"], "values": [{"value": "\u001b[32mThe checkpoint is successfully logged to Neptune.", "step": null, "ts": 1714653916.062817}]}, "version": 35, "at": 1714653916.062867}
{"obj": {"type": "LogStrings", "path": ["monitoring", "804f16c0", "stderr"], "values": [{"value": "\rTraining:   1%|\u2588                                                                                                            | 1/100 [00:03<06:02,  3.66s/epoch]", "step": null, "ts": 1714653916.0644586}]}, "version": 36, "at": 1714653916.0645273}
{"obj": {"type": "LogStrings", "path": ["monitoring", "804f16c0", "stdout"], "values": [{"value": " ", "step": null, "ts": 1714653916.0652158}]}, "version": 37, "at": 1714653916.065277}
{"obj": {"type": "LogStrings", "path": ["monitoring", "804f16c0", "stdout"], "values": [{"value": "\u001b[37m", "step": null, "ts": 1714653916.0655456}]}, "version": 38, "at": 1714653916.0655918}
{"obj": {"type": "LogStrings", "path": ["monitoring", "804f16c0", "stdout"], "values": [{"value": "\n", "step": null, "ts": 1714653916.065819}]}, "version": 39, "at": 1714653916.0658615}
{"obj": {"type": "LogFloats", "path": ["training", "losses", "Hidden Layer MSELoss (size = 4096)"], "values": [{"value": 917335.25, "step": null, "ts": 1714653919.0397015}]}, "version": 40, "at": 1714653919.0398598}
{"obj": {"type": "LogFloats", "path": ["training", "losses", "Hidden Layer MSELoss (size = 1024)"], "values": [{"value": 353944.96875, "step": null, "ts": 1714653919.0399833}]}, "version": 41, "at": 1714653919.0400867}
{"obj": {"type": "LogFloats", "path": ["training", "losses", "Hidden Layer MSELoss (size = 512)"], "values": [{"value": 183206.890625, "step": null, "ts": 1714653919.0401654}]}, "version": 42, "at": 1714653919.040247}
{"obj": {"type": "LogFloats", "path": ["training", "losses", "Hidden Layer MSELoss (size = 256)"], "values": [{"value": 91991.0625, "step": null, "ts": 1714653919.0404842}]}, "version": 43, "at": 1714653919.040676}
{"obj": {"type": "LogFloats", "path": ["training", "losses", "MSELoss"], "values": [{"value": 386619.5625, "step": null, "ts": 1714653919.0407832}]}, "version": 44, "at": 1714653919.0411997}
{"obj": {"type": "LogStrings", "path": ["monitoring", "804f16c0", "stderr"], "values": [{"value": "\rTraining:   2%|\u2588\u2588\u258f                                                                                                          | 2/100 [00:06<05:19,  3.26s/epoch]", "step": null, "ts": 1714653919.0425725}]}, "version": 45, "at": 1714653919.042614}
{"obj": {"type": "LogFloats", "path": ["monitoring", "804f16c0", "cpu"], "values": [{"value": 89.8, "step": null, "ts": 1714653921.1360638}]}, "version": 46, "at": 1714653921.1370497}
{"obj": {"type": "LogFloats", "path": ["monitoring", "804f16c0", "memory"], "values": [{"value": 7.551597595214844, "step": null, "ts": 1714653921.1360638}]}, "version": 47, "at": 1714653921.1372175}
{"obj": {"type": "LogFloats", "path": ["training", "losses", "Hidden Layer MSELoss (size = 4096)"], "values": [{"value": 868567.6875, "step": null, "ts": 1714653922.6787105}]}, "version": 48, "at": 1714653922.6788642}
{"obj": {"type": "LogFloats", "path": ["training", "losses", "Hidden Layer MSELoss (size = 1024)"], "values": [{"value": 299778.21875, "step": null, "ts": 1714653922.679005}]}, "version": 49, "at": 1714653922.679089}
{"obj": {"type": "LogFloats", "path": ["training", "losses", "Hidden Layer MSELoss (size = 512)"], "values": [{"value": 168020.828125, "step": null, "ts": 1714653922.6791677}]}, "version": 50, "at": 1714653922.6792364}
{"obj": {"type": "LogFloats", "path": ["training", "losses", "Hidden Layer MSELoss (size = 256)"], "values": [{"value": 86931.6796875, "step": null, "ts": 1714653922.679323}]}, "version": 51, "at": 1714653922.679385}
{"obj": {"type": "LogFloats", "path": ["training", "losses", "MSELoss"], "values": [{"value": 355824.59375, "step": null, "ts": 1714653922.67945}]}, "version": 52, "at": 1714653922.6795115}
{"obj": {"type": "LogStrings", "path": ["monitoring", "804f16c0", "stderr"], "values": [{"value": "\rTraining:   3%|\u2588\u2588\u2588\u258e                                                                                                         | 3/100 [00:10<05:32,  3.43s/epoch]", "step": null, "ts": 1714653922.6801353}]}, "version": 53, "at": 1714653922.6801596}
{"obj": {"type": "LogFloats", "path": ["training", "losses", "Hidden Layer MSELoss (size = 4096)"], "values": [{"value": 845442.5625, "step": null, "ts": 1714653925.269404}]}, "version": 54, "at": 1714653925.2695541}
{"obj": {"type": "LogFloats", "path": ["training", "losses", "Hidden Layer MSELoss (size = 1024)"], "values": [{"value": 254068.703125, "step": null, "ts": 1714653925.2697017}]}, "version": 55, "at": 1714653925.2697854}
{"obj": {"type": "LogFloats", "path": ["training", "losses", "Hidden Layer MSELoss (size = 512)"], "values": [{"value": 160860.796875, "step": null, "ts": 1714653925.2698672}]}, "version": 56, "at": 1714653925.2699382}
{"obj": {"type": "LogFloats", "path": ["training", "losses", "Hidden Layer MSELoss (size = 256)"], "values": [{"value": 82109.9921875, "step": null, "ts": 1714653925.2700138}]}, "version": 57, "at": 1714653925.2700841}
{"obj": {"type": "LogFloats", "path": ["training", "losses", "MSELoss"], "values": [{"value": 335620.5, "step": null, "ts": 1714653925.2701576}]}, "version": 58, "at": 1714653925.2702243}
{"obj": {"type": "LogStrings", "path": ["monitoring", "804f16c0", "stderr"], "values": [{"value": "\rTraining:   4%|\u2588\u2588\u2588\u2588\u258e                                                                                                        | 4/100 [00:12<04:57,  3.10s/epoch]", "step": null, "ts": 1714653925.2707376}]}, "version": 59, "at": 1714653925.2707617}
{"obj": {"type": "LogFloats", "path": ["training", "losses", "Hidden Layer MSELoss (size = 4096)"], "values": [{"value": 829621.0, "step": null, "ts": 1714653927.7801623}]}, "version": 60, "at": 1714653927.7803047}
{"obj": {"type": "LogFloats", "path": ["training", "losses", "Hidden Layer MSELoss (size = 1024)"], "values": [{"value": 206620.703125, "step": null, "ts": 1714653927.7804496}]}, "version": 61, "at": 1714653927.7805276}
{"obj": {"type": "LogFloats", "path": ["training", "losses", "Hidden Layer MSELoss (size = 512)"], "values": [{"value": 146662.0625, "step": null, "ts": 1714653927.7806005}]}, "version": 62, "at": 1714653927.780666}
{"obj": {"type": "LogFloats", "path": ["training", "losses", "Hidden Layer MSELoss (size = 256)"], "values": [{"value": 79604.75, "step": null, "ts": 1714653927.7807329}]}, "version": 63, "at": 1714653927.7807937}
{"obj": {"type": "LogFloats", "path": ["training", "losses", "MSELoss"], "values": [{"value": 315627.125, "step": null, "ts": 1714653927.7808583}]}, "version": 64, "at": 1714653927.7809172}
{"obj": {"type": "LogStrings", "path": ["monitoring", "804f16c0", "stderr"], "values": [{"value": "\rTraining:   5%|\u2588\u2588\u2588\u2588\u2588\u258d                                                                                                       | 5/100 [00:15<04:34,  2.89s/epoch]", "step": null, "ts": 1714653927.7815733}]}, "version": 65, "at": 1714653927.7815998}
{"obj": {"type": "LogFloats", "path": ["training", "losses", "Hidden Layer MSELoss (size = 4096)"], "values": [{"value": 820867.625, "step": null, "ts": 1714653930.2657998}]}, "version": 66, "at": 1714653930.2659502}
{"obj": {"type": "LogFloats", "path": ["training", "losses", "Hidden Layer MSELoss (size = 1024)"], "values": [{"value": 170753.828125, "step": null, "ts": 1714653930.266086}]}, "version": 67, "at": 1714653930.2661724}
{"obj": {"type": "LogFloats", "path": ["training", "losses", "Hidden Layer MSELoss (size = 512)"], "values": [{"value": 135628.8125, "step": null, "ts": 1714653930.2662532}]}, "version": 68, "at": 1714653930.2663264}
{"obj": {"type": "LogFloats", "path": ["training", "losses", "Hidden Layer MSELoss (size = 256)"], "values": [{"value": 76190.78125, "step": null, "ts": 1714653930.2664008}]}, "version": 69, "at": 1714653930.2664688}
{"obj": {"type": "LogFloats", "path": ["training", "losses", "MSELoss"], "values": [{"value": 300860.25, "step": null, "ts": 1714653930.2665417}]}, "version": 70, "at": 1714653930.266609}
{"obj": {"type": "LogStrings", "path": ["monitoring", "804f16c0", "stderr"], "values": [{"value": "\rTraining:   6%|\u2588\u2588\u2588\u2588\u2588\u2588\u258c                                                                                                      | 6/100 [00:17<04:18,  2.75s/epoch]", "step": null, "ts": 1714653930.267294}]}, "version": 71, "at": 1714653930.2673216}
{"obj": {"type": "LogFloats", "path": ["monitoring", "804f16c0", "cpu"], "values": [{"value": 99.7, "step": null, "ts": 1714653931.137373}]}, "version": 72, "at": 1714653931.137713}
{"obj": {"type": "LogFloats", "path": ["monitoring", "804f16c0", "memory"], "values": [{"value": 7.271221160888672, "step": null, "ts": 1714653931.137373}]}, "version": 73, "at": 1714653931.1378615}
{"obj": {"type": "LogFloats", "path": ["training", "losses", "Hidden Layer MSELoss (size = 4096)"], "values": [{"value": 815814.5625, "step": null, "ts": 1714653933.032986}]}, "version": 74, "at": 1714653933.0331235}
{"obj": {"type": "LogFloats", "path": ["training", "losses", "Hidden Layer MSELoss (size = 1024)"], "values": [{"value": 143540.90625, "step": null, "ts": 1714653933.0332506}]}, "version": 75, "at": 1714653933.033338}
{"obj": {"type": "LogFloats", "path": ["training", "losses", "Hidden Layer MSELoss (size = 512)"], "values": [{"value": 125899.671875, "step": null, "ts": 1714653933.0334048}]}, "version": 76, "at": 1714653933.0334656}
{"obj": {"type": "LogFloats", "path": ["training", "losses", "Hidden Layer MSELoss (size = 256)"], "values": [{"value": 73316.171875, "step": null, "ts": 1714653933.0335274}]}, "version": 77, "at": 1714653933.0335855}
{"obj": {"type": "LogFloats", "path": ["training", "losses", "MSELoss"], "values": [{"value": 289642.8125, "step": null, "ts": 1714653933.0336456}]}, "version": 78, "at": 1714653933.033701}
{"obj": {"type": "LogStrings", "path": ["monitoring", "804f16c0", "stderr"], "values": [{"value": "\rTraining:   7%|\u2588\u2588\u2588\u2588\u2588\u2588\u2588\u258b                                                                                                     | 7/100 [00:20<04:16,  2.76s/epoch]", "step": null, "ts": 1714653933.0342674}]}, "version": 79, "at": 1714653933.034289}
{"obj": {"type": "LogFloats", "path": ["training", "losses", "Hidden Layer MSELoss (size = 4096)"], "values": [{"value": 810395.0, "step": null, "ts": 1714653935.704678}]}, "version": 80, "at": 1714653935.7048264}
{"obj": {"type": "LogFloats", "path": ["training", "losses", "Hidden Layer MSELoss (size = 1024)"], "values": [{"value": 123790.25, "step": null, "ts": 1714653935.7049487}]}, "version": 81, "at": 1714653935.7050233}
{"obj": {"type": "LogFloats", "path": ["training", "losses", "Hidden Layer MSELoss (size = 512)"], "values": [{"value": 115116.3515625, "step": null, "ts": 1714653935.7050939}]}, "version": 82, "at": 1714653935.705155}
{"obj": {"type": "LogFloats", "path": ["training", "losses", "Hidden Layer MSELoss (size = 256)"], "values": [{"value": 71124.703125, "step": null, "ts": 1714653935.7052186}]}, "version": 83, "at": 1714653935.7052743}
{"obj": {"type": "LogFloats", "path": ["training", "losses", "MSELoss"], "values": [{"value": 280106.59375, "step": null, "ts": 1714653935.7053351}]}, "version": 84, "at": 1714653935.705391}
{"obj": {"type": "LogStrings", "path": ["monitoring", "804f16c0", "stderr"], "values": [{"value": "\rTraining:   8%|\u2588\u2588\u2588\u2588\u2588\u2588\u2588\u2588\u258b                                                                                                    | 8/100 [00:23<04:11,  2.73s/epoch]", "step": null, "ts": 1714653935.705797}]}, "version": 85, "at": 1714653935.705818}
{"obj": {"type": "LogFloats", "path": ["training", "losses", "Hidden Layer MSELoss (size = 4096)"], "values": [{"value": 805797.625, "step": null, "ts": 1714653938.4891334}]}, "version": 86, "at": 1714653938.489284}
{"obj": {"type": "LogFloats", "path": ["training", "losses", "Hidden Layer MSELoss (size = 1024)"], "values": [{"value": 109515.5234375, "step": null, "ts": 1714653938.4894173}]}, "version": 87, "at": 1714653938.489499}
{"obj": {"type": "LogFloats", "path": ["training", "losses", "Hidden Layer MSELoss (size = 512)"], "values": [{"value": 105794.59375, "step": null, "ts": 1714653938.4895797}]}, "version": 88, "at": 1714653938.4896512}
{"obj": {"type": "LogFloats", "path": ["training", "losses", "Hidden Layer MSELoss (size = 256)"], "values": [{"value": 68977.484375, "step": null, "ts": 1714653938.4897256}]}, "version": 89, "at": 1714653938.4897912}
{"obj": {"type": "LogFloats", "path": ["training", "losses", "MSELoss"], "values": [{"value": 272521.3125, "step": null, "ts": 1714653938.4898615}]}, "version": 90, "at": 1714653938.4899259}
{"obj": {"type": "LogStrings", "path": ["monitoring", "804f16c0", "stderr"], "values": [{"value": "\rTraining:   9%|\u2588\u2588\u2588\u2588\u2588\u2588\u2588\u2588\u2588\u258a                                                                                                   | 9/100 [00:26<04:09,  2.75s/epoch]", "step": null, "ts": 1714653938.490745}]}, "version": 91, "at": 1714653938.4907837}
{"obj": {"type": "LogFloats", "path": ["training", "losses", "Hidden Layer MSELoss (size = 4096)"], "values": [{"value": 802557.125, "step": null, "ts": 1714653941.001855}]}, "version": 92, "at": 1714653941.0020003}
{"obj": {"type": "LogFloats", "path": ["training", "losses", "Hidden Layer MSELoss (size = 1024)"], "values": [{"value": 95378.703125, "step": null, "ts": 1714653941.0028007}]}, "version": 93, "at": 1714653941.0028837}
{"obj": {"type": "LogFloats", "path": ["training", "losses", "Hidden Layer MSELoss (size = 512)"], "values": [{"value": 97678.5078125, "step": null, "ts": 1714653941.0029645}]}, "version": 94, "at": 1714653941.003031}
{"obj": {"type": "LogFloats", "path": ["training", "losses", "Hidden Layer MSELoss (size = 256)"], "values": [{"value": 66652.7421875, "step": null, "ts": 1714653941.0031023}]}, "version": 95, "at": 1714653941.0031657}
{"obj": {"type": "LogFloats", "path": ["training", "losses", "MSELoss"], "values": [{"value": 265566.75, "step": null, "ts": 1714653941.0032315}]}, "version": 96, "at": 1714653941.0032938}
{"obj": {"type": "LogStrings", "path": ["monitoring", "804f16c0", "stderr"], "values": [{"value": "\rTraining:  10%|\u2588\u2588\u2588\u2588\u2588\u2588\u2588\u2588\u2588\u2588\u258a                                                                                                 | 10/100 [00:28<04:00,  2.67s/epoch]", "step": null, "ts": 1714653941.0037117}]}, "version": 97, "at": 1714653941.0037353}
{"obj": {"type": "LogFloats", "path": ["monitoring", "804f16c0", "cpu"], "values": [{"value": 99.5, "step": null, "ts": 1714653941.138277}]}, "version": 98, "at": 1714653941.1386049}
{"obj": {"type": "LogFloats", "path": ["monitoring", "804f16c0", "memory"], "values": [{"value": 7.185249328613281, "step": null, "ts": 1714653941.138277}]}, "version": 99, "at": 1714653941.1387446}
{"obj": {"type": "LogFloats", "path": ["training", "losses", "Hidden Layer MSELoss (size = 4096)"], "values": [{"value": 798586.6875, "step": null, "ts": 1714653943.550006}]}, "version": 100, "at": 1714653943.55013}
{"obj": {"type": "LogFloats", "path": ["training", "losses", "Hidden Layer MSELoss (size = 1024)"], "values": [{"value": 85019.6015625, "step": null, "ts": 1714653943.550244}]}, "version": 101, "at": 1714653943.550313}
{"obj": {"type": "LogFloats", "path": ["training", "losses", "Hidden Layer MSELoss (size = 512)"], "values": [{"value": 88885.4609375, "step": null, "ts": 1714653943.5503771}]}, "version": 102, "at": 1714653943.5504317}
{"obj": {"type": "LogFloats", "path": ["training", "losses", "Hidden Layer MSELoss (size = 256)"], "values": [{"value": 63680.34765625, "step": null, "ts": 1714653943.5504894}]}, "version": 103, "at": 1714653943.5505428}
{"obj": {"type": "LogFloats", "path": ["training", "losses", "MSELoss"], "values": [{"value": 259043.03125, "step": null, "ts": 1714653943.5505981}]}, "version": 104, "at": 1714653943.5506575}
{"obj": {"type": "UploadFile", "path": ["training", "checkpoints", "chkpt_epoch_10"], "ext": "pth", "file_path": "/tmp/tmp2z8q9mll.pth", "tmp_file_name": null, "clean_after_upload": false}, "version": 105, "at": 1714653943.884745}
{"obj": {"type": "LogStrings", "path": ["monitoring", "804f16c0", "stdout"], "values": [{"value": "\u001b[32mThe data are successfully loaded to Neptune.\u001b[37m", "step": null, "ts": 1714653943.885387}]}, "version": 106, "at": 1714653943.8854563}
{"obj": {"type": "LogStrings", "path": ["monitoring", "804f16c0", "stdout"], "values": [{"value": "\n", "step": null, "ts": 1714653943.885954}]}, "version": 107, "at": 1714653943.8860025}
{"obj": {"type": "LogStrings", "path": ["monitoring", "804f16c0", "stderr"], "values": [{"value": "\rTraining:  11%|\u2588\u2588\u2588\u2588\u2588\u2588\u2588\u2588\u2588\u2588\u2588\u2589                                                                                                | 11/100 [00:31<04:03,  2.74s/epoch]", "step": null, "ts": 1714653943.8879871}]}, "version": 108, "at": 1714653943.8880582}
{"obj": {"type": "LogStrings", "path": ["monitoring", "804f16c0", "stdout"], "values": [{"value": "\u001b[32mThe checkpoint is successfully logged to Neptune.", "step": null, "ts": 1714653943.889096}]}, "version": 109, "at": 1714653943.8891642}
{"obj": {"type": "LogStrings", "path": ["monitoring", "804f16c0", "stdout"], "values": [{"value": " ", "step": null, "ts": 1714653943.889471}]}, "version": 110, "at": 1714653943.8895187}
{"obj": {"type": "LogStrings", "path": ["monitoring", "804f16c0", "stdout"], "values": [{"value": "\u001b[37m", "step": null, "ts": 1714653943.8897538}]}, "version": 111, "at": 1714653943.8897958}
{"obj": {"type": "LogStrings", "path": ["monitoring", "804f16c0", "stdout"], "values": [{"value": "\n", "step": null, "ts": 1714653943.8900144}]}, "version": 112, "at": 1714653943.8900542}
{"obj": {"type": "LogFloats", "path": ["training", "losses", "Hidden Layer MSELoss (size = 4096)"], "values": [{"value": 794631.375, "step": null, "ts": 1714653946.6785097}]}, "version": 113, "at": 1714653946.6786764}
{"obj": {"type": "LogFloats", "path": ["training", "losses", "Hidden Layer MSELoss (size = 1024)"], "values": [{"value": 76851.140625, "step": null, "ts": 1714653946.678832}]}, "version": 114, "at": 1714653946.678912}
{"obj": {"type": "LogFloats", "path": ["training", "losses", "Hidden Layer MSELoss (size = 512)"], "values": [{"value": 79864.921875, "step": null, "ts": 1714653946.6789882}]}, "version": 115, "at": 1714653946.6790526}
{"obj": {"type": "LogFloats", "path": ["training", "losses", "Hidden Layer MSELoss (size = 256)"], "values": [{"value": 61230.5703125, "step": null, "ts": 1714653946.6791217}]}, "version": 116, "at": 1714653946.679183}
{"obj": {"type": "LogFloats", "path": ["training", "losses", "MSELoss"], "values": [{"value": 253144.5, "step": null, "ts": 1714653946.6792502}]}, "version": 117, "at": 1714653946.6793106}
{"obj": {"type": "LogStrings", "path": ["monitoring", "804f16c0", "stderr"], "values": [{"value": "\rTraining:  12%|\u2588\u2588\u2588\u2588\u2588\u2588\u2588\u2588\u2588\u2588\u2588\u2588\u2589                                                                                               | 12/100 [00:34<04:02,  2.76s/epoch]", "step": null, "ts": 1714653946.6799338}]}, "version": 118, "at": 1714653946.6799572}
{"obj": {"type": "LogFloats", "path": ["training", "losses", "Hidden Layer MSELoss (size = 4096)"], "values": [{"value": 791513.0625, "step": null, "ts": 1714653949.5061176}]}, "version": 119, "at": 1714653949.506269}
{"obj": {"type": "LogFloats", "path": ["training", "losses", "Hidden Layer MSELoss (size = 1024)"], "values": [{"value": 69728.671875, "step": null, "ts": 1714653949.5064821}]}, "version": 120, "at": 1714653949.5065703}
{"obj": {"type": "LogFloats", "path": ["training", "losses", "Hidden Layer MSELoss (size = 512)"], "values": [{"value": 72060.015625, "step": null, "ts": 1714653949.5066562}]}, "version": 121, "at": 1714653949.5067253}
{"obj": {"type": "LogFloats", "path": ["training", "losses", "Hidden Layer MSELoss (size = 256)"], "values": [{"value": 58594.3828125, "step": null, "ts": 1714653949.5067968}]}, "version": 122, "at": 1714653949.5068667}
{"obj": {"type": "LogFloats", "path": ["training", "losses", "MSELoss"], "values": [{"value": 247974.03125, "step": null, "ts": 1714653949.5069363}]}, "version": 123, "at": 1714653949.5070052}
{"obj": {"type": "LogStrings", "path": ["monitoring", "804f16c0", "stderr"], "values": [{"value": "\rTraining:  13%|\u2588\u2588\u2588\u2588\u2588\u2588\u2588\u2588\u2588\u2588\u2588\u2588\u2588\u2588                                                                                              | 13/100 [00:37<04:01,  2.78s/epoch]", "step": null, "ts": 1714653949.5097806}]}, "version": 124, "at": 1714653949.5098293}
{"obj": {"type": "LogFloats", "path": ["monitoring", "804f16c0", "cpu"], "values": [{"value": 97.7, "step": null, "ts": 1714653951.138884}]}, "version": 125, "at": 1714653951.1392477}
{"obj": {"type": "LogFloats", "path": ["monitoring", "804f16c0", "memory"], "values": [{"value": 7.6121063232421875, "step": null, "ts": 1714653951.138884}]}, "version": 126, "at": 1714653951.1394002}
{"obj": {"type": "LogFloats", "path": ["training", "losses", "Hidden Layer MSELoss (size = 4096)"], "values": [{"value": 789023.875, "step": null, "ts": 1714653952.155409}]}, "version": 127, "at": 1714653952.1555526}
{"obj": {"type": "LogFloats", "path": ["training", "losses", "Hidden Layer MSELoss (size = 1024)"], "values": [{"value": 61910.015625, "step": null, "ts": 1714653952.155695}]}, "version": 128, "at": 1714653952.1557765}
{"obj": {"type": "LogFloats", "path": ["training", "losses", "Hidden Layer MSELoss (size = 512)"], "values": [{"value": 65653.921875, "step": null, "ts": 1714653952.1558537}]}, "version": 129, "at": 1714653952.1559246}
{"obj": {"type": "LogFloats", "path": ["training", "losses", "Hidden Layer MSELoss (size = 256)"], "values": [{"value": 56330.8984375, "step": null, "ts": 1714653952.1559954}]}, "version": 130, "at": 1714653952.156063}
{"obj": {"type": "LogFloats", "path": ["training", "losses", "MSELoss"], "values": [{"value": 243229.671875, "step": null, "ts": 1714653952.1561317}]}, "version": 131, "at": 1714653952.1561964}
{"obj": {"type": "LogStrings", "path": ["monitoring", "804f16c0", "stderr"], "values": [{"value": "\rTraining:  14%|\u2588\u2588\u2588\u2588\u2588\u2588\u2588\u2588\u2588\u2588\u2588\u2588\u2588\u2588\u2588                                                                                             | 14/100 [00:39<03:55,  2.74s/epoch]", "step": null, "ts": 1714653952.1566105}]}, "version": 132, "at": 1714653952.1566353}
{"obj": {"type": "LogStrings", "path": ["monitoring", "804f16c0", "stderr"], "values": [{"value": "", "step": null, "ts": 1714653955.2328675}]}, "version": 133, "at": 1714653955.2328951}
{"obj": {"type": "LogStrings", "path": ["monitoring", "804f16c0", "stderr"], "values": [{"value": "\rTraining:  14%|\u2588\u2588\u2588\u2588\u2588\u2588\u2588\u2588\u2588\u2588\u2588\u2588\u2588\u2588\u2588                                                                                             | 14/100 [00:42<04:23,  3.06s/epoch]", "step": null, "ts": 1714653955.2330928}]}, "version": 134, "at": 1714653955.2331076}
{"obj": {"type": "LogStrings", "path": ["monitoring", "804f16c0", "stderr"], "values": [{"value": "\n", "step": null, "ts": 1714653955.2334967}]}, "version": 135, "at": 1714653955.2335107}
{"obj": {"type": "LogStrings", "path": ["monitoring", "804f16c0", "traceback"], "values": [{"value": "An uncaught exception occurred while run was active on worker f205pc13.", "step": null, "ts": 1714653955.2342405}, {"value": "Marking run as failed", "step": null, "ts": 1714653955.2342405}, {"value": "Traceback:", "step": null, "ts": 1714653955.2342405}, {"value": "  File \"/home/bimokhtari1/Documents/Image-Clustering-Based-on-Node-Edge-Duality-Message-Passing-Using-Graph-Attention-Networks/src/scripts/igmp_trainer.py\", line 32, in <module>\n    igmp_trainer(**config)\n", "step": null, "ts": 1714653955.2342405}, {"value": "  File \"/home/bimokhtari1/Documents/Image-Clustering-Based-on-Node-Edge-Duality-Message-Passing-Using-Graph-Attention-Networks/models/training/trainer.py\", line 164, in image_gat_mp_trainer\n    overall_loss.backward()\n", "step": null, "ts": 1714653955.2342405}, {"value": "  File \"/home/bimokhtari1/anaconda3/lib/python3.11/site-packages/torch/_tensor.py\", line 522, in backward\n    torch.autograd.backward(\n", "step": null, "ts": 1714653955.2342405}, {"value": "  File \"/home/bimokhtari1/anaconda3/lib/python3.11/site-packages/torch/autograd/__init__.py\", line 266, in backward\n    Variable._execution_engine.run_backward(  # Calls into the C++ engine to run the backward pass\n", "step": null, "ts": 1714653955.2342405}, {"value": "", "step": null, "ts": 1714653955.2342405}]}, "version": 136, "at": 1714653955.234263}
{"obj": {"type": "AssignBool", "path": ["sys", "failed"], "value": true}, "version": 137, "at": 1714653955.2343643}
{"obj": {"type": "LogStrings", "path": ["monitoring", "804f16c0", "stderr"], "values": [{"value": "", "step": null, "ts": 1714653955.23446}]}, "version": 138, "at": 1714653955.2344735}
{"obj": {"type": "LogStrings", "path": ["monitoring", "804f16c0", "stderr"], "values": [{"value": "Traceback (most recent call last):\n", "step": null, "ts": 1714653955.2346025}]}, "version": 139, "at": 1714653955.2346153}
{"obj": {"type": "LogStrings", "path": ["monitoring", "804f16c0", "stderr"], "values": [{"value": "", "step": null, "ts": 1714653955.234685}]}, "version": 140, "at": 1714653955.2346966}
{"obj": {"type": "LogStrings", "path": ["monitoring", "804f16c0", "stderr"], "values": [{"value": "  File \"/home/bimokhtari1/Documents/Image-Clustering-Based-on-Node-Edge-Duality-Message-Passing-Using-Graph-Attention-Networks/src/scripts/igmp_trainer.py\", line 32, in <module>\n", "step": null, "ts": 1714653955.234834}]}, "version": 141, "at": 1714653955.2348468}
{"obj": {"type": "LogStrings", "path": ["monitoring", "804f16c0", "stderr"], "values": [{"value": "", "step": null, "ts": 1714653955.2349944}]}, "version": 142, "at": 1714653955.2350068}
{"obj": {"type": "LogStrings", "path": ["monitoring", "804f16c0", "stderr"], "values": [{"value": "    ", "step": null, "ts": 1714653955.235094}]}, "version": 143, "at": 1714653955.2351058}
{"obj": {"type": "LogStrings", "path": ["monitoring", "804f16c0", "stderr"], "values": [{"value": "igmp_trainer(**config)", "step": null, "ts": 1714653955.235164}]}, "version": 144, "at": 1714653955.235175}
{"obj": {"type": "LogStrings", "path": ["monitoring", "804f16c0", "stderr"], "values": [{"value": "\n", "step": null, "ts": 1714653955.2353156}]}, "version": 145, "at": 1714653955.2353277}
{"obj": {"type": "LogStrings", "path": ["monitoring", "804f16c0", "stderr"], "values": [{"value": "", "step": null, "ts": 1714653955.235389}]}, "version": 146, "at": 1714653955.2353995}
{"obj": {"type": "LogStrings", "path": ["monitoring", "804f16c0", "stderr"], "values": [{"value": "  File \"/home/bimokhtari1/Documents/Image-Clustering-Based-on-Node-Edge-Duality-Message-Passing-Using-Graph-Attention-Networks/models/training/trainer.py\", line 164, in image_gat_mp_trainer\n", "step": null, "ts": 1714653955.23551}]}, "version": 147, "at": 1714653955.2355216}
{"obj": {"type": "LogStrings", "path": ["monitoring", "804f16c0", "stderr"], "values": [{"value": "", "step": null, "ts": 1714653955.2356768}]}, "version": 148, "at": 1714653955.2356884}
{"obj": {"type": "LogStrings", "path": ["monitoring", "804f16c0", "stderr"], "values": [{"value": "    ", "step": null, "ts": 1714653955.23575}]}, "version": 149, "at": 1714653955.2357605}
{"obj": {"type": "LogStrings", "path": ["monitoring", "804f16c0", "stderr"], "values": [{"value": "overall_loss.backward()", "step": null, "ts": 1714653955.235816}]}, "version": 150, "at": 1714653955.2358265}
{"obj": {"type": "LogStrings", "path": ["monitoring", "804f16c0", "stderr"], "values": [{"value": "\n", "step": null, "ts": 1714653955.2359579}]}, "version": 151, "at": 1714653955.2359693}
{"obj": {"type": "LogStrings", "path": ["monitoring", "804f16c0", "stderr"], "values": [{"value": "", "step": null, "ts": 1714653955.2360284}]}, "version": 152, "at": 1714653955.2360387}
{"obj": {"type": "LogStrings", "path": ["monitoring", "804f16c0", "stderr"], "values": [{"value": "  File \"/home/bimokhtari1/anaconda3/lib/python3.11/site-packages/torch/_tensor.py\", line 522, in backward\n", "step": null, "ts": 1714653955.2361457}]}, "version": 153, "at": 1714653955.2361567}
{"obj": {"type": "LogStrings", "path": ["monitoring", "804f16c0", "stderr"], "values": [{"value": "", "step": null, "ts": 1714653955.2363527}]}, "version": 154, "at": 1714653955.2363644}
{"obj": {"type": "LogStrings", "path": ["monitoring", "804f16c0", "stderr"], "values": [{"value": "    ", "step": null, "ts": 1714653955.2364254}]}, "version": 155, "at": 1714653955.236436}
{"obj": {"type": "LogStrings", "path": ["monitoring", "804f16c0", "stderr"], "values": [{"value": "torch.autograd.backward(", "step": null, "ts": 1714653955.236492}]}, "version": 156, "at": 1714653955.2365024}
{"obj": {"type": "LogStrings", "path": ["monitoring", "804f16c0", "stderr"], "values": [{"value": "\n", "step": null, "ts": 1714653955.2366164}]}, "version": 157, "at": 1714653955.236627}
{"obj": {"type": "LogStrings", "path": ["monitoring", "804f16c0", "stderr"], "values": [{"value": "", "step": null, "ts": 1714653955.2366898}]}, "version": 158, "at": 1714653955.2367}
{"obj": {"type": "LogStrings", "path": ["monitoring", "804f16c0", "stderr"], "values": [{"value": "  File \"/home/bimokhtari1/anaconda3/lib/python3.11/site-packages/torch/autograd/__init__.py\", line 266, in backward\n", "step": null, "ts": 1714653955.236807}]}, "version": 159, "at": 1714653955.2368183}
{"obj": {"type": "LogStrings", "path": ["monitoring", "804f16c0", "stderr"], "values": [{"value": "", "step": null, "ts": 1714653955.2369888}]}, "version": 160, "at": 1714653955.2370005}
{"obj": {"type": "LogStrings", "path": ["monitoring", "804f16c0", "stderr"], "values": [{"value": "    ", "step": null, "ts": 1714653955.237061}]}, "version": 161, "at": 1714653955.2370715}
{"obj": {"type": "LogStrings", "path": ["monitoring", "804f16c0", "stderr"], "values": [{"value": "Variable._execution_engine.run_backward(  # Calls into the C++ engine to run the backward pass", "step": null, "ts": 1714653955.2371275}]}, "version": 162, "at": 1714653955.2371373}
{"obj": {"type": "LogStrings", "path": ["monitoring", "804f16c0", "stderr"], "values": [{"value": "\n", "step": null, "ts": 1714653955.2372532}]}, "version": 163, "at": 1714653955.2372642}
{"obj": {"type": "LogStrings", "path": ["monitoring", "804f16c0", "stderr"], "values": [{"value": "", "step": null, "ts": 1714653955.2373228}]}, "version": 164, "at": 1714653955.2373328}
{"obj": {"type": "LogStrings", "path": ["monitoring", "804f16c0", "stderr"], "values": [{"value": "KeyboardInterrupt", "step": null, "ts": 1714653955.2373881}]}, "version": 165, "at": 1714653955.237398}
{"obj": {"type": "LogStrings", "path": ["monitoring", "804f16c0", "stderr"], "values": [{"value": "", "step": null, "ts": 1714653955.237452}]}, "version": 166, "at": 1714653955.2374618}
{"obj": {"type": "LogStrings", "path": ["monitoring", "804f16c0", "stderr"], "values": [{"value": "\n", "step": null, "ts": 1714653955.2376173}]}, "version": 167, "at": 1714653955.2376285}
{"obj": {"type": "LogStrings", "path": ["monitoring", "804f16c0", "stdout"], "values": [{"value": "[neptune] [info   ] Shutting down background jobs, please wait a moment...\n", "step": null, "ts": 1714653955.237954}]}, "version": 168, "at": 1714653955.2379668}
