{"obj": {"type": "AssignString", "path": ["monitoring", "c8bb4c35", "hostname"], "value": "f205pc13"}, "version": 1, "at": 1714653724.804127}
{"obj": {"type": "AssignString", "path": ["monitoring", "c8bb4c35", "pid"], "value": "20617"}, "version": 2, "at": 1714653724.8042924}
{"obj": {"type": "AssignString", "path": ["monitoring", "c8bb4c35", "tid"], "value": "140066286961024"}, "version": 3, "at": 1714653724.8043847}
{"obj": {"type": "ClearStringLog", "path": ["monitoring", "c8bb4c35", "stdout"]}, "version": 4, "at": 1714653724.8044739}
{"obj": {"type": "ClearStringLog", "path": ["monitoring", "c8bb4c35", "stderr"]}, "version": 5, "at": 1714653724.804548}
{"obj": {"type": "UploadFile", "path": ["source_code", "diff"], "ext": "patch", "file_path": null, "tmp_file_name": "source_code_diff-1714653724.847613-2024-05-02_14.42.04.847613.patch", "clean_after_upload": false}, "version": 6, "at": 1714653724.8477402}
{"obj": {"type": "LogStrings", "path": ["monitoring", "c8bb4c35", "stdout"], "values": [{"value": "[neptune] [warning] Info (NVML): NVML Shared Library Not Found. GPU usage metrics may not be reported. For more information, see https://docs.neptune.ai/help/nvml_error/\n", "step": null, "ts": 1714653724.8534305}]}, "version": 7, "at": 1714653724.8534672}
{"obj": {"type": "ConfigFloatSeries", "path": ["monitoring", "c8bb4c35", "cpu"], "min": 0.0, "max": 100.0, "unit": "%"}, "version": 8, "at": 1714653724.8540487}
{"obj": {"type": "ClearFloatLog", "path": ["monitoring", "c8bb4c35", "cpu"]}, "version": 9, "at": 1714653724.8541286}
{"obj": {"type": "ConfigFloatSeries", "path": ["monitoring", "c8bb4c35", "memory"], "min": 0.0, "max": 15.489364624023438, "unit": "GB"}, "version": 10, "at": 1714653724.8542242}
{"obj": {"type": "ClearFloatLog", "path": ["monitoring", "c8bb4c35", "memory"]}, "version": 11, "at": 1714653724.8542707}
{"obj": {"type": "LogFloats", "path": ["monitoring", "c8bb4c35", "cpu"], "values": [{"value": 41.1, "step": null, "ts": 1714653724.854472}]}, "version": 12, "at": 1714653724.8562381}
{"obj": {"type": "LogFloats", "path": ["monitoring", "c8bb4c35", "memory"], "values": [{"value": 5.450523376464844, "step": null, "ts": 1714653724.854472}]}, "version": 13, "at": 1714653724.8564856}
{"obj": {"type": "LogStrings", "path": ["monitoring", "c8bb4c35", "stderr"], "values": [{"value": "\rFetching file...: 0 [00:00, ?/s]", "step": null, "ts": 1714653725.006387}]}, "version": 14, "at": 1714653725.006505}
{"obj": {"type": "LogStrings", "path": ["monitoring", "c8bb4c35", "stderr"], "values": [{"value": "", "step": null, "ts": 1714653725.081329}]}, "version": 15, "at": 1714653725.0813658}
{"obj": {"type": "LogStrings", "path": ["monitoring", "c8bb4c35", "stderr"], "values": [{"value": "\rFetching file...: 100%|\u2588\u2588\u2588\u2588\u2588\u2588\u2588\u2588\u2588\u2588\u2588\u2588\u2588\u2588\u2588\u2588\u2588\u2588\u2588\u2588\u2588\u2588\u2588\u2588\u2588\u2588\u2588\u2588\u2588\u2588\u2588\u2588\u2588\u2588\u2588\u2588\u2588\u2588\u2588\u2588\u2588\u2588\u2588\u2588\u2588\u2588\u2588\u2588\u2588\u2588\u2588\u2588\u2588\u2588\u2588\u2588\u2588\u2588\u2588\u2588\u2588\u2588\u2588\u2588\u2588\u2588\u2588\u2588\u2588\u2588\u2588\u2588\u2588\u2588\u2588\u2588\u2588\u2588\u2588\u2588\u2588\u2588\u2588\u2588\u2588\u2588\u2588\u2588\u2588\u2588| 2900373/2900373 [00:00<00:00, 38639310.86/s]", "step": null, "ts": 1714653725.0816019}]}, "version": 16, "at": 1714653725.0816295}
{"obj": {"type": "LogStrings", "path": ["monitoring", "c8bb4c35", "stderr"], "values": [{"value": "\n", "step": null, "ts": 1714653725.0817437}]}, "version": 17, "at": 1714653725.081762}
{"obj": {"type": "LogStrings", "path": ["monitoring", "c8bb4c35", "stdout"], "values": [{"value": "\u001b[32mThe data is successfully fetched from Neptune.", "step": null, "ts": 1714653725.0850317}]}, "version": 18, "at": 1714653725.0850632}
{"obj": {"type": "LogStrings", "path": ["monitoring", "c8bb4c35", "stdout"], "values": [{"value": " ", "step": null, "ts": 1714653725.085353}]}, "version": 19, "at": 1714653725.085377}
{"obj": {"type": "LogStrings", "path": ["monitoring", "c8bb4c35", "stdout"], "values": [{"value": "\u001b[37m", "step": null, "ts": 1714653725.08565}]}, "version": 20, "at": 1714653725.085674}
{"obj": {"type": "LogStrings", "path": ["monitoring", "c8bb4c35", "stdout"], "values": [{"value": "\n", "step": null, "ts": 1714653725.0892987}]}, "version": 21, "at": 1714653725.0893254}
{"obj": {"type": "LogStrings", "path": ["monitoring", "c8bb4c35", "stdout"], "values": [{"value": "\u001b[32mThe data is successfully fetched from Neptune.", "step": null, "ts": 1714653725.180793}]}, "version": 22, "at": 1714653725.1808765}
{"obj": {"type": "LogStrings", "path": ["monitoring", "c8bb4c35", "stdout"], "values": [{"value": " ", "step": null, "ts": 1714653725.1826103}]}, "version": 23, "at": 1714653725.1827145}
{"obj": {"type": "LogStrings", "path": ["monitoring", "c8bb4c35", "stdout"], "values": [{"value": "\u001b[37m", "step": null, "ts": 1714653725.1832497}]}, "version": 24, "at": 1714653725.1833162}
{"obj": {"type": "LogStrings", "path": ["monitoring", "c8bb4c35", "stdout"], "values": [{"value": "\n", "step": null, "ts": 1714653725.1870472}]}, "version": 25, "at": 1714653725.187122}
{"obj": {"type": "LogStrings", "path": ["monitoring", "c8bb4c35", "stderr"], "values": [{"value": "\rFetching file...: 0 [00:00, ?/s]", "step": null, "ts": 1714653726.2154233}]}, "version": 26, "at": 1714653726.2155087}
{"obj": {"type": "LogStrings", "path": ["monitoring", "c8bb4c35", "stderr"], "values": [{"value": "\rFetching file...:   4%|\u2588\u2588\u2588\u258f                                                                                    | 4194304/117599540 [00:00<00:04, 25920759.29/s]", "step": null, "ts": 1714653726.378029}]}, "version": 27, "at": 1714653726.378117}
{"obj": {"type": "LogStrings", "path": ["monitoring", "c8bb4c35", "stderr"], "values": [{"value": "\rFetching file...:  11%|\u2588\u2588\u2588\u2588\u2588\u2588\u2588\u2588\u2588\u258e                                                                             | 12582912/117599540 [00:00<00:01, 52745104.47/s]", "step": null, "ts": 1714653726.4791038}]}, "version": 28, "at": 1714653726.4791403}
{"obj": {"type": "LogStrings", "path": ["monitoring", "c8bb4c35", "stderr"], "values": [{"value": "\rFetching file...:  21%|\u2588\u2588\u2588\u2588\u2588\u2588\u2588\u2588\u2588\u2588\u2588\u2588\u2588\u2588\u2588\u2588\u2588\u258a                                                                     | 24117248/117599540 [00:00<00:01, 76139125.70/s]", "step": null, "ts": 1714653726.584216}]}, "version": 29, "at": 1714653726.5842535}
{"obj": {"type": "LogStrings", "path": ["monitoring", "c8bb4c35", "stderr"], "values": [{"value": "\rFetching file...:  30%|\u2588\u2588\u2588\u2588\u2588\u2588\u2588\u2588\u2588\u2588\u2588\u2588\u2588\u2588\u2588\u2588\u2588\u2588\u2588\u2588\u2588\u2588\u2588\u2588\u2588\u2588\u258e                                                            | 35651584/117599540 [00:00<00:00, 89948964.07/s]", "step": null, "ts": 1714653726.684886}]}, "version": 30, "at": 1714653726.6849246}
{"obj": {"type": "LogStrings", "path": ["monitoring", "c8bb4c35", "stderr"], "values": [{"value": "\rFetching file...:  40%|\u2588\u2588\u2588\u2588\u2588\u2588\u2588\u2588\u2588\u2588\u2588\u2588\u2588\u2588\u2588\u2588\u2588\u2588\u2588\u2588\u2588\u2588\u2588\u2588\u2588\u2588\u2588\u2588\u2588\u2588\u2588\u2588\u2588\u2588\u2589                                                    | 47185920/117599540 [00:00<00:00, 97952264.31/s]", "step": null, "ts": 1714653726.7865934}]}, "version": 31, "at": 1714653726.7866225}
{"obj": {"type": "LogStrings", "path": ["monitoring", "c8bb4c35", "stderr"], "values": [{"value": "\rFetching file...:  49%|\u2588\u2588\u2588\u2588\u2588\u2588\u2588\u2588\u2588\u2588\u2588\u2588\u2588\u2588\u2588\u2588\u2588\u2588\u2588\u2588\u2588\u2588\u2588\u2588\u2588\u2588\u2588\u2588\u2588\u2588\u2588\u2588\u2588\u2588\u2588\u2588\u2588\u2588\u2588\u2588\u2588\u2588\u258f                                           | 57671680/117599540 [00:00<00:00, 100159508.11/s]", "step": null, "ts": 1714653726.8866596}]}, "version": 32, "at": 1714653726.88669}
{"obj": {"type": "LogStrings", "path": ["monitoring", "c8bb4c35", "stderr"], "values": [{"value": "\rFetching file...:  59%|\u2588\u2588\u2588\u2588\u2588\u2588\u2588\u2588\u2588\u2588\u2588\u2588\u2588\u2588\u2588\u2588\u2588\u2588\u2588\u2588\u2588\u2588\u2588\u2588\u2588\u2588\u2588\u2588\u2588\u2588\u2588\u2588\u2588\u2588\u2588\u2588\u2588\u2588\u2588\u2588\u2588\u2588\u2588\u2588\u2588\u2588\u2588\u2588\u2588\u2588\u258c                                   | 69206016/117599540 [00:00<00:00, 103975315.31/s]", "step": null, "ts": 1714653726.9914486}]}, "version": 33, "at": 1714653726.991532}
{"obj": {"type": "LogStrings", "path": ["monitoring", "c8bb4c35", "stderr"], "values": [{"value": "\rFetching file...:  69%|\u2588\u2588\u2588\u2588\u2588\u2588\u2588\u2588\u2588\u2588\u2588\u2588\u2588\u2588\u2588\u2588\u2588\u2588\u2588\u2588\u2588\u2588\u2588\u2588\u2588\u2588\u2588\u2588\u2588\u2588\u2588\u2588\u2588\u2588\u2588\u2588\u2588\u2588\u2588\u2588\u2588\u2588\u2588\u2588\u2588\u2588\u2588\u2588\u2588\u2588\u2588\u2588\u2588\u2588\u2588\u2588\u2588\u2588\u2588                           | 80740352/117599540 [00:00<00:00, 106757026.25/s]", "step": null, "ts": 1714653727.0921488}]}, "version": 34, "at": 1714653727.0921886}
{"obj": {"type": "LogStrings", "path": ["monitoring", "c8bb4c35", "stderr"], "values": [{"value": "\rFetching file...:  78%|\u2588\u2588\u2588\u2588\u2588\u2588\u2588\u2588\u2588\u2588\u2588\u2588\u2588\u2588\u2588\u2588\u2588\u2588\u2588\u2588\u2588\u2588\u2588\u2588\u2588\u2588\u2588\u2588\u2588\u2588\u2588\u2588\u2588\u2588\u2588\u2588\u2588\u2588\u2588\u2588\u2588\u2588\u2588\u2588\u2588\u2588\u2588\u2588\u2588\u2588\u2588\u2588\u2588\u2588\u2588\u2588\u2588\u2588\u2588\u2588\u2588\u2588\u2588\u2588\u2588\u2588\u2588\u258d                  | 92274688/117599540 [00:00<00:00, 108478364.73/s]", "step": null, "ts": 1714653727.194898}]}, "version": 35, "at": 1714653727.1949449}
{"obj": {"type": "LogStrings", "path": ["monitoring", "c8bb4c35", "stderr"], "values": [{"value": "\rFetching file...:  88%|\u2588\u2588\u2588\u2588\u2588\u2588\u2588\u2588\u2588\u2588\u2588\u2588\u2588\u2588\u2588\u2588\u2588\u2588\u2588\u2588\u2588\u2588\u2588\u2588\u2588\u2588\u2588\u2588\u2588\u2588\u2588\u2588\u2588\u2588\u2588\u2588\u2588\u2588\u2588\u2588\u2588\u2588\u2588\u2588\u2588\u2588\u2588\u2588\u2588\u2588\u2588\u2588\u2588\u2588\u2588\u2588\u2588\u2588\u2588\u2588\u2588\u2588\u2588\u2588\u2588\u2588\u2588\u2588\u2588\u2588\u2588\u2588\u2588\u2588\u2588          | 103809024/117599540 [00:01<00:00, 110050649.22/s]", "step": null, "ts": 1714653727.296301}]}, "version": 36, "at": 1714653727.2963438}
{"obj": {"type": "LogStrings", "path": ["monitoring", "c8bb4c35", "stderr"], "values": [{"value": "\rFetching file...:  98%|\u2588\u2588\u2588\u2588\u2588\u2588\u2588\u2588\u2588\u2588\u2588\u2588\u2588\u2588\u2588\u2588\u2588\u2588\u2588\u2588\u2588\u2588\u2588\u2588\u2588\u2588\u2588\u2588\u2588\u2588\u2588\u2588\u2588\u2588\u2588\u2588\u2588\u2588\u2588\u2588\u2588\u2588\u2588\u2588\u2588\u2588\u2588\u2588\u2588\u2588\u2588\u2588\u2588\u2588\u2588\u2588\u2588\u2588\u2588\u2588\u2588\u2588\u2588\u2588\u2588\u2588\u2588\u2588\u2588\u2588\u2588\u2588\u2588\u2588\u2588\u2588\u2588\u2588\u2588\u2588\u2588\u2588\u2588\u258e | 115343360/117599540 [00:01<00:00, 108576779.28/s]", "step": null, "ts": 1714653727.4057128}]}, "version": 37, "at": 1714653727.4057734}
{"obj": {"type": "LogStrings", "path": ["monitoring", "c8bb4c35", "stderr"], "values": [{"value": "", "step": null, "ts": 1714653727.646531}]}, "version": 38, "at": 1714653727.6465745}
{"obj": {"type": "LogStrings", "path": ["monitoring", "c8bb4c35", "stderr"], "values": [{"value": "\rFetching file...: 100%|\u2588\u2588\u2588\u2588\u2588\u2588\u2588\u2588\u2588\u2588\u2588\u2588\u2588\u2588\u2588\u2588\u2588\u2588\u2588\u2588\u2588\u2588\u2588\u2588\u2588\u2588\u2588\u2588\u2588\u2588\u2588\u2588\u2588\u2588\u2588\u2588\u2588\u2588\u2588\u2588\u2588\u2588\u2588\u2588\u2588\u2588\u2588\u2588\u2588\u2588\u2588\u2588\u2588\u2588\u2588\u2588\u2588\u2588\u2588\u2588\u2588\u2588\u2588\u2588\u2588\u2588\u2588\u2588\u2588\u2588\u2588\u2588\u2588\u2588\u2588\u2588\u2588\u2588\u2588\u2588\u2588\u2588\u2588\u2588\u2588\u2588| 117599540/117599540 [00:01<00:00, 82185463.23/s]", "step": null, "ts": 1714653727.6470144}]}, "version": 39, "at": 1714653727.6470528}
{"obj": {"type": "LogStrings", "path": ["monitoring", "c8bb4c35", "stderr"], "values": [{"value": "\n", "step": null, "ts": 1714653727.6474974}]}, "version": 40, "at": 1714653727.6475272}
{"obj": {"type": "LogStrings", "path": ["monitoring", "c8bb4c35", "stdout"], "values": [{"value": "-------------------------", "step": null, "ts": 1714653727.7354567}]}, "version": 41, "at": 1714653727.7355}
{"obj": {"type": "LogStrings", "path": ["monitoring", "c8bb4c35", "stdout"], "values": [{"value": " ", "step": null, "ts": 1714653727.7356234}]}, "version": 42, "at": 1714653727.7356448}
{"obj": {"type": "LogStrings", "path": ["monitoring", "c8bb4c35", "stdout"], "values": [{"value": "tensor(222494.2500, requires_grad=True)", "step": null, "ts": 1714653727.736457}]}, "version": 43, "at": 1714653727.7364762}
{"obj": {"type": "LogStrings", "path": ["monitoring", "c8bb4c35", "stdout"], "values": [{"value": "\n", "step": null, "ts": 1714653727.7367742}]}, "version": 44, "at": 1714653727.7367923}
{"obj": {"type": "LogStrings", "path": ["monitoring", "c8bb4c35", "stderr"], "values": [{"value": "\rTraining:   0%|                                                                                                                     | 0/100 [00:00<?, ?epoch/s]", "step": null, "ts": 1714653727.7372458}]}, "version": 45, "at": 1714653727.7372637}
{"obj": {"type": "LogFloats", "path": ["training", "losses", "Hidden Layer MSELoss (size = 4096)"], "values": [{"value": 845191.125, "step": null, "ts": 1714653731.4319406}]}, "version": 46, "at": 1714653731.4322476}
{"obj": {"type": "LogFloats", "path": ["training", "losses", "Hidden Layer MSELoss (size = 1024)"], "values": [{"value": 443582.625, "step": null, "ts": 1714653731.4323878}]}, "version": 47, "at": 1714653731.4324932}
{"obj": {"type": "LogFloats", "path": ["training", "losses", "Hidden Layer MSELoss (size = 512)"], "values": [{"value": 255483.25, "step": null, "ts": 1714653731.4325888}]}, "version": 48, "at": 1714653731.4326715}
{"obj": {"type": "LogFloats", "path": ["training", "losses", "Hidden Layer MSELoss (size = 256)"], "values": [{"value": 82570.8125, "step": null, "ts": 1714653731.4327507}]}, "version": 49, "at": 1714653731.4328387}
{"obj": {"type": "LogFloats", "path": ["training", "losses", "MSELoss"], "values": [{"value": 406706.9375, "step": null, "ts": 1714653731.432932}]}, "version": 50, "at": 1714653731.4330068}
{"obj": {"type": "LogStrings", "path": ["monitoring", "c8bb4c35", "stderr"], "values": [{"value": "\rTraining:   1%|\u2588                                                                                                            | 1/100 [00:03<06:05,  3.70s/epoch]", "step": null, "ts": 1714653731.433637}]}, "version": 51, "at": 1714653731.4336658}
{"obj": {"type": "LogFloats", "path": ["training", "losses", "Hidden Layer MSELoss (size = 4096)"], "values": [{"value": 836125.0625, "step": null, "ts": 1714653734.7310376}]}, "version": 52, "at": 1714653734.7311842}
{"obj": {"type": "LogFloats", "path": ["training", "losses", "Hidden Layer MSELoss (size = 1024)"], "values": [{"value": 413890.875, "step": null, "ts": 1714653734.7313304}]}, "version": 53, "at": 1714653734.731408}
{"obj": {"type": "LogFloats", "path": ["training", "losses", "Hidden Layer MSELoss (size = 512)"], "values": [{"value": 238561.265625, "step": null, "ts": 1714653734.7314837}]}, "version": 54, "at": 1714653734.7315605}
{"obj": {"type": "LogFloats", "path": ["training", "losses", "Hidden Layer MSELoss (size = 256)"], "values": [{"value": 83468.3984375, "step": null, "ts": 1714653734.7316303}]}, "version": 55, "at": 1714653734.7316947}
{"obj": {"type": "LogFloats", "path": ["training", "losses", "MSELoss"], "values": [{"value": 393011.40625, "step": null, "ts": 1714653734.731761}]}, "version": 56, "at": 1714653734.731821}
{"obj": {"type": "LogStrings", "path": ["monitoring", "c8bb4c35", "stderr"], "values": [{"value": "\rTraining:   2%|\u2588\u2588\u258f                                                                                                          | 2/100 [00:06<05:39,  3.46s/epoch]", "step": null, "ts": 1714653734.7322693}]}, "version": 57, "at": 1714653734.7322977}
{"obj": {"type": "LogFloats", "path": ["monitoring", "c8bb4c35", "cpu"], "values": [{"value": 80.3, "step": null, "ts": 1714653734.856749}]}, "version": 58, "at": 1714653734.8573465}
{"obj": {"type": "LogFloats", "path": ["monitoring", "c8bb4c35", "memory"], "values": [{"value": 7.046989440917969, "step": null, "ts": 1714653734.856749}]}, "version": 59, "at": 1714653734.8576875}
{"obj": {"type": "LogFloats", "path": ["training", "losses", "Hidden Layer MSELoss (size = 4096)"], "values": [{"value": 815471.875, "step": null, "ts": 1714653737.4221873}]}, "version": 60, "at": 1714653737.4223413}
{"obj": {"type": "LogFloats", "path": ["training", "losses", "Hidden Layer MSELoss (size = 1024)"], "values": [{"value": 372592.25, "step": null, "ts": 1714653737.4224777}]}, "version": 61, "at": 1714653737.4225647}
{"obj": {"type": "LogFloats", "path": ["training", "losses", "Hidden Layer MSELoss (size = 512)"], "values": [{"value": 191415.984375, "step": null, "ts": 1714653737.4226613}]}, "version": 62, "at": 1714653737.4227376}
{"obj": {"type": "LogFloats", "path": ["training", "losses", "Hidden Layer MSELoss (size = 256)"], "values": [{"value": 88930.71875, "step": null, "ts": 1714653737.4228194}]}, "version": 63, "at": 1714653737.4228938}
{"obj": {"type": "LogFloats", "path": ["training", "losses", "MSELoss"], "values": [{"value": 367102.71875, "step": null, "ts": 1714653737.4234056}]}, "version": 64, "at": 1714653737.423627}
{"obj": {"type": "LogStrings", "path": ["monitoring", "c8bb4c35", "stderr"], "values": [{"value": "\rTraining:   3%|\u2588\u2588\u2588\u258e                                                                                                         | 3/100 [00:09<05:01,  3.11s/epoch]", "step": null, "ts": 1714653737.4256537}]}, "version": 65, "at": 1714653737.4256911}
{"obj": {"type": "LogFloats", "path": ["training", "losses", "Hidden Layer MSELoss (size = 4096)"], "values": [{"value": 794063.875, "step": null, "ts": 1714653740.0612435}]}, "version": 66, "at": 1714653740.0613978}
{"obj": {"type": "LogFloats", "path": ["training", "losses", "Hidden Layer MSELoss (size = 1024)"], "values": [{"value": 342846.90625, "step": null, "ts": 1714653740.0615337}]}, "version": 67, "at": 1714653740.061615}
{"obj": {"type": "LogFloats", "path": ["training", "losses", "Hidden Layer MSELoss (size = 512)"], "values": [{"value": 142248.203125, "step": null, "ts": 1714653740.0616896}]}, "version": 68, "at": 1714653740.0617552}
{"obj": {"type": "LogFloats", "path": ["training", "losses", "Hidden Layer MSELoss (size = 256)"], "values": [{"value": 90386.0078125, "step": null, "ts": 1714653740.061823}]}, "version": 69, "at": 1714653740.061887}
{"obj": {"type": "LogFloats", "path": ["training", "losses", "MSELoss"], "values": [{"value": 342386.25, "step": null, "ts": 1714653740.0619538}]}, "version": 70, "at": 1714653740.0620136}
{"obj": {"type": "LogStrings", "path": ["monitoring", "c8bb4c35", "stderr"], "values": [{"value": "\rTraining:   4%|\u2588\u2588\u2588\u2588\u258e                                                                                                        | 4/100 [00:12<04:40,  2.92s/epoch]", "step": null, "ts": 1714653740.0626314}]}, "version": 71, "at": 1714653740.0626647}
{"obj": {"type": "LogStrings", "path": ["monitoring", "c8bb4c35", "stderr"], "values": [{"value": "", "step": null, "ts": 1714653743.214093}]}, "version": 72, "at": 1714653743.21412}
{"obj": {"type": "LogStrings", "path": ["monitoring", "c8bb4c35", "stderr"], "values": [{"value": "\rTraining:   4%|\u2588\u2588\u2588\u2588\u258e                                                                                                        | 4/100 [00:15<06:11,  3.87s/epoch]", "step": null, "ts": 1714653743.2143216}]}, "version": 73, "at": 1714653743.2143376}
{"obj": {"type": "LogStrings", "path": ["monitoring", "c8bb4c35", "stderr"], "values": [{"value": "\n", "step": null, "ts": 1714653743.2147484}]}, "version": 74, "at": 1714653743.2147634}
{"obj": {"type": "LogStrings", "path": ["monitoring", "c8bb4c35", "traceback"], "values": [{"value": "An uncaught exception occurred while run was active on worker f205pc13.", "step": null, "ts": 1714653743.2154622}, {"value": "Marking run as failed", "step": null, "ts": 1714653743.2154622}, {"value": "Traceback:", "step": null, "ts": 1714653743.2154622}, {"value": "  File \"/home/bimokhtari1/Documents/Image-Clustering-Based-on-Node-Edge-Duality-Message-Passing-Using-Graph-Attention-Networks/src/scripts/igmp_trainer.py\", line 32, in <module>\n    igmp_trainer(**config)\n", "step": null, "ts": 1714653743.2154622}, {"value": "  File \"/home/bimokhtari1/Documents/Image-Clustering-Based-on-Node-Edge-Duality-Message-Passing-Using-Graph-Attention-Networks/models/training/trainer.py\", line 164, in image_gat_mp_trainer\n    overall_loss.backward()\n", "step": null, "ts": 1714653743.2154622}, {"value": "  File \"/home/bimokhtari1/anaconda3/lib/python3.11/site-packages/torch/_tensor.py\", line 522, in backward\n    torch.autograd.backward(\n", "step": null, "ts": 1714653743.2154622}, {"value": "  File \"/home/bimokhtari1/anaconda3/lib/python3.11/site-packages/torch/autograd/__init__.py\", line 266, in backward\n    Variable._execution_engine.run_backward(  # Calls into the C++ engine to run the backward pass\n", "step": null, "ts": 1714653743.2154622}, {"value": "", "step": null, "ts": 1714653743.2154622}]}, "version": 75, "at": 1714653743.2154922}
{"obj": {"type": "AssignBool", "path": ["sys", "failed"], "value": true}, "version": 76, "at": 1714653743.2155964}
{"obj": {"type": "LogStrings", "path": ["monitoring", "c8bb4c35", "stderr"], "values": [{"value": "", "step": null, "ts": 1714653743.215693}]}, "version": 77, "at": 1714653743.2157066}
{"obj": {"type": "LogStrings", "path": ["monitoring", "c8bb4c35", "stderr"], "values": [{"value": "Traceback (most recent call last):\n", "step": null, "ts": 1714653743.2158544}]}, "version": 78, "at": 1714653743.2158678}
{"obj": {"type": "LogStrings", "path": ["monitoring", "c8bb4c35", "stderr"], "values": [{"value": "", "step": null, "ts": 1714653743.2159326}]}, "version": 79, "at": 1714653743.2159433}
{"obj": {"type": "LogStrings", "path": ["monitoring", "c8bb4c35", "stderr"], "values": [{"value": "  File \"/home/bimokhtari1/Documents/Image-Clustering-Based-on-Node-Edge-Duality-Message-Passing-Using-Graph-Attention-Networks/src/scripts/igmp_trainer.py\", line 32, in <module>\n", "step": null, "ts": 1714653743.216072}]}, "version": 80, "at": 1714653743.216084}
{"obj": {"type": "LogStrings", "path": ["monitoring", "c8bb4c35", "stderr"], "values": [{"value": "", "step": null, "ts": 1714653743.2162383}]}, "version": 81, "at": 1714653743.2162511}
{"obj": {"type": "LogStrings", "path": ["monitoring", "c8bb4c35", "stderr"], "values": [{"value": "    ", "step": null, "ts": 1714653743.2163167}]}, "version": 82, "at": 1714653743.2163274}
{"obj": {"type": "LogStrings", "path": ["monitoring", "c8bb4c35", "stderr"], "values": [{"value": "igmp_trainer(**config)", "step": null, "ts": 1714653743.2163854}]}, "version": 83, "at": 1714653743.2163963}
{"obj": {"type": "LogStrings", "path": ["monitoring", "c8bb4c35", "stderr"], "values": [{"value": "\n", "step": null, "ts": 1714653743.2165616}]}, "version": 84, "at": 1714653743.2165735}
{"obj": {"type": "LogStrings", "path": ["monitoring", "c8bb4c35", "stderr"], "values": [{"value": "", "step": null, "ts": 1714653743.2166352}]}, "version": 85, "at": 1714653743.2166455}
{"obj": {"type": "LogStrings", "path": ["monitoring", "c8bb4c35", "stderr"], "values": [{"value": "  File \"/home/bimokhtari1/Documents/Image-Clustering-Based-on-Node-Edge-Duality-Message-Passing-Using-Graph-Attention-Networks/models/training/trainer.py\", line 164, in image_gat_mp_trainer\n", "step": null, "ts": 1714653743.2167704}]}, "version": 86, "at": 1714653743.2167814}
{"obj": {"type": "LogStrings", "path": ["monitoring", "c8bb4c35", "stderr"], "values": [{"value": "", "step": null, "ts": 1714653743.2169375}]}, "version": 87, "at": 1714653743.2169492}
{"obj": {"type": "LogStrings", "path": ["monitoring", "c8bb4c35", "stderr"], "values": [{"value": "    ", "step": null, "ts": 1714653743.2170093}]}, "version": 88, "at": 1714653743.2170196}
{"obj": {"type": "LogStrings", "path": ["monitoring", "c8bb4c35", "stderr"], "values": [{"value": "overall_loss.backward()", "step": null, "ts": 1714653743.2170758}]}, "version": 89, "at": 1714653743.2170858}
{"obj": {"type": "LogStrings", "path": ["monitoring", "c8bb4c35", "stderr"], "values": [{"value": "\n", "step": null, "ts": 1714653743.217239}]}, "version": 90, "at": 1714653743.21725}
{"obj": {"type": "LogStrings", "path": ["monitoring", "c8bb4c35", "stderr"], "values": [{"value": "", "step": null, "ts": 1714653743.2173092}]}, "version": 91, "at": 1714653743.2173193}
{"obj": {"type": "LogStrings", "path": ["monitoring", "c8bb4c35", "stderr"], "values": [{"value": "  File \"/home/bimokhtari1/anaconda3/lib/python3.11/site-packages/torch/_tensor.py\", line 522, in backward\n", "step": null, "ts": 1714653743.2174447}]}, "version": 92, "at": 1714653743.2174556}
{"obj": {"type": "LogStrings", "path": ["monitoring", "c8bb4c35", "stderr"], "values": [{"value": "", "step": null, "ts": 1714653743.2176502}]}, "version": 93, "at": 1714653743.217662}
{"obj": {"type": "LogStrings", "path": ["monitoring", "c8bb4c35", "stderr"], "values": [{"value": "    ", "step": null, "ts": 1714653743.2177236}]}, "version": 94, "at": 1714653743.2177343}
{"obj": {"type": "LogStrings", "path": ["monitoring", "c8bb4c35", "stderr"], "values": [{"value": "torch.autograd.backward(", "step": null, "ts": 1714653743.2177918}]}, "version": 95, "at": 1714653743.217802}
{"obj": {"type": "LogStrings", "path": ["monitoring", "c8bb4c35", "stderr"], "values": [{"value": "\n", "step": null, "ts": 1714653743.2179346}]}, "version": 96, "at": 1714653743.2179456}
{"obj": {"type": "LogStrings", "path": ["monitoring", "c8bb4c35", "stderr"], "values": [{"value": "", "step": null, "ts": 1714653743.2180042}]}, "version": 97, "at": 1714653743.2180142}
{"obj": {"type": "LogStrings", "path": ["monitoring", "c8bb4c35", "stderr"], "values": [{"value": "  File \"/home/bimokhtari1/anaconda3/lib/python3.11/site-packages/torch/autograd/__init__.py\", line 266, in backward\n", "step": null, "ts": 1714653743.2181356}]}, "version": 98, "at": 1714653743.2181466}
{"obj": {"type": "LogStrings", "path": ["monitoring", "c8bb4c35", "stderr"], "values": [{"value": "", "step": null, "ts": 1714653743.218316}]}, "version": 99, "at": 1714653743.2183273}
{"obj": {"type": "LogStrings", "path": ["monitoring", "c8bb4c35", "stderr"], "values": [{"value": "    ", "step": null, "ts": 1714653743.218387}]}, "version": 100, "at": 1714653743.2183976}
{"obj": {"type": "LogStrings", "path": ["monitoring", "c8bb4c35", "stderr"], "values": [{"value": "Variable._execution_engine.run_backward(  # Calls into the C++ engine to run the backward pass", "step": null, "ts": 1714653743.2184546}]}, "version": 101, "at": 1714653743.2184646}
{"obj": {"type": "LogStrings", "path": ["monitoring", "c8bb4c35", "stderr"], "values": [{"value": "\n", "step": null, "ts": 1714653743.218597}]}, "version": 102, "at": 1714653743.2186077}
{"obj": {"type": "LogStrings", "path": ["monitoring", "c8bb4c35", "stderr"], "values": [{"value": "", "step": null, "ts": 1714653743.2186742}]}, "version": 103, "at": 1714653743.2186842}
{"obj": {"type": "LogStrings", "path": ["monitoring", "c8bb4c35", "stderr"], "values": [{"value": "KeyboardInterrupt", "step": null, "ts": 1714653743.2187395}]}, "version": 104, "at": 1714653743.2187493}
{"obj": {"type": "LogStrings", "path": ["monitoring", "c8bb4c35", "stderr"], "values": [{"value": "", "step": null, "ts": 1714653743.2188284}]}, "version": 105, "at": 1714653743.2188387}
{"obj": {"type": "LogStrings", "path": ["monitoring", "c8bb4c35", "stderr"], "values": [{"value": "\n", "step": null, "ts": 1714653743.2190015}]}, "version": 106, "at": 1714653743.2190135}
{"obj": {"type": "LogStrings", "path": ["monitoring", "c8bb4c35", "stdout"], "values": [{"value": "[neptune] [info   ] Shutting down background jobs, please wait a moment...\n", "step": null, "ts": 1714653743.2195303}]}, "version": 107, "at": 1714653743.219547}
