{"obj": {"type": "AssignString", "path": ["monitoring", "8386b0d3", "hostname"], "value": "pop-os"}, "version": 1, "at": 1714319187.1362102}
{"obj": {"type": "AssignString", "path": ["monitoring", "8386b0d3", "pid"], "value": "11648"}, "version": 2, "at": 1714319187.1367915}
{"obj": {"type": "AssignString", "path": ["monitoring", "8386b0d3", "tid"], "value": "138303083435072"}, "version": 3, "at": 1714319187.1369882}
{"obj": {"type": "ClearStringLog", "path": ["monitoring", "8386b0d3", "stdout"]}, "version": 4, "at": 1714319187.1371539}
{"obj": {"type": "ClearStringLog", "path": ["monitoring", "8386b0d3", "stderr"]}, "version": 5, "at": 1714319187.1372893}
{"obj": {"type": "ConfigFloatSeries", "path": ["monitoring", "8386b0d3", "cpu"], "min": 0.0, "max": 100.0, "unit": "%"}, "version": 6, "at": 1714319187.5463326}
{"obj": {"type": "ClearFloatLog", "path": ["monitoring", "8386b0d3", "cpu"]}, "version": 7, "at": 1714319187.5465808}
{"obj": {"type": "ConfigFloatSeries", "path": ["monitoring", "8386b0d3", "memory"], "min": 0.0, "max": 7.664970397949219, "unit": "GB"}, "version": 8, "at": 1714319187.546835}
{"obj": {"type": "ClearFloatLog", "path": ["monitoring", "8386b0d3", "memory"]}, "version": 9, "at": 1714319187.5469446}
{"obj": {"type": "LogStrings", "path": ["monitoring", "8386b0d3", "stdout"], "values": [{"value": "[neptune] [warning] Info (NVML): NVML Shared Library Not Found. GPU usage metrics may not be reported. For more information, see https://docs.neptune.ai/help/nvml_error/\n", "step": null, "ts": 1714319187.547273}]}, "version": 10, "at": 1714319187.5473318}
{"obj": {"type": "LogFloats", "path": ["monitoring", "8386b0d3", "cpu"], "values": [{"value": 32.4, "step": null, "ts": 1714319187.5476058}]}, "version": 11, "at": 1714319187.5481908}
{"obj": {"type": "LogFloats", "path": ["monitoring", "8386b0d3", "memory"], "values": [{"value": 5.600780487060547, "step": null, "ts": 1714319187.5476058}]}, "version": 12, "at": 1714319187.5485127}
{"obj": {"type": "LogFloats", "path": ["monitoring", "8386b0d3", "cpu"], "values": [{"value": 56.2, "step": null, "ts": 1714319197.5487509}]}, "version": 13, "at": 1714319197.5492804}
{"obj": {"type": "LogFloats", "path": ["monitoring", "8386b0d3", "memory"], "values": [{"value": 5.611904144287109, "step": null, "ts": 1714319197.5487509}]}, "version": 14, "at": 1714319197.5496273}
{"obj": {"type": "LogFloats", "path": ["monitoring", "8386b0d3", "cpu"], "values": [{"value": 46.3, "step": null, "ts": 1714319209.8620899}]}, "version": 15, "at": 1714319209.865794}
{"obj": {"type": "LogFloats", "path": ["monitoring", "8386b0d3", "memory"], "values": [{"value": 6.369457244873047, "step": null, "ts": 1714319209.8620899}]}, "version": 16, "at": 1714319209.8893485}
{"obj": {"type": "LogStrings", "path": ["monitoring", "8386b0d3", "stderr"], "values": [{"value": "\rModels: 0it [00:00, ?it/s]", "step": null, "ts": 1714319210.145507}]}, "version": 17, "at": 1714319210.1455657}
{"obj": {"type": "LogStrings", "path": ["monitoring", "8386b0d3", "stderr"], "values": [{"value": "\n", "step": null, "ts": 1714319210.1459}]}, "version": 18, "at": 1714319210.145938}
{"obj": {"type": "LogStrings", "path": ["monitoring", "8386b0d3", "stderr"], "values": [{"value": "\rData:   0%|                                                                                                                                  | 0/3 [00:00<?, ?it/s]", "step": null, "ts": 1714319210.1460853}]}, "version": 19, "at": 1714319210.1461115}
{"obj": {"type": "LogStrings", "path": ["monitoring", "8386b0d3", "stderr"], "values": [{"value": "\u001b[A", "step": null, "ts": 1714319210.1462364}]}, "version": 20, "at": 1714319210.1462607}
{"obj": {"type": "LogFloats", "path": ["monitoring", "8386b0d3", "cpu"], "values": [{"value": 34.5, "step": null, "ts": 1714319219.890014}]}, "version": 21, "at": 1714319219.8906388}
{"obj": {"type": "LogFloats", "path": ["monitoring", "8386b0d3", "memory"], "values": [{"value": 6.127017974853516, "step": null, "ts": 1714319219.890014}]}, "version": 22, "at": 1714319219.8916392}
{"obj": {"type": "LogFloats", "path": ["monitoring", "8386b0d3", "cpu"], "values": [{"value": 41.6, "step": null, "ts": 1714319229.8944583}]}, "version": 23, "at": 1714319229.8959823}
{"obj": {"type": "LogFloats", "path": ["monitoring", "8386b0d3", "memory"], "values": [{"value": 5.9594573974609375, "step": null, "ts": 1714319229.8944583}]}, "version": 24, "at": 1714319229.8964658}
