{"obj": {"type": "AssignString", "path": ["monitoring", "b6e1057c", "hostname"], "value": "pop-os"}, "version": 1, "at": 1714319748.1661358}
{"obj": {"type": "AssignString", "path": ["monitoring", "b6e1057c", "pid"], "value": "13069"}, "version": 2, "at": 1714319748.1665132}
{"obj": {"type": "AssignString", "path": ["monitoring", "b6e1057c", "tid"], "value": "123232999900224"}, "version": 3, "at": 1714319748.1666813}
{"obj": {"type": "ClearStringLog", "path": ["monitoring", "b6e1057c", "stdout"]}, "version": 4, "at": 1714319748.1668324}
{"obj": {"type": "ClearStringLog", "path": ["monitoring", "b6e1057c", "stderr"]}, "version": 5, "at": 1714319748.1669576}
{"obj": {"type": "UploadFile", "path": ["source_code", "diff"], "ext": "patch", "file_path": null, "tmp_file_name": "source_code_diff-1714319748.519057-2024-04-28_17.55.48.519057.patch", "clean_after_upload": false}, "version": 6, "at": 1714319748.519218}
{"obj": {"type": "ConfigFloatSeries", "path": ["monitoring", "b6e1057c", "cpu"], "min": 0.0, "max": 100.0, "unit": "%"}, "version": 7, "at": 1714319748.5288377}
{"obj": {"type": "ClearFloatLog", "path": ["monitoring", "b6e1057c", "cpu"]}, "version": 8, "at": 1714319748.5290267}
{"obj": {"type": "ConfigFloatSeries", "path": ["monitoring", "b6e1057c", "memory"], "min": 0.0, "max": 7.664970397949219, "unit": "GB"}, "version": 9, "at": 1714319748.5292866}
{"obj": {"type": "ClearFloatLog", "path": ["monitoring", "b6e1057c", "memory"]}, "version": 10, "at": 1714319748.5293882}
{"obj": {"type": "LogStrings", "path": ["monitoring", "b6e1057c", "stdout"], "values": [{"value": "[neptune] [warning] Info (NVML): NVML Shared Library Not Found. GPU usage metrics may not be reported. For more information, see https://docs.neptune.ai/help/nvml_error/\n", "step": null, "ts": 1714319748.5298436}]}, "version": 11, "at": 1714319748.5298998}
{"obj": {"type": "LogFloats", "path": ["monitoring", "b6e1057c", "cpu"], "values": [{"value": 23.6, "step": null, "ts": 1714319748.5301087}]}, "version": 12, "at": 1714319748.5306804}
{"obj": {"type": "LogFloats", "path": ["monitoring", "b6e1057c", "memory"], "values": [{"value": 4.611785888671875, "step": null, "ts": 1714319748.5301087}]}, "version": 13, "at": 1714319748.5309374}
{"obj": {"type": "LogFloats", "path": ["monitoring", "b6e1057c", "cpu"], "values": [{"value": 18.1, "step": null, "ts": 1714319763.104985}]}, "version": 14, "at": 1714319763.9432566}
{"obj": {"type": "LogFloats", "path": ["monitoring", "b6e1057c", "memory"], "values": [{"value": 5.857025146484375, "step": null, "ts": 1714319763.104985}]}, "version": 15, "at": 1714319764.0522225}
{"obj": {"type": "LogStrings", "path": ["monitoring", "b6e1057c", "stderr"], "values": [{"value": "\rModels: 0it [00:00, ?it/s]", "step": null, "ts": 1714319765.1297162}]}, "version": 16, "at": 1714319765.1297593}
{"obj": {"type": "LogStrings", "path": ["monitoring", "b6e1057c", "stderr"], "values": [{"value": "\n", "step": null, "ts": 1714319765.130322}]}, "version": 17, "at": 1714319765.1303525}
{"obj": {"type": "LogStrings", "path": ["monitoring", "b6e1057c", "stderr"], "values": [{"value": "\rData:   0%|                                                                                                                                  | 0/3 [00:00<?, ?it/s]", "step": null, "ts": 1714319765.1304781}]}, "version": 18, "at": 1714319765.1305017}
{"obj": {"type": "LogStrings", "path": ["monitoring", "b6e1057c", "stderr"], "values": [{"value": "\u001b[A", "step": null, "ts": 1714319765.1306021}]}, "version": 19, "at": 1714319765.1306236}
{"obj": {"type": "LogFloats", "path": ["monitoring", "b6e1057c", "cpu"], "values": [{"value": 22.0, "step": null, "ts": 1714319774.0532148}]}, "version": 20, "at": 1714319774.0538256}
{"obj": {"type": "LogFloats", "path": ["monitoring", "b6e1057c", "memory"], "values": [{"value": 5.685691833496094, "step": null, "ts": 1714319774.0532148}]}, "version": 21, "at": 1714319774.0541286}
{"obj": {"type": "LogFloats", "path": ["monitoring", "b6e1057c", "cpu"], "values": [{"value": 41.1, "step": null, "ts": 1714319784.0543654}]}, "version": 22, "at": 1714319784.05476}
{"obj": {"type": "LogFloats", "path": ["monitoring", "b6e1057c", "memory"], "values": [{"value": 5.491722106933594, "step": null, "ts": 1714319784.0543654}]}, "version": 23, "at": 1714319784.054973}
{"obj": {"type": "LogFloats", "path": ["monitoring", "b6e1057c", "cpu"], "values": [{"value": 38.3, "step": null, "ts": 1714319794.0551944}]}, "version": 24, "at": 1714319794.055794}
{"obj": {"type": "LogFloats", "path": ["monitoring", "b6e1057c", "memory"], "values": [{"value": 5.760639190673828, "step": null, "ts": 1714319794.0551944}]}, "version": 25, "at": 1714319794.0560703}
{"obj": {"type": "LogFloats", "path": ["monitoring", "b6e1057c", "cpu"], "values": [{"value": 69.1, "step": null, "ts": 1714319804.058414}]}, "version": 26, "at": 1714319804.0592742}
{"obj": {"type": "LogFloats", "path": ["monitoring", "b6e1057c", "memory"], "values": [{"value": 6.644641876220703, "step": null, "ts": 1714319804.058414}]}, "version": 27, "at": 1714319804.0596623}
{"obj": {"type": "LogFloats", "path": ["monitoring", "b6e1057c", "cpu"], "values": [{"value": 95.4, "step": null, "ts": 1714319814.076428}]}, "version": 28, "at": 1714319840.7541955}
{"obj": {"type": "LogFloats", "path": ["monitoring", "b6e1057c", "memory"], "values": [{"value": 7.664970397949219, "step": null, "ts": 1714319814.076428}]}, "version": 29, "at": 1714319843.687638}
{"obj": {"type": "LogFloats", "path": ["monitoring", "b6e1057c", "cpu"], "values": [{"value": 35.4, "step": null, "ts": 1714319855.066085}]}, "version": 30, "at": 1714319855.387647}
{"obj": {"type": "LogFloats", "path": ["monitoring", "b6e1057c", "memory"], "values": [{"value": 7.555316925048828, "step": null, "ts": 1714319855.066085}]}, "version": 31, "at": 1714319855.3878574}
{"obj": {"type": "LogFloats", "path": ["monitoring", "b6e1057c", "cpu"], "values": [{"value": 12.9, "step": null, "ts": 1714319865.3880603}]}, "version": 32, "at": 1714319865.3884752}
{"obj": {"type": "LogFloats", "path": ["monitoring", "b6e1057c", "memory"], "values": [{"value": 7.482933044433594, "step": null, "ts": 1714319865.3880603}]}, "version": 33, "at": 1714319865.388649}
