{"obj": {"type": "AssignString", "path": ["monitoring", "843de5f9", "hostname"], "value": "codespaces-520c13"}, "version": 1, "at": 1714316995.1167107}
{"obj": {"type": "AssignString", "path": ["monitoring", "843de5f9", "pid"], "value": "34206"}, "version": 2, "at": 1714316995.1169484}
{"obj": {"type": "AssignString", "path": ["monitoring", "843de5f9", "tid"], "value": "140231767011712"}, "version": 3, "at": 1714316995.1170864}
{"obj": {"type": "ClearStringLog", "path": ["monitoring", "843de5f9", "stdout"]}, "version": 4, "at": 1714316995.1172178}
{"obj": {"type": "ClearStringLog", "path": ["monitoring", "843de5f9", "stderr"]}, "version": 5, "at": 1714316995.1173353}
{"obj": {"type": "UploadFile", "path": ["source_code", "diff"], "ext": "patch", "file_path": null, "tmp_file_name": "source_code_diff-1714316995.374585-2024-04-28_15.09.55.374585.patch", "clean_after_upload": false}, "version": 6, "at": 1714316995.374851}
{"obj": {"type": "ConfigFloatSeries", "path": ["monitoring", "843de5f9", "cpu"], "min": 0.0, "max": 100.0, "unit": "%"}, "version": 7, "at": 1714316995.3834484}
{"obj": {"type": "ClearFloatLog", "path": ["monitoring", "843de5f9", "cpu"]}, "version": 8, "at": 1714316995.3838432}
{"obj": {"type": "ConfigFloatSeries", "path": ["monitoring", "843de5f9", "memory"], "min": 0.0, "max": 7.744113922119141, "unit": "GB"}, "version": 9, "at": 1714316995.3840516}
{"obj": {"type": "ClearFloatLog", "path": ["monitoring", "843de5f9", "memory"]}, "version": 10, "at": 1714316995.3841314}
{"obj": {"type": "LogStrings", "path": ["monitoring", "843de5f9", "stdout"], "values": [{"value": "[neptune] [warning] Info (NVML): NVML Shared Library Not Found. GPU usage metrics may not be reported. For more information, see https://docs.neptune.ai/help/nvml_error/\n", "step": null, "ts": 1714316995.3850307}]}, "version": 11, "at": 1714316995.3850625}
{"obj": {"type": "LogFloats", "path": ["monitoring", "843de5f9", "memory"], "values": [{"value": 3.7066307067871094, "step": null, "ts": 1714316995.3849602}]}, "version": 12, "at": 1714316995.3897595}
{"obj": {"type": "LogFloats", "path": ["monitoring", "843de5f9", "cpu"], "values": [{"value": 60.0, "step": null, "ts": 1714317005.71473}]}, "version": 13, "at": 1714317005.716442}
{"obj": {"type": "LogFloats", "path": ["monitoring", "843de5f9", "memory"], "values": [{"value": 5.240276336669922, "step": null, "ts": 1714317005.71473}]}, "version": 14, "at": 1714317005.7179356}
{"obj": {"type": "LogFloats", "path": ["monitoring", "843de5f9", "cpu"], "values": [{"value": 55.0, "step": null, "ts": 1714317017.2137961}]}, "version": 15, "at": 1714317017.6815994}
{"obj": {"type": "LogFloats", "path": ["monitoring", "843de5f9", "memory"], "values": [{"value": 6.260700225830078, "step": null, "ts": 1714317017.2137961}]}, "version": 16, "at": 1714317017.6818786}
{"obj": {"type": "LogStrings", "path": ["monitoring", "843de5f9", "stderr"], "values": [{"value": "\rModels: 0it [00:00, ?it/s]", "step": null, "ts": 1714317017.9602156}]}, "version": 17, "at": 1714317017.9602506}
{"obj": {"type": "LogStrings", "path": ["monitoring", "843de5f9", "stderr"], "values": [{"value": "\n", "step": null, "ts": 1714317017.988874}]}, "version": 18, "at": 1714317017.9889033}
{"obj": {"type": "LogStrings", "path": ["monitoring", "843de5f9", "stderr"], "values": [{"value": "\rData:   0%|                                                                                                                               | 0/3 [00:00<?, ?it/s]", "step": null, "ts": 1714317017.9890192}]}, "version": 19, "at": 1714317017.9890378}
{"obj": {"type": "LogStrings", "path": ["monitoring", "843de5f9", "stderr"], "values": [{"value": "\u001b[A", "step": null, "ts": 1714317017.9891267}]}, "version": 20, "at": 1714317017.9891422}
{"obj": {"type": "LogFloats", "path": ["monitoring", "843de5f9", "cpu"], "values": [{"value": 63.8, "step": null, "ts": 1714317027.6826148}]}, "version": 21, "at": 1714317027.6829464}
{"obj": {"type": "LogFloats", "path": ["monitoring", "843de5f9", "memory"], "values": [{"value": 6.299308776855469, "step": null, "ts": 1714317027.6826148}]}, "version": 22, "at": 1714317027.683137}
