{"obj": {"type": "AssignString", "path": ["monitoring", "8a6d7b82", "hostname"], "value": "f205pc13"}, "version": 1, "at": 1714649167.0994375}
{"obj": {"type": "AssignString", "path": ["monitoring", "8a6d7b82", "pid"], "value": "6417"}, "version": 2, "at": 1714649167.0996044}
{"obj": {"type": "AssignString", "path": ["monitoring", "8a6d7b82", "tid"], "value": "140717886914944"}, "version": 3, "at": 1714649167.0996995}
{"obj": {"type": "ClearStringLog", "path": ["monitoring", "8a6d7b82", "stdout"]}, "version": 4, "at": 1714649167.099791}
{"obj": {"type": "ClearStringLog", "path": ["monitoring", "8a6d7b82", "stderr"]}, "version": 5, "at": 1714649167.0998652}
{"obj": {"type": "UploadFile", "path": ["source_code", "diff"], "ext": "patch", "file_path": null, "tmp_file_name": "source_code_diff-1714649167.137738-2024-05-02_13.26.07.137738.patch", "clean_after_upload": false}, "version": 6, "at": 1714649167.1378465}
{"obj": {"type": "LogStrings", "path": ["monitoring", "8a6d7b82", "stdout"], "values": [{"value": "[neptune] [warning] Info (NVML): NVML Shared Library Not Found. GPU usage metrics may not be reported. For more information, see https://docs.neptune.ai/help/nvml_error/\n", "step": null, "ts": 1714649167.1438508}]}, "version": 7, "at": 1714649167.1438987}
{"obj": {"type": "ConfigFloatSeries", "path": ["monitoring", "8a6d7b82", "cpu"], "min": 0.0, "max": 100.0, "unit": "%"}, "version": 8, "at": 1714649167.1445174}
{"obj": {"type": "ClearFloatLog", "path": ["monitoring", "8a6d7b82", "cpu"]}, "version": 9, "at": 1714649167.1446354}
{"obj": {"type": "ConfigFloatSeries", "path": ["monitoring", "8a6d7b82", "memory"], "min": 0.0, "max": 15.489364624023438, "unit": "GB"}, "version": 10, "at": 1714649167.1447675}
{"obj": {"type": "ClearFloatLog", "path": ["monitoring", "8a6d7b82", "memory"]}, "version": 11, "at": 1714649167.1448226}
{"obj": {"type": "LogFloats", "path": ["monitoring", "8a6d7b82", "cpu"], "values": [{"value": 35.7, "step": null, "ts": 1714649167.1449823}]}, "version": 12, "at": 1714649167.1458242}
{"obj": {"type": "LogFloats", "path": ["monitoring", "8a6d7b82", "memory"], "values": [{"value": 4.827053070068359, "step": null, "ts": 1714649167.1449823}]}, "version": 13, "at": 1714649167.1469173}
{"obj": {"type": "LogStrings", "path": ["monitoring", "8a6d7b82", "stderr"], "values": [{"value": "\rFetching file...: 0 [00:00, ?/s]", "step": null, "ts": 1714649167.347418}]}, "version": 14, "at": 1714649167.3475153}
{"obj": {"type": "LogStrings", "path": ["monitoring", "8a6d7b82", "stderr"], "values": [{"value": "", "step": null, "ts": 1714649167.4183476}]}, "version": 15, "at": 1714649167.4183822}
{"obj": {"type": "LogStrings", "path": ["monitoring", "8a6d7b82", "stderr"], "values": [{"value": "\rFetching file...: 100%|\u2588\u2588\u2588\u2588\u2588\u2588\u2588\u2588\u2588\u2588\u2588\u2588\u2588\u2588\u2588\u2588\u2588\u2588\u2588\u2588\u2588\u2588\u2588\u2588\u2588\u2588\u2588\u2588\u2588\u2588\u2588\u2588\u2588\u2588\u2588\u2588\u2588\u2588\u2588\u2588\u2588\u2588\u2588\u2588\u2588\u2588\u2588\u2588\u2588\u2588\u2588\u2588\u2588\u2588\u2588\u2588\u2588\u2588\u2588\u2588\u2588\u2588\u2588\u2588\u2588\u2588\u2588\u2588\u2588\u2588\u2588\u2588\u2588\u2588\u2588\u2588\u2588\u2588\u2588\u2588\u2588\u2588\u2588\u2588\u2588\u2588\u2588\u2588\u2588\u2588| 2900373/2900373 [00:00<00:00, 40954097.50/s]", "step": null, "ts": 1714649167.418506}]}, "version": 16, "at": 1714649167.4185243}
{"obj": {"type": "LogStrings", "path": ["monitoring", "8a6d7b82", "stderr"], "values": [{"value": "\n", "step": null, "ts": 1714649167.4186234}]}, "version": 17, "at": 1714649167.4186509}
{"obj": {"type": "LogStrings", "path": ["monitoring", "8a6d7b82", "stdout"], "values": [{"value": "\u001b[32mThe data is successfully fetched from Neptune.", "step": null, "ts": 1714649167.4212158}]}, "version": 18, "at": 1714649167.4212437}
{"obj": {"type": "LogStrings", "path": ["monitoring", "8a6d7b82", "stdout"], "values": [{"value": " ", "step": null, "ts": 1714649167.4213507}]}, "version": 19, "at": 1714649167.4213684}
{"obj": {"type": "LogStrings", "path": ["monitoring", "8a6d7b82", "stdout"], "values": [{"value": "\u001b[37m", "step": null, "ts": 1714649167.4214478}]}, "version": 20, "at": 1714649167.4214647}
{"obj": {"type": "LogStrings", "path": ["monitoring", "8a6d7b82", "stdout"], "values": [{"value": "\n", "step": null, "ts": 1714649167.4215386}]}, "version": 21, "at": 1714649167.4215524}
{"obj": {"type": "LogStrings", "path": ["monitoring", "8a6d7b82", "stdout"], "values": [{"value": "\u001b[32mThe data is successfully fetched from Neptune.", "step": null, "ts": 1714649167.5225787}]}, "version": 22, "at": 1714649167.5226753}
{"obj": {"type": "LogStrings", "path": ["monitoring", "8a6d7b82", "stdout"], "values": [{"value": " ", "step": null, "ts": 1714649167.5230782}]}, "version": 23, "at": 1714649167.523134}
{"obj": {"type": "LogStrings", "path": ["monitoring", "8a6d7b82", "stdout"], "values": [{"value": "\u001b[37m", "step": null, "ts": 1714649167.524836}]}, "version": 24, "at": 1714649167.5249038}
{"obj": {"type": "LogStrings", "path": ["monitoring", "8a6d7b82", "stdout"], "values": [{"value": "\n", "step": null, "ts": 1714649167.5257416}]}, "version": 25, "at": 1714649167.5258067}
{"obj": {"type": "LogStrings", "path": ["monitoring", "8a6d7b82", "stderr"], "values": [{"value": "/home/bimokhtari1/anaconda3/lib/python3.11/site-packages/torch/nn/_reduction.py:42: UserWarning: size_average and reduce args will be deprecated, please use reduction='sum' instead.\n  warnings.warn(warning.format(ret))\n", "step": null, "ts": 1714649168.3244982}]}, "version": 26, "at": 1714649168.3245442}
{"obj": {"type": "LogFloats", "path": ["monitoring", "8a6d7b82", "cpu"], "values": [{"value": 12.3, "step": null, "ts": 1714649177.1474948}]}, "version": 27, "at": 1714649177.1484828}
{"obj": {"type": "LogFloats", "path": ["monitoring", "8a6d7b82", "memory"], "values": [{"value": 5.0521240234375, "step": null, "ts": 1714649177.1474948}]}, "version": 28, "at": 1714649177.148926}
{"obj": {"type": "LogFloats", "path": ["monitoring", "8a6d7b82", "cpu"], "values": [{"value": 10.8, "step": null, "ts": 1714649187.1495242}]}, "version": 29, "at": 1714649187.1504622}
{"obj": {"type": "LogFloats", "path": ["monitoring", "8a6d7b82", "memory"], "values": [{"value": 5.034526824951172, "step": null, "ts": 1714649187.1495242}]}, "version": 30, "at": 1714649187.1509752}
{"obj": {"type": "LogFloats", "path": ["monitoring", "8a6d7b82", "cpu"], "values": [{"value": 4.1, "step": null, "ts": 1714649197.151388}]}, "version": 31, "at": 1714649197.1523235}
{"obj": {"type": "LogFloats", "path": ["monitoring", "8a6d7b82", "memory"], "values": [{"value": 5.000415802001953, "step": null, "ts": 1714649197.151388}]}, "version": 32, "at": 1714649197.1527605}
{"obj": {"type": "LogFloats", "path": ["monitoring", "8a6d7b82", "cpu"], "values": [{"value": 13.9, "step": null, "ts": 1714649207.1531475}]}, "version": 33, "at": 1714649207.154049}
{"obj": {"type": "LogFloats", "path": ["monitoring", "8a6d7b82", "memory"], "values": [{"value": 5.0190277099609375, "step": null, "ts": 1714649207.1531475}]}, "version": 34, "at": 1714649207.1545722}
{"obj": {"type": "LogFloats", "path": ["monitoring", "8a6d7b82", "cpu"], "values": [{"value": 9.5, "step": null, "ts": 1714649217.155316}]}, "version": 35, "at": 1714649217.1562486}
{"obj": {"type": "LogFloats", "path": ["monitoring", "8a6d7b82", "memory"], "values": [{"value": 5.003261566162109, "step": null, "ts": 1714649217.155316}]}, "version": 36, "at": 1714649217.1566808}
{"obj": {"type": "LogFloats", "path": ["monitoring", "8a6d7b82", "cpu"], "values": [{"value": 5.7, "step": null, "ts": 1714649227.1570969}]}, "version": 37, "at": 1714649227.1574018}
{"obj": {"type": "LogFloats", "path": ["monitoring", "8a6d7b82", "memory"], "values": [{"value": 4.983787536621094, "step": null, "ts": 1714649227.1570969}]}, "version": 38, "at": 1714649227.1575317}
{"obj": {"type": "LogStrings", "path": ["monitoring", "8a6d7b82", "stdout"], "values": [{"value": "\u001b[31mThe checkpoint is not fetched from Neptune. Please check the namespace.\u001b[37m", "step": null, "ts": 1714649229.7848806}]}, "version": 39, "at": 1714649229.7849536}
{"obj": {"type": "LogStrings", "path": ["monitoring", "8a6d7b82", "stdout"], "values": [{"value": "\n", "step": null, "ts": 1714649229.7864766}]}, "version": 40, "at": 1714649229.7865474}
{"obj": {"type": "LogStrings", "path": ["monitoring", "8a6d7b82", "stderr"], "values": [{"value": "\rTraining:   0%|                                                                                                                     | 0/100 [00:00<?, ?epoch/s]", "step": null, "ts": 1714649229.8337882}]}, "version": 41, "at": 1714649229.8338456}
{"obj": {"type": "LogFloats", "path": ["training", "losses", "Hidden Layer MSELoss (size = 4096)"], "values": [{"value": 930566.6875, "step": 0, "ts": 1714649232.3587544}]}, "version": 42, "at": 1714649232.3590243}
{"obj": {"type": "LogFloats", "path": ["training", "losses", "Hidden Layer MSELoss (size = 1024)"], "values": [{"value": 364712.1875, "step": 0, "ts": 1714649232.3591633}]}, "version": 43, "at": 1714649232.359266}
{"obj": {"type": "LogFloats", "path": ["training", "losses", "Hidden Layer MSELoss (size = 512)"], "values": [{"value": 182826.8125, "step": 0, "ts": 1714649232.3593593}]}, "version": 44, "at": 1714649232.3594522}
{"obj": {"type": "LogFloats", "path": ["training", "losses", "Hidden Layer MSELoss (size = 256)"], "values": [{"value": 89885.9140625, "step": 0, "ts": 1714649232.3595302}]}, "version": 45, "at": 1714649232.3596163}
{"obj": {"type": "LogFloats", "path": ["training", "losses", "MSELoss"], "values": [{"value": 391997.90625, "step": 0, "ts": 1714649232.3596966}]}, "version": 46, "at": 1714649232.3597806}
{"obj": {"type": "UploadFile", "path": ["training", "checkpoints", "chkpt_epoch_0"], "ext": "pth", "file_path": "/tmp/tmp0s3y1xqd.pth", "tmp_file_name": null, "clean_after_upload": false}, "version": 47, "at": 1714649232.7060127}
{"obj": {"type": "LogStrings", "path": ["monitoring", "8a6d7b82", "stdout"], "values": [{"value": "\u001b[32mThe data are successfully loaded to Neptune.\u001b[37m", "step": null, "ts": 1714649232.7065196}]}, "version": 48, "at": 1714649232.706587}
{"obj": {"type": "LogStrings", "path": ["monitoring", "8a6d7b82", "stdout"], "values": [{"value": "\n", "step": null, "ts": 1714649232.707267}]}, "version": 49, "at": 1714649232.7073257}
{"obj": {"type": "LogStrings", "path": ["monitoring", "8a6d7b82", "stderr"], "values": [{"value": "\rTraining:   1%|\u2588                                                                                                            | 1/100 [00:02<04:44,  2.87s/epoch]", "step": null, "ts": 1714649232.7098198}]}, "version": 50, "at": 1714649232.7098846}
{"obj": {"type": "LogStrings", "path": ["monitoring", "8a6d7b82", "stdout"], "values": [{"value": "\u001b[32mThe checkpoint is successfully logged to Neptune.", "step": null, "ts": 1714649232.7107768}]}, "version": 51, "at": 1714649232.7108397}
{"obj": {"type": "LogStrings", "path": ["monitoring", "8a6d7b82", "stdout"], "values": [{"value": " ", "step": null, "ts": 1714649232.7111347}]}, "version": 52, "at": 1714649232.7111812}
{"obj": {"type": "LogStrings", "path": ["monitoring", "8a6d7b82", "stdout"], "values": [{"value": "\u001b[37m", "step": null, "ts": 1714649232.711409}]}, "version": 53, "at": 1714649232.7114508}
{"obj": {"type": "LogStrings", "path": ["monitoring", "8a6d7b82", "stdout"], "values": [{"value": "\n", "step": null, "ts": 1714649232.7116656}]}, "version": 54, "at": 1714649232.7117045}
{"obj": {"type": "LogFloats", "path": ["training", "losses", "Hidden Layer MSELoss (size = 4096)"], "values": [{"value": 913148.4375, "step": 1, "ts": 1714649235.060358}]}, "version": 55, "at": 1714649235.060514}
{"obj": {"type": "LogFloats", "path": ["training", "losses", "Hidden Layer MSELoss (size = 1024)"], "values": [{"value": 356581.0625, "step": 1, "ts": 1714649235.0606453}]}, "version": 56, "at": 1714649235.0607295}
{"obj": {"type": "LogFloats", "path": ["training", "losses", "Hidden Layer MSELoss (size = 512)"], "values": [{"value": 176487.9375, "step": 1, "ts": 1714649235.0608068}]}, "version": 57, "at": 1714649235.060892}
{"obj": {"type": "LogFloats", "path": ["training", "losses", "Hidden Layer MSELoss (size = 256)"], "values": [{"value": 87333.515625, "step": 1, "ts": 1714649235.0609636}]}, "version": 58, "at": 1714649235.0610335}
{"obj": {"type": "LogFloats", "path": ["training", "losses", "MSELoss"], "values": [{"value": 383387.75, "step": 1, "ts": 1714649235.0611036}]}, "version": 59, "at": 1714649235.0611725}
{"obj": {"type": "LogStrings", "path": ["monitoring", "8a6d7b82", "stderr"], "values": [{"value": "\rTraining:   2%|\u2588\u2588\u258f                                                                                                          | 2/100 [00:05<04:11,  2.57s/epoch]", "step": null, "ts": 1714649235.0618072}]}, "version": 60, "at": 1714649235.061835}
{"obj": {"type": "LogFloats", "path": ["monitoring", "8a6d7b82", "cpu"], "values": [{"value": 74.9, "step": null, "ts": 1714649237.1577306}]}, "version": 61, "at": 1714649237.1581202}
{"obj": {"type": "LogFloats", "path": ["monitoring", "8a6d7b82", "memory"], "values": [{"value": 6.691719055175781, "step": null, "ts": 1714649237.1577306}]}, "version": 62, "at": 1714649237.1582837}
{"obj": {"type": "LogStrings", "path": ["monitoring", "8a6d7b82", "stdout"], "values": [{"value": "[neptune] [error  ] Error occurred during asynchronous operation processing: X-coordinates (step) must be strictly increasing for series attribute: training/losses/Hidden Layer MSELoss (size = 4096). Invalid point: 0.0\n", "step": null, "ts": 1714649238.1062608}]}, "version": 63, "at": 1714649238.1063027}
{"obj": {"type": "LogStrings", "path": ["monitoring", "8a6d7b82", "stdout"], "values": [{"value": "[neptune] [error  ] Error occurred during asynchronous operation processing: X-coordinates (step) must be strictly increasing for series attribute: training/losses/MSELoss. Invalid point: 0.0\n", "step": null, "ts": 1714649238.1064765}]}, "version": 64, "at": 1714649238.1064973}
{"obj": {"type": "LogStrings", "path": ["monitoring", "8a6d7b82", "stdout"], "values": [{"value": "[neptune] [error  ] Error occurred during asynchronous operation processing: X-coordinates (step) must be strictly increasing for series attribute: training/losses/Hidden Layer MSELoss (size = 256). Invalid point: 0.0\n", "step": null, "ts": 1714649238.1065805}]}, "version": 65, "at": 1714649238.1065936}
{"obj": {"type": "LogStrings", "path": ["monitoring", "8a6d7b82", "stdout"], "values": [{"value": "[neptune] [error  ] Error occurred during asynchronous operation processing: X-coordinates (step) must be strictly increasing for series attribute: training/losses/Hidden Layer MSELoss (size = 512). Invalid point: 0.0\n", "step": null, "ts": 1714649238.1066928}]}, "version": 66, "at": 1714649238.1067064}
{"obj": {"type": "LogStrings", "path": ["monitoring", "8a6d7b82", "stdout"], "values": [{"value": "[neptune] [error  ] Error occurred during asynchronous operation processing: X-coordinates (step) must be strictly increasing for series attribute: training/losses/Hidden Layer MSELoss (size = 1024). Invalid point: 0.0\n", "step": null, "ts": 1714649238.106779}]}, "version": 67, "at": 1714649238.1067922}
{"obj": {"type": "LogFloats", "path": ["training", "losses", "Hidden Layer MSELoss (size = 4096)"], "values": [{"value": 866354.75, "step": 2, "ts": 1714649240.8337297}]}, "version": 68, "at": 1714649240.8338423}
{"obj": {"type": "LogFloats", "path": ["training", "losses", "Hidden Layer MSELoss (size = 1024)"], "values": [{"value": 322482.59375, "step": 2, "ts": 1714649240.8339417}]}, "version": 69, "at": 1714649240.834}
{"obj": {"type": "LogFloats", "path": ["training", "losses", "Hidden Layer MSELoss (size = 512)"], "values": [{"value": 162382.9375, "step": 2, "ts": 1714649240.8340518}]}, "version": 70, "at": 1714649240.8341002}
{"obj": {"type": "LogFloats", "path": ["training", "losses", "Hidden Layer MSELoss (size = 256)"], "values": [{"value": 82469.2109375, "step": 2, "ts": 1714649240.8341472}]}, "version": 71, "at": 1714649240.8341935}
{"obj": {"type": "LogFloats", "path": ["training", "losses", "MSELoss"], "values": [{"value": 358422.375, "step": 2, "ts": 1714649240.8342395}]}, "version": 72, "at": 1714649240.8342974}
{"obj": {"type": "LogStrings", "path": ["monitoring", "8a6d7b82", "stderr"], "values": [{"value": "\rTraining:   3%|\u2588\u2588\u2588\u258e                                                                                                         | 3/100 [00:11<06:31,  4.03s/epoch]", "step": null, "ts": 1714649240.8412528}]}, "version": 73, "at": 1714649240.8412824}
{"obj": {"type": "LogStrings", "path": ["monitoring", "8a6d7b82", "stdout"], "values": [{"value": "[neptune] [error  ] Error occurred during asynchronous operation processing: X-coordinates (step) must be strictly increasing for series attribute: training/losses/Hidden Layer MSELoss (size = 4096). Invalid point: 1.0\n", "step": null, "ts": 1714649243.2253308}]}, "version": 74, "at": 1714649243.2253537}
{"obj": {"type": "LogStrings", "path": ["monitoring", "8a6d7b82", "stdout"], "values": [{"value": "[neptune] [error  ] Error occurred during asynchronous operation processing: X-coordinates (step) must be strictly increasing for series attribute: training/losses/Hidden Layer MSELoss (size = 4096). Invalid point: 2.0\n", "step": null, "ts": 1714649243.2254407}]}, "version": 75, "at": 1714649243.225454}
{"obj": {"type": "LogStrings", "path": ["monitoring", "8a6d7b82", "stdout"], "values": [{"value": "[neptune] [error  ] Error occurred during asynchronous operation processing: X-coordinates (step) must be strictly increasing for series attribute: training/losses/Hidden Layer MSELoss (size = 512). Invalid point: 1.0\n", "step": null, "ts": 1714649243.2255201}]}, "version": 76, "at": 1714649243.2255328}
{"obj": {"type": "LogStrings", "path": ["monitoring", "8a6d7b82", "stdout"], "values": [{"value": "[neptune] [error  ] Error occurred during asynchronous operation processing: X-coordinates (step) must be strictly increasing for series attribute: training/losses/Hidden Layer MSELoss (size = 512). Invalid point: 2.0\n", "step": null, "ts": 1714649243.2255938}]}, "version": 77, "at": 1714649243.225605}
{"obj": {"type": "LogStrings", "path": ["monitoring", "8a6d7b82", "stdout"], "values": [{"value": "[neptune] [error  ] Error occurred during asynchronous operation processing: X-coordinates (step) must be strictly increasing for series attribute: training/losses/Hidden Layer MSELoss (size = 1024). Invalid point: 1.0\n", "step": null, "ts": 1714649243.2256637}]}, "version": 78, "at": 1714649243.225674}
{"obj": {"type": "LogStrings", "path": ["monitoring", "8a6d7b82", "stdout"], "values": [{"value": "[neptune] [error  ] Error occurred during asynchronous operation processing: X-coordinates (step) must be strictly increasing for series attribute: training/losses/Hidden Layer MSELoss (size = 1024). Invalid point: 2.0\n", "step": null, "ts": 1714649243.2257307}]}, "version": 79, "at": 1714649243.2257404}
{"obj": {"type": "LogStrings", "path": ["monitoring", "8a6d7b82", "stdout"], "values": [{"value": "[neptune] [error  ] Error occurred during asynchronous operation processing: X-coordinates (step) must be strictly increasing for series attribute: training/losses/Hidden Layer MSELoss (size = 256). Invalid point: 1.0\n", "step": null, "ts": 1714649243.2257965}]}, "version": 80, "at": 1714649243.2258062}
{"obj": {"type": "LogStrings", "path": ["monitoring", "8a6d7b82", "stdout"], "values": [{"value": "[neptune] [error  ] Error occurred during asynchronous operation processing: X-coordinates (step) must be strictly increasing for series attribute: training/losses/Hidden Layer MSELoss (size = 256). Invalid point: 2.0\n", "step": null, "ts": 1714649243.2258613}]}, "version": 81, "at": 1714649243.225871}
{"obj": {"type": "LogStrings", "path": ["monitoring", "8a6d7b82", "stdout"], "values": [{"value": "[neptune] [error  ] Error occurred during asynchronous operation processing: X-coordinates (step) must be strictly increasing for series attribute: training/losses/MSELoss. Invalid point: 1.0\n", "step": null, "ts": 1714649243.2259262}]}, "version": 82, "at": 1714649243.225936}
{"obj": {"type": "LogStrings", "path": ["monitoring", "8a6d7b82", "stdout"], "values": [{"value": "[neptune] [error  ] Error occurred during asynchronous operation processing: X-coordinates (step) must be strictly increasing for series attribute: training/losses/MSELoss. Invalid point: 2.0\n", "step": null, "ts": 1714649243.2259908}]}, "version": 83, "at": 1714649243.2260003}
{"obj": {"type": "LogFloats", "path": ["monitoring", "8a6d7b82", "cpu"], "values": [{"value": 99.9, "step": null, "ts": 1714649247.1584468}]}, "version": 84, "at": 1714649247.158771}
{"obj": {"type": "LogFloats", "path": ["monitoring", "8a6d7b82", "memory"], "values": [{"value": 7.575008392333984, "step": null, "ts": 1714649247.1584468}]}, "version": 85, "at": 1714649247.158905}
{"obj": {"type": "LogFloats", "path": ["training", "losses", "Hidden Layer MSELoss (size = 4096)"], "values": [{"value": 839538.25, "step": 3, "ts": 1714649248.6824827}]}, "version": 86, "at": 1714649248.6826146}
{"obj": {"type": "LogFloats", "path": ["training", "losses", "Hidden Layer MSELoss (size = 1024)"], "values": [{"value": 293442.4375, "step": 3, "ts": 1714649248.6827533}]}, "version": 87, "at": 1714649248.6828234}
{"obj": {"type": "LogFloats", "path": ["training", "losses", "Hidden Layer MSELoss (size = 512)"], "values": [{"value": 150864.25, "step": 3, "ts": 1714649248.6828878}]}, "version": 88, "at": 1714649248.6829476}
{"obj": {"type": "LogFloats", "path": ["training", "losses", "Hidden Layer MSELoss (size = 256)"], "values": [{"value": 80247.828125, "step": 3, "ts": 1714649248.683008}]}, "version": 89, "at": 1714649248.683066}
{"obj": {"type": "LogFloats", "path": ["training", "losses", "MSELoss"], "values": [{"value": 341023.21875, "step": 3, "ts": 1714649248.683125}]}, "version": 90, "at": 1714649248.6831808}
{"obj": {"type": "LogStrings", "path": ["monitoring", "8a6d7b82", "stderr"], "values": [{"value": "\rTraining:   4%|\u2588\u2588\u2588\u2588\u258e                                                                                                        | 4/100 [00:18<08:51,  5.54s/epoch]", "step": null, "ts": 1714649248.6836045}]}, "version": 91, "at": 1714649248.6836293}
{"obj": {"type": "LogFloats", "path": ["training", "losses", "Hidden Layer MSELoss (size = 4096)"], "values": [{"value": 823752.375, "step": 4, "ts": 1714649251.587237}]}, "version": 92, "at": 1714649251.5874438}
{"obj": {"type": "LogFloats", "path": ["training", "losses", "Hidden Layer MSELoss (size = 1024)"], "values": [{"value": 258673.4375, "step": 4, "ts": 1714649251.587637}]}, "version": 93, "at": 1714649251.5877464}
{"obj": {"type": "LogFloats", "path": ["training", "losses", "Hidden Layer MSELoss (size = 512)"], "values": [{"value": 139389.34375, "step": 4, "ts": 1714649251.587834}]}, "version": 94, "at": 1714649251.5879126}
{"obj": {"type": "LogFloats", "path": ["training", "losses", "Hidden Layer MSELoss (size = 256)"], "values": [{"value": 78309.625, "step": 4, "ts": 1714649251.5879896}]}, "version": 95, "at": 1714649251.588062}
{"obj": {"type": "LogFloats", "path": ["training", "losses", "MSELoss"], "values": [{"value": 325031.1875, "step": 4, "ts": 1714649251.588136}]}, "version": 96, "at": 1714649251.5882077}
{"obj": {"type": "LogStrings", "path": ["monitoring", "8a6d7b82", "stderr"], "values": [{"value": "\rTraining:   5%|\u2588\u2588\u2588\u2588\u2588\u258d                                                                                                       | 5/100 [00:21<07:15,  4.59s/epoch]", "step": null, "ts": 1714649251.5890532}]}, "version": 97, "at": 1714649251.5890925}
{"obj": {"type": "LogStrings", "path": ["monitoring", "8a6d7b82", "stdout"], "values": [{"value": "[neptune] [error  ] Error occurred during asynchronous operation processing: X-coordinates (step) must be strictly increasing for series attribute: training/losses/MSELoss. Invalid point: 3.0\n", "step": null, "ts": 1714649253.4275398}]}, "version": 98, "at": 1714649253.4275622}
{"obj": {"type": "LogStrings", "path": ["monitoring", "8a6d7b82", "stdout"], "values": [{"value": "[neptune] [error  ] Error occurred during asynchronous operation processing: X-coordinates (step) must be strictly increasing for series attribute: training/losses/MSELoss. Invalid point: 4.0\n", "step": null, "ts": 1714649253.4276617}]}, "version": 99, "at": 1714649253.4276748}
{"obj": {"type": "LogStrings", "path": ["monitoring", "8a6d7b82", "stdout"], "values": [{"value": "[neptune] [error  ] Error occurred during asynchronous operation processing: X-coordinates (step) must be strictly increasing for series attribute: training/losses/Hidden Layer MSELoss (size = 512). Invalid point: 3.0\n", "step": null, "ts": 1714649253.4277422}]}, "version": 100, "at": 1714649253.4277546}
{"obj": {"type": "LogStrings", "path": ["monitoring", "8a6d7b82", "stdout"], "values": [{"value": "[neptune] [error  ] Error occurred during asynchronous operation processing: X-coordinates (step) must be strictly increasing for series attribute: training/losses/Hidden Layer MSELoss (size = 512). Invalid point: 4.0\n", "step": null, "ts": 1714649253.4278202}]}, "version": 101, "at": 1714649253.4278321}
{"obj": {"type": "LogStrings", "path": ["monitoring", "8a6d7b82", "stdout"], "values": [{"value": "[neptune] [error  ] Error occurred during asynchronous operation processing: X-coordinates (step) must be strictly increasing for series attribute: training/losses/Hidden Layer MSELoss (size = 1024). Invalid point: 3.0\n", "step": null, "ts": 1714649253.4278944}]}, "version": 102, "at": 1714649253.4279058}
{"obj": {"type": "LogStrings", "path": ["monitoring", "8a6d7b82", "stdout"], "values": [{"value": "[neptune] [error  ] Error occurred during asynchronous operation processing: X-coordinates (step) must be strictly increasing for series attribute: training/losses/Hidden Layer MSELoss (size = 1024). Invalid point: 4.0\n", "step": null, "ts": 1714649253.427967}]}, "version": 103, "at": 1714649253.4279783}
{"obj": {"type": "LogStrings", "path": ["monitoring", "8a6d7b82", "stdout"], "values": [{"value": "[neptune] [error  ] Error occurred during asynchronous operation processing: X-coordinates (step) must be strictly increasing for series attribute: training/losses/Hidden Layer MSELoss (size = 4096). Invalid point: 3.0\n", "step": null, "ts": 1714649253.4280381}]}, "version": 104, "at": 1714649253.428049}
{"obj": {"type": "LogStrings", "path": ["monitoring", "8a6d7b82", "stdout"], "values": [{"value": "[neptune] [error  ] Error occurred during asynchronous operation processing: X-coordinates (step) must be strictly increasing for series attribute: training/losses/Hidden Layer MSELoss (size = 4096). Invalid point: 4.0\n", "step": null, "ts": 1714649253.4281085}]}, "version": 105, "at": 1714649253.4281197}
{"obj": {"type": "LogStrings", "path": ["monitoring", "8a6d7b82", "stdout"], "values": [{"value": "[neptune] [error  ] Error occurred during asynchronous operation processing: X-coordinates (step) must be strictly increasing for series attribute: training/losses/Hidden Layer MSELoss (size = 256). Invalid point: 3.0\n", "step": null, "ts": 1714649253.428178}]}, "version": 106, "at": 1714649253.4281886}
{"obj": {"type": "LogStrings", "path": ["monitoring", "8a6d7b82", "stdout"], "values": [{"value": "[neptune] [error  ] Error occurred during asynchronous operation processing: X-coordinates (step) must be strictly increasing for series attribute: training/losses/Hidden Layer MSELoss (size = 256). Invalid point: 4.0\n", "step": null, "ts": 1714649253.4282475}]}, "version": 107, "at": 1714649253.4282584}
{"obj": {"type": "LogFloats", "path": ["training", "losses", "Hidden Layer MSELoss (size = 4096)"], "values": [{"value": 815309.25, "step": 5, "ts": 1714649254.5648003}]}, "version": 108, "at": 1714649254.5649498}
{"obj": {"type": "LogFloats", "path": ["training", "losses", "Hidden Layer MSELoss (size = 1024)"], "values": [{"value": 224151.9375, "step": 5, "ts": 1714649254.565803}]}, "version": 109, "at": 1714649254.5658963}
{"obj": {"type": "LogFloats", "path": ["training", "losses", "Hidden Layer MSELoss (size = 512)"], "values": [{"value": 127798.1875, "step": 5, "ts": 1714649254.565977}]}, "version": 110, "at": 1714649254.56605}
{"obj": {"type": "LogFloats", "path": ["training", "losses", "Hidden Layer MSELoss (size = 256)"], "values": [{"value": 75729.3125, "step": 5, "ts": 1714649254.5661223}]}, "version": 111, "at": 1714649254.5661902}
{"obj": {"type": "LogFloats", "path": ["training", "losses", "MSELoss"], "values": [{"value": 310747.1875, "step": 5, "ts": 1714649254.5662582}]}, "version": 112, "at": 1714649254.5663242}
{"obj": {"type": "LogStrings", "path": ["monitoring", "8a6d7b82", "stderr"], "values": [{"value": "\rTraining:   6%|\u2588\u2588\u2588\u2588\u2588\u2588\u258c                                                                                                      | 6/100 [00:24<06:19,  4.04s/epoch]", "step": null, "ts": 1714649254.5670185}]}, "version": 113, "at": 1714649254.5670435}
{"obj": {"type": "LogFloats", "path": ["monitoring", "8a6d7b82", "cpu"], "values": [{"value": 99.8, "step": null, "ts": 1714649257.159053}]}, "version": 114, "at": 1714649257.159372}
{"obj": {"type": "LogFloats", "path": ["monitoring", "8a6d7b82", "memory"], "values": [{"value": 6.869823455810547, "step": null, "ts": 1714649257.159053}]}, "version": 115, "at": 1714649257.1595042}
{"obj": {"type": "LogFloats", "path": ["training", "losses", "Hidden Layer MSELoss (size = 4096)"], "values": [{"value": 809974.875, "step": 6, "ts": 1714649258.0368128}]}, "version": 116, "at": 1714649258.037007}
{"obj": {"type": "LogFloats", "path": ["training", "losses", "Hidden Layer MSELoss (size = 1024)"], "values": [{"value": 188734.109375, "step": 6, "ts": 1714649258.0371747}]}, "version": 117, "at": 1714649258.0372746}
{"obj": {"type": "LogFloats", "path": ["training", "losses", "Hidden Layer MSELoss (size = 512)"], "values": [{"value": 114186.7265625, "step": 6, "ts": 1714649258.0373573}]}, "version": 118, "at": 1714649258.0374336}
{"obj": {"type": "LogFloats", "path": ["training", "losses", "Hidden Layer MSELoss (size = 256)"], "values": [{"value": 72568.75, "step": 6, "ts": 1714649258.0375233}]}, "version": 119, "at": 1714649258.0375965}
{"obj": {"type": "LogFloats", "path": ["training", "losses", "MSELoss"], "values": [{"value": 296366.125, "step": 6, "ts": 1714649258.037667}]}, "version": 120, "at": 1714649258.037734}
{"obj": {"type": "LogStrings", "path": ["monitoring", "8a6d7b82", "stderr"], "values": [{"value": "\rTraining:   7%|\u2588\u2588\u2588\u2588\u2588\u2588\u2588\u258b                                                                                                     | 7/100 [00:28<05:58,  3.85s/epoch]", "step": null, "ts": 1714649258.0384486}]}, "version": 121, "at": 1714649258.038482}
{"obj": {"type": "LogStrings", "path": ["monitoring", "8a6d7b82", "stdout"], "values": [{"value": "[neptune] [error  ] Error occurred during asynchronous operation processing: X-coordinates (step) must be strictly increasing for series attribute: training/losses/MSELoss. Invalid point: 5.0\n", "step": null, "ts": 1714649258.5458553}]}, "version": 122, "at": 1714649258.545877}
{"obj": {"type": "LogStrings", "path": ["monitoring", "8a6d7b82", "stdout"], "values": [{"value": "[neptune] [error  ] Error occurred during asynchronous operation processing: X-coordinates (step) must be strictly increasing for series attribute: training/losses/MSELoss. Invalid point: 6.0\n", "step": null, "ts": 1714649258.5459628}]}, "version": 123, "at": 1714649258.5459754}
{"obj": {"type": "LogStrings", "path": ["monitoring", "8a6d7b82", "stdout"], "values": [{"value": "[neptune] [error  ] Error occurred during asynchronous operation processing: X-coordinates (step) must be strictly increasing for series attribute: training/losses/Hidden Layer MSELoss (size = 1024). Invalid point: 5.0\n", "step": null, "ts": 1714649258.5460408}]}, "version": 124, "at": 1714649258.5460525}
{"obj": {"type": "LogStrings", "path": ["monitoring", "8a6d7b82", "stdout"], "values": [{"value": "[neptune] [error  ] Error occurred during asynchronous operation processing: X-coordinates (step) must be strictly increasing for series attribute: training/losses/Hidden Layer MSELoss (size = 1024). Invalid point: 6.0\n", "step": null, "ts": 1714649258.5461135}]}, "version": 125, "at": 1714649258.5461245}
{"obj": {"type": "LogStrings", "path": ["monitoring", "8a6d7b82", "stdout"], "values": [{"value": "[neptune] [error  ] Error occurred during asynchronous operation processing: X-coordinates (step) must be strictly increasing for series attribute: training/losses/Hidden Layer MSELoss (size = 512). Invalid point: 5.0\n", "step": null, "ts": 1714649258.5461822}]}, "version": 126, "at": 1714649258.5461926}
{"obj": {"type": "LogStrings", "path": ["monitoring", "8a6d7b82", "stdout"], "values": [{"value": "[neptune] [error  ] Error occurred during asynchronous operation processing: X-coordinates (step) must be strictly increasing for series attribute: training/losses/Hidden Layer MSELoss (size = 512). Invalid point: 6.0\n", "step": null, "ts": 1714649258.5462487}]}, "version": 127, "at": 1714649258.5462587}
{"obj": {"type": "LogStrings", "path": ["monitoring", "8a6d7b82", "stdout"], "values": [{"value": "[neptune] [error  ] Error occurred during asynchronous operation processing: X-coordinates (step) must be strictly increasing for series attribute: training/losses/Hidden Layer MSELoss (size = 4096). Invalid point: 5.0\n", "step": null, "ts": 1714649258.5463152}]}, "version": 128, "at": 1714649258.5463252}
{"obj": {"type": "LogStrings", "path": ["monitoring", "8a6d7b82", "stdout"], "values": [{"value": "[neptune] [error  ] Error occurred during asynchronous operation processing: X-coordinates (step) must be strictly increasing for series attribute: training/losses/Hidden Layer MSELoss (size = 4096). Invalid point: 6.0\n", "step": null, "ts": 1714649258.5463817}]}, "version": 129, "at": 1714649258.5463915}
{"obj": {"type": "LogStrings", "path": ["monitoring", "8a6d7b82", "stdout"], "values": [{"value": "[neptune] [error  ] Error occurred during asynchronous operation processing: X-coordinates (step) must be strictly increasing for series attribute: training/losses/Hidden Layer MSELoss (size = 256). Invalid point: 5.0\n", "step": null, "ts": 1714649258.5464458}]}, "version": 130, "at": 1714649258.5464559}
{"obj": {"type": "LogStrings", "path": ["monitoring", "8a6d7b82", "stdout"], "values": [{"value": "[neptune] [error  ] Error occurred during asynchronous operation processing: X-coordinates (step) must be strictly increasing for series attribute: training/losses/Hidden Layer MSELoss (size = 256). Invalid point: 6.0\n", "step": null, "ts": 1714649258.54651}]}, "version": 131, "at": 1714649258.54652}
{"obj": {"type": "LogStrings", "path": ["monitoring", "8a6d7b82", "stderr"], "values": [{"value": "", "step": null, "ts": 1714649261.1730716}]}, "version": 132, "at": 1714649261.1731002}
{"obj": {"type": "LogStrings", "path": ["monitoring", "8a6d7b82", "stderr"], "values": [{"value": "\rTraining:   7%|\u2588\u2588\u2588\u2588\u2588\u2588\u2588\u258b                                                                                                     | 7/100 [00:31<06:56,  4.48s/epoch]", "step": null, "ts": 1714649261.1732793}]}, "version": 133, "at": 1714649261.173298}
{"obj": {"type": "LogStrings", "path": ["monitoring", "8a6d7b82", "stderr"], "values": [{"value": "\n", "step": null, "ts": 1714649261.1736624}]}, "version": 134, "at": 1714649261.1736872}
{"obj": {"type": "LogStrings", "path": ["monitoring", "8a6d7b82", "traceback"], "values": [{"value": "An uncaught exception occurred while run was active on worker f205pc13.", "step": null, "ts": 1714649261.1811566}, {"value": "Marking run as failed", "step": null, "ts": 1714649261.1811566}, {"value": "Traceback:", "step": null, "ts": 1714649261.1811566}, {"value": "  File \"/home/bimokhtari1/Documents/Image-Clustering-Based-on-Node-Edge-Duality-Message-Passing-Using-Graph-Attention-Networks/src/scripts/igmp_trainer.py\", line 36, in <module>\n    asyncio.run(main())\n", "step": null, "ts": 1714649261.1811566}, {"value": "  File \"/home/bimokhtari1/anaconda3/lib/python3.11/asyncio/runners.py\", line 190, in run\n    return runner.run(main)\n           ^^^^^^^^^^^^^^^^\n", "step": null, "ts": 1714649261.1811566}, {"value": "  File \"/home/bimokhtari1/anaconda3/lib/python3.11/asyncio/runners.py\", line 118, in run\n    return self._loop.run_until_complete(task)\n           ^^^^^^^^^^^^^^^^^^^^^^^^^^^^^^^^^^^\n", "step": null, "ts": 1714649261.1811566}, {"value": "  File \"/home/bimokhtari1/anaconda3/lib/python3.11/asyncio/base_events.py\", line 640, in run_until_complete\n    self.run_forever()\n", "step": null, "ts": 1714649261.1811566}, {"value": "  File \"/home/bimokhtari1/anaconda3/lib/python3.11/asyncio/base_events.py\", line 607, in run_forever\n    self._run_once()\n", "step": null, "ts": 1714649261.1811566}, {"value": "  File \"/home/bimokhtari1/anaconda3/lib/python3.11/asyncio/base_events.py\", line 1922, in _run_once\n    handle._run()\n", "step": null, "ts": 1714649261.1811566}, {"value": "  File \"/home/bimokhtari1/anaconda3/lib/python3.11/asyncio/events.py\", line 80, in _run\n    self._context.run(self._callback, *self._args)\n", "step": null, "ts": 1714649261.1811566}]}, "version": 135, "at": 1714649261.1811965}
{"obj": {"type": "LogStrings", "path": ["monitoring", "8a6d7b82", "traceback"], "values": [{"value": "  File \"/home/bimokhtari1/Documents/Image-Clustering-Based-on-Node-Edge-Duality-Message-Passing-Using-Graph-Attention-Networks/src/scripts/igmp_trainer.py\", line 33, in main\n    await igmp_trainer(**config)\n", "step": null, "ts": 1714649261.1811566}, {"value": "  File \"/home/bimokhtari1/Documents/Image-Clustering-Based-on-Node-Edge-Duality-Message-Passing-Using-Graph-Attention-Networks/models/training/trainer.py\", line 153, in image_gat_mp_trainer\n    overall_loss.backward()\n", "step": null, "ts": 1714649261.1811566}, {"value": "  File \"/home/bimokhtari1/anaconda3/lib/python3.11/site-packages/torch/_tensor.py\", line 522, in backward\n    torch.autograd.backward(\n", "step": null, "ts": 1714649261.1811566}, {"value": "  File \"/home/bimokhtari1/anaconda3/lib/python3.11/site-packages/torch/autograd/__init__.py\", line 266, in backward\n    Variable._execution_engine.run_backward(  # Calls into the C++ engine to run the backward pass\n", "step": null, "ts": 1714649261.1811566}, {"value": "  File \"/home/bimokhtari1/anaconda3/lib/python3.11/asyncio/runners.py\", line 157, in _on_sigint\n    raise KeyboardInterrupt()\n", "step": null, "ts": 1714649261.1811566}, {"value": "", "step": null, "ts": 1714649261.1811566}]}, "version": 136, "at": 1714649261.1813073}
{"obj": {"type": "AssignBool", "path": ["sys", "failed"], "value": true}, "version": 137, "at": 1714649261.181396}
{"obj": {"type": "LogStrings", "path": ["monitoring", "8a6d7b82", "stderr"], "values": [{"value": "", "step": null, "ts": 1714649261.1815047}]}, "version": 138, "at": 1714649261.181524}
{"obj": {"type": "LogStrings", "path": ["monitoring", "8a6d7b82", "stdout"], "values": [{"value": "[neptune] [info   ] Shutting down background jobs, please wait a moment...\n", "step": null, "ts": 1714649261.190818}]}, "version": 139, "at": 1714649261.1908867}
