{"obj": {"type": "AssignString", "path": ["monitoring", "a5f40b64", "hostname"], "value": "codespaces-520c13"}, "version": 1, "at": 1714318964.3590302}
{"obj": {"type": "AssignString", "path": ["monitoring", "a5f40b64", "pid"], "value": "49470"}, "version": 2, "at": 1714318964.3596308}
{"obj": {"type": "AssignString", "path": ["monitoring", "a5f40b64", "tid"], "value": "140404213674368"}, "version": 3, "at": 1714318964.3600914}
{"obj": {"type": "ClearStringLog", "path": ["monitoring", "a5f40b64", "stdout"]}, "version": 4, "at": 1714318964.360589}
{"obj": {"type": "ClearStringLog", "path": ["monitoring", "a5f40b64", "stderr"]}, "version": 5, "at": 1714318964.3610675}
{"obj": {"type": "UploadFile", "path": ["source_code", "diff"], "ext": "patch", "file_path": null, "tmp_file_name": "source_code_diff-1714318964.602307-2024-04-28_15.42.44.602307.patch", "clean_after_upload": false}, "version": 6, "at": 1714318964.6025026}
{"obj": {"type": "ConfigFloatSeries", "path": ["monitoring", "a5f40b64", "cpu"], "min": 0.0, "max": 100.0, "unit": "%"}, "version": 7, "at": 1714318964.6109245}
{"obj": {"type": "ClearFloatLog", "path": ["monitoring", "a5f40b64", "cpu"]}, "version": 8, "at": 1714318964.6110392}
{"obj": {"type": "ConfigFloatSeries", "path": ["monitoring", "a5f40b64", "memory"], "min": 0.0, "max": 7.744113922119141, "unit": "GB"}, "version": 9, "at": 1714318964.6111763}
{"obj": {"type": "ClearFloatLog", "path": ["monitoring", "a5f40b64", "memory"]}, "version": 10, "at": 1714318964.611254}
{"obj": {"type": "LogStrings", "path": ["monitoring", "a5f40b64", "stdout"], "values": [{"value": "[neptune] [warning] Info (NVML): NVML Shared Library Not Found. GPU usage metrics may not be reported. For more information, see https://docs.neptune.ai/help/nvml_error/\n", "step": null, "ts": 1714318964.6118104}]}, "version": 11, "at": 1714318964.6118486}
{"obj": {"type": "LogFloats", "path": ["monitoring", "a5f40b64", "memory"], "values": [{"value": 4.955028533935547, "step": null, "ts": 1714318964.612004}]}, "version": 12, "at": 1714318964.6123595}
{"obj": {"type": "LogFloats", "path": ["monitoring", "a5f40b64", "cpu"], "values": [{"value": 61.3, "step": null, "ts": 1714318976.5822577}]}, "version": 13, "at": 1714318976.6042764}
{"obj": {"type": "LogFloats", "path": ["monitoring", "a5f40b64", "memory"], "values": [{"value": 6.299751281738281, "step": null, "ts": 1714318976.5822577}]}, "version": 14, "at": 1714318977.2035391}
{"obj": {"type": "LogStrings", "path": ["monitoring", "a5f40b64", "stderr"], "values": [{"value": "\rModels: 0it [00:00, ?it/s]", "step": null, "ts": 1714318977.5656357}]}, "version": 15, "at": 1714318977.565684}
{"obj": {"type": "LogStrings", "path": ["monitoring", "a5f40b64", "stderr"], "values": [{"value": "\n", "step": null, "ts": 1714318977.6210423}]}, "version": 16, "at": 1714318977.6210775}
{"obj": {"type": "LogStrings", "path": ["monitoring", "a5f40b64", "stderr"], "values": [{"value": "\rData:   0%|                                                                                                                               | 0/3 [00:00<?, ?it/s]", "step": null, "ts": 1714318977.621721}]}, "version": 17, "at": 1714318977.6217587}
{"obj": {"type": "LogStrings", "path": ["monitoring", "a5f40b64", "stderr"], "values": [{"value": "\u001b[A", "step": null, "ts": 1714318977.6221182}]}, "version": 18, "at": 1714318977.6221383}
{"obj": {"type": "LogFloats", "path": ["monitoring", "a5f40b64", "cpu"], "values": [{"value": 58.0, "step": null, "ts": 1714318987.2037477}]}, "version": 19, "at": 1714318987.20419}
{"obj": {"type": "LogFloats", "path": ["monitoring", "a5f40b64", "memory"], "values": [{"value": 6.167118072509766, "step": null, "ts": 1714318987.2037477}]}, "version": 20, "at": 1714318987.2044036}
